0	10:13:26.146	Script tester US100Cash,H1: loaded successfully
0	10:13:26.162	tester US100Cash,H1: initialized
0	10:13:26.162	tester US100Cash,H1: Alert: 1
0	10:13:26.162	tester US100Cash,H1: Alert: 100
0	10:13:26.162	tester US100Cash,H1: Bearish Reset - RSI is now Bullish. New RSI is51.4901
0	10:13:26.162	tester US100Cash,H1: Bearish Reset - RSI is now Bullish. New RSI is51.9526
0	10:13:26.162	tester US100Cash,H1: Bearish Reset - RSI is now Bullish. New RSI is57.6207
0	10:13:26.162	tester US100Cash,H1: Bearish Reset - RSI is now Bullish. New RSI is58.169
0	10:13:26.162	tester US100Cash,H1: Bearish Reset - RSI is now Bullish. New RSI is57.2587
0	10:13:26.162	tester US100Cash,H1: Bearish Reset - RSI is now Bullish. New RSI is57.6199
0	10:13:26.162	tester US100Cash,H1: Bearish Reset - RSI is now Bullish. New RSI is55.7688
0	10:13:26.162	tester US100Cash,H1: Bearish Reset - RSI is now Bullish. New RSI is50.3792
0	10:13:26.162	tester US100Cash,H1: Bearish Reset - RSI is now Bullish. New RSI is52.5108
0	10:13:26.162	tester US100Cash,H1: Bearish Reset - RSI is now Bullish. New RSI is53.6509
0	10:13:26.162	tester US100Cash,H1: Bearish Reset - RSI is now Bullish. New RSI is50.4588
0	10:13:26.162	tester US100Cash,H1: Bearish Reset - RSI is now Bullish. New RSI is51.6713
0	10:13:26.162	tester US100Cash,H1: Bearish Reset - RSI is now Bullish. New RSI is53.563
0	10:13:26.162	tester US100Cash,H1: Bearish Reset - RSI is now Bullish. New RSI is56.3244
0	10:13:26.162	tester US100Cash,H1: Bearish Reset - RSI is now Bullish. New RSI is56.1573
0	10:13:26.162	tester US100Cash,H1: Bearish Reset - RSI is now Bullish. New RSI is60.2035
0	10:13:26.162	tester US100Cash,H1: Bearish Reset - RSI is now Bullish. New RSI is54.5429
0	10:13:26.162	tester US100Cash,H1: Bearish Reset - RSI is now Bullish. New RSI is50.3666
0	10:13:26.162	tester US100Cash,H1: Bearish Reset - RSI is now Bullish. New RSI is53.6876
0	10:13:26.162	tester US100Cash,H1: Bearish Reset - RSI is now Bullish. New RSI is51.2901
0	10:13:26.162	tester US100Cash,H1: Bearish Reset - RSI is now Bullish. New RSI is51.0732
0	10:13:26.162	tester US100Cash,H1: Bearish Reset - RSI is now Bullish. New RSI is51.6372
0	10:13:26.162	tester US100Cash,H1: Bearish Reset - RSI is now Bullish. New RSI is59.6477
0	10:13:26.162	tester US100Cash,H1: Bearish Reset - RSI is now Bullish. New RSI is69.8494
0	10:13:26.162	tester US100Cash,H1: Bearish Reset - RSI is now Bullish. New RSI is55.6467
0	10:13:26.162	tester US100Cash,H1: Bearish Reset - RSI is now Bullish. New RSI is50.5244
0	10:13:26.162	tester US100Cash,H1: uninit reason 0
0	10:13:26.165	Script tester US100Cash,H1: removed
0	10:14:32.578	Script tester US100Cash,H1: loaded successfully
0	10:14:32.594	tester US100Cash,H1: initialized
0	10:14:32.594	tester US100Cash,H1: Alert: 1
0	10:14:32.594	tester US100Cash,H1: Alert: 100
0	10:14:32.594	tester US100Cash,H1: 0
0	10:14:32.594	tester US100Cash,H1: 49.7475
0	10:14:32.594	tester US100Cash,H1: 42.0361
0	10:14:32.594	tester US100Cash,H1: 42.9941
0	10:14:32.594	tester US100Cash,H1: 46.4155
0	10:14:32.594	tester US100Cash,H1: 47.8663
0	10:14:32.594	tester US100Cash,H1: 51.4901
0	10:14:32.594	tester US100Cash,H1: Bearish Reset - RSI is now Bullish. New RSI is51.4901
0	10:14:32.594	tester US100Cash,H1: 51.9526
0	10:14:32.594	tester US100Cash,H1: Bearish Reset - RSI is now Bullish. New RSI is51.9526
0	10:14:32.594	tester US100Cash,H1: 57.6207
0	10:14:32.594	tester US100Cash,H1: Bearish Reset - RSI is now Bullish. New RSI is57.6207
0	10:14:32.594	tester US100Cash,H1: 58.169
0	10:14:32.594	tester US100Cash,H1: Bearish Reset - RSI is now Bullish. New RSI is58.169
0	10:14:32.594	tester US100Cash,H1: 57.2587
0	10:14:32.594	tester US100Cash,H1: Bearish Reset - RSI is now Bullish. New RSI is57.2587
0	10:14:32.594	tester US100Cash,H1: 57.6199
0	10:14:32.594	tester US100Cash,H1: Bearish Reset - RSI is now Bullish. New RSI is57.6199
0	10:14:32.594	tester US100Cash,H1: 55.7688
0	10:14:32.594	tester US100Cash,H1: Bearish Reset - RSI is now Bullish. New RSI is55.7688
0	10:14:32.594	tester US100Cash,H1: 45.986
0	10:14:32.594	tester US100Cash,H1: 48.6089
0	10:14:32.594	tester US100Cash,H1: 46.9885
0	10:14:32.594	tester US100Cash,H1: 48.721
0	10:14:32.594	tester US100Cash,H1: 43.3586
0	10:14:32.594	tester US100Cash,H1: 42.7102
0	10:14:32.594	tester US100Cash,H1: 49.247
0	10:14:32.594	tester US100Cash,H1: 48.1879
0	10:14:32.594	tester US100Cash,H1: 45.9614
0	10:14:32.594	tester US100Cash,H1: 43.304
0	10:14:32.594	tester US100Cash,H1: 37.2299
0	10:14:32.594	tester US100Cash,H1: 38.4411
0	10:14:32.594	tester US100Cash,H1: 28.4275
0	10:14:32.594	tester US100Cash,H1: 23.465
0	10:14:32.594	tester US100Cash,H1: 24.1966
0	10:14:32.594	tester US100Cash,H1: 33.2359
0	10:14:32.594	tester US100Cash,H1: 38.3856
0	10:14:32.594	tester US100Cash,H1: 44.0713
0	10:14:32.594	tester US100Cash,H1: 46.3808
0	10:14:32.594	tester US100Cash,H1: 46.6917
0	10:14:32.594	tester US100Cash,H1: 46.0802
0	10:14:32.594	tester US100Cash,H1: 46.7676
0	10:14:32.594	tester US100Cash,H1: 50.3792
0	10:14:32.594	tester US100Cash,H1: Bearish Reset - RSI is now Bullish. New RSI is50.3792
0	10:14:32.594	tester US100Cash,H1: 52.5108
0	10:14:32.594	tester US100Cash,H1: Bearish Reset - RSI is now Bullish. New RSI is52.5108
0	10:14:32.594	tester US100Cash,H1: 53.6509
0	10:14:32.594	tester US100Cash,H1: Bearish Reset - RSI is now Bullish. New RSI is53.6509
0	10:14:32.594	tester US100Cash,H1: 50.4588
0	10:14:32.594	tester US100Cash,H1: Bearish Reset - RSI is now Bullish. New RSI is50.4588
0	10:14:32.594	tester US100Cash,H1: 51.6713
0	10:14:32.594	tester US100Cash,H1: Bearish Reset - RSI is now Bullish. New RSI is51.6713
0	10:14:32.594	tester US100Cash,H1: 53.563
0	10:14:32.594	tester US100Cash,H1: Bearish Reset - RSI is now Bullish. New RSI is53.563
0	10:14:32.594	tester US100Cash,H1: 56.3244
0	10:14:32.594	tester US100Cash,H1: Bearish Reset - RSI is now Bullish. New RSI is56.3244
0	10:14:32.594	tester US100Cash,H1: 56.1573
0	10:14:32.594	tester US100Cash,H1: Bearish Reset - RSI is now Bullish. New RSI is56.1573
0	10:14:32.594	tester US100Cash,H1: 60.2035
0	10:14:32.594	tester US100Cash,H1: Bearish Reset - RSI is now Bullish. New RSI is60.2035
0	10:14:32.594	tester US100Cash,H1: 54.5429
0	10:14:32.594	tester US100Cash,H1: Bearish Reset - RSI is now Bullish. New RSI is54.5429
0	10:14:32.594	tester US100Cash,H1: 50.3666
0	10:14:32.594	tester US100Cash,H1: Bearish Reset - RSI is now Bullish. New RSI is50.3666
0	10:14:32.594	tester US100Cash,H1: 53.6876
0	10:14:32.594	tester US100Cash,H1: Bearish Reset - RSI is now Bullish. New RSI is53.6876
0	10:14:32.594	tester US100Cash,H1: 47.806
0	10:14:32.594	tester US100Cash,H1: 33.8439
0	10:14:32.594	tester US100Cash,H1: 26.9773
0	10:14:32.594	tester US100Cash,H1: 24.1956
0	10:14:32.594	tester US100Cash,H1: 28.7932
0	10:14:32.594	tester US100Cash,H1: 39.3395
0	10:14:32.594	tester US100Cash,H1: 42.8729
0	10:14:32.594	tester US100Cash,H1: 34.2717
0	10:14:32.594	tester US100Cash,H1: 37.4993
0	10:14:32.594	tester US100Cash,H1: 39.1213
0	10:14:32.594	tester US100Cash,H1: 39.5147
0	10:14:32.594	tester US100Cash,H1: 42.0839
0	10:14:32.594	tester US100Cash,H1: 39.8859
0	10:14:32.594	tester US100Cash,H1: 43.3283
0	10:14:32.594	tester US100Cash,H1: 43.8666
0	10:14:32.594	tester US100Cash,H1: 43.013
0	10:14:32.594	tester US100Cash,H1: 44.5899
0	10:14:32.594	tester US100Cash,H1: 44.933
0	10:14:32.594	tester US100Cash,H1: 51.2901
0	10:14:32.594	tester US100Cash,H1: Bearish Reset - RSI is now Bullish. New RSI is51.2901
0	10:14:32.594	tester US100Cash,H1: 51.0732
0	10:14:32.594	tester US100Cash,H1: Bearish Reset - RSI is now Bullish. New RSI is51.0732
0	10:14:32.594	tester US100Cash,H1: 51.6372
0	10:14:32.594	tester US100Cash,H1: Bearish Reset - RSI is now Bullish. New RSI is51.6372
0	10:14:32.594	tester US100Cash,H1: 49.3853
0	10:14:32.594	tester US100Cash,H1: 48.1768
0	10:14:32.594	tester US100Cash,H1: 59.6477
0	10:14:32.594	tester US100Cash,H1: Bearish Reset - RSI is now Bullish. New RSI is59.6477
0	10:14:32.594	tester US100Cash,H1: 69.8494
0	10:14:32.594	tester US100Cash,H1: Bearish Reset - RSI is now Bullish. New RSI is69.8494
0	10:14:32.594	tester US100Cash,H1: 55.6467
0	10:14:32.594	tester US100Cash,H1: Bearish Reset - RSI is now Bullish. New RSI is55.6467
0	10:14:32.594	tester US100Cash,H1: 45.3785
0	10:14:32.594	tester US100Cash,H1: 43.1039
0	10:14:32.594	tester US100Cash,H1: 37.5045
0	10:14:32.594	tester US100Cash,H1: 48.0677
0	10:14:32.594	tester US100Cash,H1: 44.4948
0	10:14:32.594	tester US100Cash,H1: 46.0927
0	10:14:32.594	tester US100Cash,H1: 47.4678
0	10:14:32.594	tester US100Cash,H1: 48.1599
0	10:14:32.594	tester US100Cash,H1: 50.5244
0	10:14:32.594	tester US100Cash,H1: Bearish Reset - RSI is now Bullish. New RSI is50.5244
0	10:14:32.594	tester US100Cash,H1: 48.9659
0	10:14:32.594	tester US100Cash,H1: 46.6613
0	10:14:32.594	tester US100Cash,H1: 45.1511
0	10:14:32.594	tester US100Cash,H1: 44.452
0	10:14:32.594	tester US100Cash,H1: 47.0707
0	10:14:32.594	tester US100Cash,H1: 47.7212
0	10:14:32.594	tester US100Cash,H1: 46.1318
0	10:14:32.594	tester US100Cash,H1: 40.8922
0	10:14:32.594	tester US100Cash,H1: 39.3216
0	10:14:32.594	tester US100Cash,H1: 40.7004
0	10:14:32.594	tester US100Cash,H1: 42.0959
0	10:14:32.594	tester US100Cash,H1: 33.662
0	10:14:32.594	tester US100Cash,H1: 31.2426
0	10:14:32.594	tester US100Cash,H1: 37.0651
0	10:14:32.594	tester US100Cash,H1: 35.0704
0	10:14:32.594	tester US100Cash,H1: 33.4397
0	10:14:32.594	tester US100Cash,H1: 37.2865
0	10:14:32.594	tester US100Cash,H1: 44.5356
0	10:14:32.594	tester US100Cash,H1: 41.4407
0	10:14:32.594	tester US100Cash,H1: uninit reason 0
0	10:14:32.598	Script tester US100Cash,H1: removed
0	10:19:45.982	Script tester US100Cash,H1: loaded successfully
0	10:19:46.000	tester US100Cash,H1: initialized
0	10:19:46.000	tester US100Cash,H1: Alert: 1
0	10:19:46.000	tester US100Cash,H1: Alert: 100
0	10:19:46.000	tester US100Cash,H1: 0
0	10:19:46.000	tester US100Cash,H1: 49.7475
0	10:19:46.000	tester US100Cash,H1: 42.0361
0	10:19:46.000	tester US100Cash,H1: 42.9941
0	10:19:46.000	tester US100Cash,H1: 46.4155
0	10:19:46.000	tester US100Cash,H1: 47.8663
0	10:19:46.000	tester US100Cash,H1: 51.4901
0	10:19:46.000	tester US100Cash,H1: Bearish Reset - RSI is now Bullish. New RSI is51.4901
0	10:19:46.000	tester US100Cash,H1: 51.9526
0	10:19:46.000	tester US100Cash,H1: Bearish Reset - RSI is now Bullish. New RSI is51.9526
0	10:19:46.000	tester US100Cash,H1: 57.6207
0	10:19:46.000	tester US100Cash,H1: Bearish Reset - RSI is now Bullish. New RSI is57.6207
0	10:19:46.000	tester US100Cash,H1: 58.169
0	10:19:46.000	tester US100Cash,H1: Bearish Reset - RSI is now Bullish. New RSI is58.169
0	10:19:46.001	tester US100Cash,H1: 57.2587
0	10:19:46.001	tester US100Cash,H1: Bearish Reset - RSI is now Bullish. New RSI is57.2587
0	10:19:46.001	tester US100Cash,H1: 57.6199
0	10:19:46.001	tester US100Cash,H1: Bearish Reset - RSI is now Bullish. New RSI is57.6199
0	10:19:46.001	tester US100Cash,H1: 55.7688
0	10:19:46.001	tester US100Cash,H1: Bearish Reset - RSI is now Bullish. New RSI is55.7688
0	10:19:46.001	tester US100Cash,H1: 45.986
0	10:19:46.001	tester US100Cash,H1: 48.6089
0	10:19:46.001	tester US100Cash,H1: 46.9885
0	10:19:46.001	tester US100Cash,H1: 48.721
0	10:19:46.001	tester US100Cash,H1: 43.3586
0	10:19:46.001	tester US100Cash,H1: 42.7102
0	10:19:46.001	tester US100Cash,H1: 49.247
0	10:19:46.001	tester US100Cash,H1: 48.1879
0	10:19:46.001	tester US100Cash,H1: 45.9614
0	10:19:46.001	tester US100Cash,H1: 43.304
0	10:19:46.001	tester US100Cash,H1: 37.2299
0	10:19:46.001	tester US100Cash,H1: 38.4411
0	10:19:46.001	tester US100Cash,H1: 28.4275
0	10:19:46.001	tester US100Cash,H1: 23.465
0	10:19:46.001	tester US100Cash,H1: 24.1966
0	10:19:46.001	tester US100Cash,H1: 33.2359
0	10:19:46.001	tester US100Cash,H1: 38.3856
0	10:19:46.001	tester US100Cash,H1: 44.0713
0	10:19:46.001	tester US100Cash,H1: 46.3808
0	10:19:46.001	tester US100Cash,H1: 46.6917
0	10:19:46.001	tester US100Cash,H1: 46.0802
0	10:19:46.001	tester US100Cash,H1: 46.7676
0	10:19:46.001	tester US100Cash,H1: 50.3792
0	10:19:46.001	tester US100Cash,H1: Bearish Reset - RSI is now Bullish. New RSI is50.3792
0	10:19:46.001	tester US100Cash,H1: 52.5108
0	10:19:46.001	tester US100Cash,H1: Bearish Reset - RSI is now Bullish. New RSI is52.5108
0	10:19:46.001	tester US100Cash,H1: 53.6509
0	10:19:46.001	tester US100Cash,H1: Bearish Reset - RSI is now Bullish. New RSI is53.6509
0	10:19:46.001	tester US100Cash,H1: 50.4588
0	10:19:46.001	tester US100Cash,H1: Bearish Reset - RSI is now Bullish. New RSI is50.4588
0	10:19:46.001	tester US100Cash,H1: 51.6713
0	10:19:46.001	tester US100Cash,H1: Bearish Reset - RSI is now Bullish. New RSI is51.6713
0	10:19:46.001	tester US100Cash,H1: 53.563
0	10:19:46.001	tester US100Cash,H1: Bearish Reset - RSI is now Bullish. New RSI is53.563
0	10:19:46.001	tester US100Cash,H1: 56.3244
0	10:19:46.001	tester US100Cash,H1: Bearish Reset - RSI is now Bullish. New RSI is56.3244
0	10:19:46.001	tester US100Cash,H1: 56.1573
0	10:19:46.001	tester US100Cash,H1: Bearish Reset - RSI is now Bullish. New RSI is56.1573
0	10:19:46.001	tester US100Cash,H1: 60.2035
0	10:19:46.001	tester US100Cash,H1: Bearish Reset - RSI is now Bullish. New RSI is60.2035
0	10:19:46.001	tester US100Cash,H1: 54.5429
0	10:19:46.001	tester US100Cash,H1: Bearish Reset - RSI is now Bullish. New RSI is54.5429
0	10:19:46.001	tester US100Cash,H1: 50.3666
0	10:19:46.001	tester US100Cash,H1: Bearish Reset - RSI is now Bullish. New RSI is50.3666
0	10:19:46.001	tester US100Cash,H1: 53.6876
0	10:19:46.001	tester US100Cash,H1: Bearish Reset - RSI is now Bullish. New RSI is53.6876
0	10:19:46.001	tester US100Cash,H1: 47.806
0	10:19:46.001	tester US100Cash,H1: 33.8439
0	10:19:46.001	tester US100Cash,H1: 26.9773
0	10:19:46.001	tester US100Cash,H1: 24.1956
0	10:19:46.001	tester US100Cash,H1: 28.7932
0	10:19:46.001	tester US100Cash,H1: 39.3395
0	10:19:46.001	tester US100Cash,H1: 42.8729
0	10:19:46.001	tester US100Cash,H1: 34.2717
0	10:19:46.001	tester US100Cash,H1: 37.4993
0	10:19:46.001	tester US100Cash,H1: 39.1213
0	10:19:46.001	tester US100Cash,H1: 39.5147
0	10:19:46.001	tester US100Cash,H1: 42.0839
0	10:19:46.001	tester US100Cash,H1: 39.8859
0	10:19:46.001	tester US100Cash,H1: 43.3283
0	10:19:46.001	tester US100Cash,H1: 43.8666
0	10:19:46.001	tester US100Cash,H1: 43.013
0	10:19:46.001	tester US100Cash,H1: 44.5899
0	10:19:46.001	tester US100Cash,H1: 44.933
0	10:19:46.001	tester US100Cash,H1: 51.2901
0	10:19:46.001	tester US100Cash,H1: Bearish Reset - RSI is now Bullish. New RSI is51.2901
0	10:19:46.001	tester US100Cash,H1: 51.0732
0	10:19:46.001	tester US100Cash,H1: Bearish Reset - RSI is now Bullish. New RSI is51.0732
0	10:19:46.001	tester US100Cash,H1: 51.6372
0	10:19:46.001	tester US100Cash,H1: Bearish Reset - RSI is now Bullish. New RSI is51.6372
0	10:19:46.001	tester US100Cash,H1: 49.3853
0	10:19:46.001	tester US100Cash,H1: 48.1768
0	10:19:46.001	tester US100Cash,H1: 59.6477
0	10:19:46.001	tester US100Cash,H1: Bearish Reset - RSI is now Bullish. New RSI is59.6477
0	10:19:46.001	tester US100Cash,H1: 69.8494
0	10:19:46.001	tester US100Cash,H1: Bearish Reset - RSI is now Bullish. New RSI is69.8494
0	10:19:46.001	tester US100Cash,H1: 55.6467
0	10:19:46.001	tester US100Cash,H1: Bearish Reset - RSI is now Bullish. New RSI is55.6467
0	10:19:46.001	tester US100Cash,H1: 45.3785
0	10:19:46.001	tester US100Cash,H1: 43.1039
0	10:19:46.001	tester US100Cash,H1: 37.5045
0	10:19:46.001	tester US100Cash,H1: 48.0677
0	10:19:46.001	tester US100Cash,H1: 44.4948
0	10:19:46.001	tester US100Cash,H1: 46.0927
0	10:19:46.001	tester US100Cash,H1: 47.4678
0	10:19:46.001	tester US100Cash,H1: 48.1599
0	10:19:46.001	tester US100Cash,H1: 50.5244
0	10:19:46.001	tester US100Cash,H1: Bearish Reset - RSI is now Bullish. New RSI is50.5244
0	10:19:46.001	tester US100Cash,H1: 48.9659
0	10:19:46.001	tester US100Cash,H1: 46.6613
0	10:19:46.001	tester US100Cash,H1: 45.1511
0	10:19:46.001	tester US100Cash,H1: 44.452
0	10:19:46.001	tester US100Cash,H1: 47.0707
0	10:19:46.001	tester US100Cash,H1: 47.7212
0	10:19:46.001	tester US100Cash,H1: 46.1318
0	10:19:46.001	tester US100Cash,H1: 40.8922
0	10:19:46.001	tester US100Cash,H1: 39.3216
0	10:19:46.001	tester US100Cash,H1: 40.7004
0	10:19:46.001	tester US100Cash,H1: 42.0959
0	10:19:46.001	tester US100Cash,H1: 33.662
0	10:19:46.001	tester US100Cash,H1: 31.2426
0	10:19:46.001	tester US100Cash,H1: 37.0651
0	10:19:46.001	tester US100Cash,H1: 35.0704
0	10:19:46.001	tester US100Cash,H1: 33.4397
0	10:19:46.001	tester US100Cash,H1: 37.2865
0	10:19:46.001	tester US100Cash,H1: 44.5356
0	10:19:46.001	tester US100Cash,H1: 41.4407
0	10:19:46.001	tester US100Cash,H1: uninit reason 0
0	10:19:46.005	Script tester US100Cash,H1: removed
0	10:20:31.942	Script tester US100Cash,H1: loaded successfully
0	10:20:31.959	tester US100Cash,H1: initialized
0	10:20:31.959	tester US100Cash,H1: 0
0	10:20:31.959	tester US100Cash,H1: 49.7475
0	10:20:31.959	tester US100Cash,H1: 42.0361
0	10:20:31.959	tester US100Cash,H1: 42.9941
0	10:20:31.959	tester US100Cash,H1: 46.4155
0	10:20:31.959	tester US100Cash,H1: 47.8663
0	10:20:31.959	tester US100Cash,H1: 51.4901
0	10:20:31.959	tester US100Cash,H1: Bearish Reset - RSI is now Bullish. New RSI is51.4901
0	10:20:31.959	tester US100Cash,H1: 51.9526
0	10:20:31.959	tester US100Cash,H1: Bearish Reset - RSI is now Bullish. New RSI is51.9526
0	10:20:31.959	tester US100Cash,H1: 57.6207
0	10:20:31.959	tester US100Cash,H1: Bearish Reset - RSI is now Bullish. New RSI is57.6207
0	10:20:31.959	tester US100Cash,H1: 58.169
0	10:20:31.960	tester US100Cash,H1: Bearish Reset - RSI is now Bullish. New RSI is58.169
0	10:20:31.960	tester US100Cash,H1: 57.2587
0	10:20:31.960	tester US100Cash,H1: Bearish Reset - RSI is now Bullish. New RSI is57.2587
0	10:20:31.960	tester US100Cash,H1: 57.6199
0	10:20:31.960	tester US100Cash,H1: Bearish Reset - RSI is now Bullish. New RSI is57.6199
0	10:20:31.960	tester US100Cash,H1: 55.7688
0	10:20:31.960	tester US100Cash,H1: Bearish Reset - RSI is now Bullish. New RSI is55.7688
0	10:20:31.960	tester US100Cash,H1: 45.986
0	10:20:31.960	tester US100Cash,H1: 48.6089
0	10:20:31.960	tester US100Cash,H1: 46.9885
0	10:20:31.960	tester US100Cash,H1: 48.721
0	10:20:31.960	tester US100Cash,H1: 43.3586
0	10:20:31.960	tester US100Cash,H1: 42.7102
0	10:20:31.960	tester US100Cash,H1: 49.247
0	10:20:31.960	tester US100Cash,H1: 48.1879
0	10:20:31.960	tester US100Cash,H1: 45.9614
0	10:20:31.960	tester US100Cash,H1: 43.304
0	10:20:31.960	tester US100Cash,H1: 37.2299
0	10:20:31.960	tester US100Cash,H1: 38.4411
0	10:20:31.960	tester US100Cash,H1: 28.4275
0	10:20:31.960	tester US100Cash,H1: 23.465
0	10:20:31.960	tester US100Cash,H1: 24.1966
0	10:20:31.960	tester US100Cash,H1: 33.2359
0	10:20:31.960	tester US100Cash,H1: 38.3856
0	10:20:31.960	tester US100Cash,H1: 44.0713
0	10:20:31.960	tester US100Cash,H1: 46.3808
0	10:20:31.960	tester US100Cash,H1: 46.6917
0	10:20:31.960	tester US100Cash,H1: 46.0802
0	10:20:31.960	tester US100Cash,H1: 46.7676
0	10:20:31.960	tester US100Cash,H1: 50.3792
0	10:20:31.960	tester US100Cash,H1: Bearish Reset - RSI is now Bullish. New RSI is50.3792
0	10:20:31.960	tester US100Cash,H1: 52.5108
0	10:20:31.960	tester US100Cash,H1: Bearish Reset - RSI is now Bullish. New RSI is52.5108
0	10:20:31.960	tester US100Cash,H1: 53.6509
0	10:20:31.960	tester US100Cash,H1: Bearish Reset - RSI is now Bullish. New RSI is53.6509
0	10:20:31.960	tester US100Cash,H1: 50.4588
0	10:20:31.960	tester US100Cash,H1: Bearish Reset - RSI is now Bullish. New RSI is50.4588
0	10:20:31.960	tester US100Cash,H1: 51.6713
0	10:20:31.960	tester US100Cash,H1: Bearish Reset - RSI is now Bullish. New RSI is51.6713
0	10:20:31.960	tester US100Cash,H1: 53.563
0	10:20:31.960	tester US100Cash,H1: Bearish Reset - RSI is now Bullish. New RSI is53.563
0	10:20:31.960	tester US100Cash,H1: 56.3244
0	10:20:31.960	tester US100Cash,H1: Bearish Reset - RSI is now Bullish. New RSI is56.3244
0	10:20:31.960	tester US100Cash,H1: 56.1573
0	10:20:31.960	tester US100Cash,H1: Bearish Reset - RSI is now Bullish. New RSI is56.1573
0	10:20:31.960	tester US100Cash,H1: 60.2035
0	10:20:31.960	tester US100Cash,H1: Bearish Reset - RSI is now Bullish. New RSI is60.2035
0	10:20:31.960	tester US100Cash,H1: 54.5429
0	10:20:31.960	tester US100Cash,H1: Bearish Reset - RSI is now Bullish. New RSI is54.5429
0	10:20:31.960	tester US100Cash,H1: 50.3666
0	10:20:31.960	tester US100Cash,H1: Bearish Reset - RSI is now Bullish. New RSI is50.3666
0	10:20:31.960	tester US100Cash,H1: 53.6876
0	10:20:31.960	tester US100Cash,H1: Bearish Reset - RSI is now Bullish. New RSI is53.6876
0	10:20:31.960	tester US100Cash,H1: 47.806
0	10:20:31.960	tester US100Cash,H1: 33.8439
0	10:20:31.960	tester US100Cash,H1: 26.9773
0	10:20:31.960	tester US100Cash,H1: 24.1956
0	10:20:31.960	tester US100Cash,H1: 28.7932
0	10:20:31.960	tester US100Cash,H1: 39.3395
0	10:20:31.960	tester US100Cash,H1: 42.8729
0	10:20:31.960	tester US100Cash,H1: 34.2717
0	10:20:31.960	tester US100Cash,H1: 37.4993
0	10:20:31.960	tester US100Cash,H1: 39.1213
0	10:20:31.960	tester US100Cash,H1: 39.5147
0	10:20:31.960	tester US100Cash,H1: 42.0839
0	10:20:31.960	tester US100Cash,H1: 39.8859
0	10:20:31.960	tester US100Cash,H1: 43.3283
0	10:20:31.960	tester US100Cash,H1: 43.8666
0	10:20:31.960	tester US100Cash,H1: 43.013
0	10:20:31.960	tester US100Cash,H1: 44.5899
0	10:20:31.960	tester US100Cash,H1: 44.933
0	10:20:31.960	tester US100Cash,H1: 51.2901
0	10:20:31.960	tester US100Cash,H1: Bearish Reset - RSI is now Bullish. New RSI is51.2901
0	10:20:31.960	tester US100Cash,H1: 51.0732
0	10:20:31.960	tester US100Cash,H1: Bearish Reset - RSI is now Bullish. New RSI is51.0732
0	10:20:31.960	tester US100Cash,H1: 51.6372
0	10:20:31.960	tester US100Cash,H1: Bearish Reset - RSI is now Bullish. New RSI is51.6372
0	10:20:31.960	tester US100Cash,H1: 49.3853
0	10:20:31.960	tester US100Cash,H1: 48.1768
0	10:20:31.960	tester US100Cash,H1: 59.6477
0	10:20:31.960	tester US100Cash,H1: Bearish Reset - RSI is now Bullish. New RSI is59.6477
0	10:20:31.960	tester US100Cash,H1: 69.8494
0	10:20:31.960	tester US100Cash,H1: Bearish Reset - RSI is now Bullish. New RSI is69.8494
0	10:20:31.960	tester US100Cash,H1: 55.6467
0	10:20:31.960	tester US100Cash,H1: Bearish Reset - RSI is now Bullish. New RSI is55.6467
0	10:20:31.960	tester US100Cash,H1: 45.3785
0	10:20:31.960	tester US100Cash,H1: 43.1039
0	10:20:31.960	tester US100Cash,H1: 37.5045
0	10:20:31.960	tester US100Cash,H1: 48.0677
0	10:20:31.960	tester US100Cash,H1: 44.4948
0	10:20:31.960	tester US100Cash,H1: 46.0927
0	10:20:31.960	tester US100Cash,H1: 47.4678
0	10:20:31.960	tester US100Cash,H1: 48.1599
0	10:20:31.960	tester US100Cash,H1: 50.5244
0	10:20:31.960	tester US100Cash,H1: Bearish Reset - RSI is now Bullish. New RSI is50.5244
0	10:20:31.960	tester US100Cash,H1: 48.9659
0	10:20:31.960	tester US100Cash,H1: 46.6613
0	10:20:31.960	tester US100Cash,H1: 45.1511
0	10:20:31.960	tester US100Cash,H1: 44.452
0	10:20:31.960	tester US100Cash,H1: 47.0707
0	10:20:31.960	tester US100Cash,H1: 47.7212
0	10:20:31.960	tester US100Cash,H1: 46.1318
0	10:20:31.960	tester US100Cash,H1: 40.8922
0	10:20:31.960	tester US100Cash,H1: 39.3216
0	10:20:31.960	tester US100Cash,H1: 40.7004
0	10:20:31.960	tester US100Cash,H1: 42.0959
0	10:20:31.960	tester US100Cash,H1: 33.662
0	10:20:31.960	tester US100Cash,H1: 31.2426
0	10:20:31.960	tester US100Cash,H1: 37.0651
0	10:20:31.960	tester US100Cash,H1: 35.0704
0	10:20:31.960	tester US100Cash,H1: 33.4397
0	10:20:31.960	tester US100Cash,H1: 37.2865
0	10:20:31.960	tester US100Cash,H1: 44.5356
0	10:20:31.960	tester US100Cash,H1: 41.4407
0	10:20:31.960	tester US100Cash,H1: uninit reason 0
0	10:20:31.962	Script tester US100Cash,H1: removed
0	10:49:14.853	Script tester US100Cash,H1: loaded successfully
0	10:49:14.866	tester US100Cash,H1: initialized
0	10:49:14.866	tester US100Cash,H1: 0
0	10:49:14.866	tester US100Cash,H1: 49.7475
0	10:49:14.866	tester US100Cash,H1: 42.0361
0	10:49:14.866	tester US100Cash,H1: 42.9941
0	10:49:14.866	tester US100Cash,H1: 46.4155
0	10:49:14.866	tester US100Cash,H1: 47.8663
0	10:49:14.866	tester US100Cash,H1: 51.4901
0	10:49:14.866	tester US100Cash,H1: Bearish Reset - RSI is now Bullish. New RSI is51.4901
0	10:49:14.866	tester US100Cash,H1: 51.9526
0	10:49:14.866	tester US100Cash,H1: Bearish Reset - RSI is now Bullish. New RSI is51.9526
0	10:49:14.866	tester US100Cash,H1: 57.6207
0	10:49:14.866	tester US100Cash,H1: Bearish Reset - RSI is now Bullish. New RSI is57.6207
0	10:49:14.866	tester US100Cash,H1: 58.169
0	10:49:14.866	tester US100Cash,H1: Bearish Reset - RSI is now Bullish. New RSI is58.169
0	10:49:14.866	tester US100Cash,H1: 57.2587
0	10:49:14.866	tester US100Cash,H1: Bearish Reset - RSI is now Bullish. New RSI is57.2587
0	10:49:14.866	tester US100Cash,H1: 57.6199
0	10:49:14.866	tester US100Cash,H1: Bearish Reset - RSI is now Bullish. New RSI is57.6199
0	10:49:14.866	tester US100Cash,H1: 55.7688
0	10:49:14.866	tester US100Cash,H1: Bearish Reset - RSI is now Bullish. New RSI is55.7688
0	10:49:14.866	tester US100Cash,H1: 45.986
0	10:49:14.866	tester US100Cash,H1: 48.6089
0	10:49:14.866	tester US100Cash,H1: 46.9885
0	10:49:14.866	tester US100Cash,H1: 48.721
0	10:49:14.866	tester US100Cash,H1: 43.3586
0	10:49:14.866	tester US100Cash,H1: 42.7102
0	10:49:14.866	tester US100Cash,H1: 49.247
0	10:49:14.866	tester US100Cash,H1: 48.1879
0	10:49:14.866	tester US100Cash,H1: 45.9614
0	10:49:14.866	tester US100Cash,H1: 43.304
0	10:49:14.866	tester US100Cash,H1: 37.2299
0	10:49:14.866	tester US100Cash,H1: 38.4411
0	10:49:14.866	tester US100Cash,H1: 28.4275
0	10:49:14.866	tester US100Cash,H1: 23.465
0	10:49:14.866	tester US100Cash,H1: 24.1966
0	10:49:14.866	tester US100Cash,H1: 33.2359
0	10:49:14.866	tester US100Cash,H1: 38.3856
0	10:49:14.866	tester US100Cash,H1: 44.0713
0	10:49:14.866	tester US100Cash,H1: 46.3808
0	10:49:14.866	tester US100Cash,H1: 46.6917
0	10:49:14.866	tester US100Cash,H1: 46.0802
0	10:49:14.866	tester US100Cash,H1: 46.7676
0	10:49:14.866	tester US100Cash,H1: 50.3792
0	10:49:14.866	tester US100Cash,H1: Bearish Reset - RSI is now Bullish. New RSI is50.3792
0	10:49:14.866	tester US100Cash,H1: 52.5108
0	10:49:14.866	tester US100Cash,H1: Bearish Reset - RSI is now Bullish. New RSI is52.5108
0	10:49:14.866	tester US100Cash,H1: 53.6509
0	10:49:14.866	tester US100Cash,H1: Bearish Reset - RSI is now Bullish. New RSI is53.6509
0	10:49:14.866	tester US100Cash,H1: 50.4588
0	10:49:14.866	tester US100Cash,H1: Bearish Reset - RSI is now Bullish. New RSI is50.4588
0	10:49:14.866	tester US100Cash,H1: 51.6713
0	10:49:14.866	tester US100Cash,H1: Bearish Reset - RSI is now Bullish. New RSI is51.6713
0	10:49:14.866	tester US100Cash,H1: 53.563
0	10:49:14.866	tester US100Cash,H1: Bearish Reset - RSI is now Bullish. New RSI is53.563
0	10:49:14.866	tester US100Cash,H1: 56.3244
0	10:49:14.866	tester US100Cash,H1: Bearish Reset - RSI is now Bullish. New RSI is56.3244
0	10:49:14.866	tester US100Cash,H1: 56.1573
0	10:49:14.866	tester US100Cash,H1: Bearish Reset - RSI is now Bullish. New RSI is56.1573
0	10:49:14.866	tester US100Cash,H1: 60.2035
0	10:49:14.866	tester US100Cash,H1: Bearish Reset - RSI is now Bullish. New RSI is60.2035
0	10:49:14.866	tester US100Cash,H1: 54.5429
0	10:49:14.866	tester US100Cash,H1: Bearish Reset - RSI is now Bullish. New RSI is54.5429
0	10:49:14.866	tester US100Cash,H1: 50.3666
0	10:49:14.866	tester US100Cash,H1: Bearish Reset - RSI is now Bullish. New RSI is50.3666
0	10:49:14.866	tester US100Cash,H1: 53.6876
0	10:49:14.866	tester US100Cash,H1: Bearish Reset - RSI is now Bullish. New RSI is53.6876
0	10:49:14.866	tester US100Cash,H1: 47.806
0	10:49:14.866	tester US100Cash,H1: 33.8439
0	10:49:14.866	tester US100Cash,H1: 26.9773
0	10:49:14.866	tester US100Cash,H1: 24.1956
0	10:49:14.866	tester US100Cash,H1: 28.7932
0	10:49:14.866	tester US100Cash,H1: 39.3395
0	10:49:14.866	tester US100Cash,H1: 42.8729
0	10:49:14.866	tester US100Cash,H1: 34.2717
0	10:49:14.866	tester US100Cash,H1: 37.4993
0	10:49:14.866	tester US100Cash,H1: 39.1213
0	10:49:14.866	tester US100Cash,H1: 39.5147
0	10:49:14.866	tester US100Cash,H1: 42.0839
0	10:49:14.866	tester US100Cash,H1: 39.8859
0	10:49:14.866	tester US100Cash,H1: 43.3283
0	10:49:14.866	tester US100Cash,H1: 43.8666
0	10:49:14.866	tester US100Cash,H1: 43.013
0	10:49:14.866	tester US100Cash,H1: 44.5899
0	10:49:14.866	tester US100Cash,H1: 44.933
0	10:49:14.866	tester US100Cash,H1: 51.2901
0	10:49:14.866	tester US100Cash,H1: Bearish Reset - RSI is now Bullish. New RSI is51.2901
0	10:49:14.866	tester US100Cash,H1: 51.0732
0	10:49:14.866	tester US100Cash,H1: Bearish Reset - RSI is now Bullish. New RSI is51.0732
0	10:49:14.866	tester US100Cash,H1: 51.6372
0	10:49:14.866	tester US100Cash,H1: Bearish Reset - RSI is now Bullish. New RSI is51.6372
0	10:49:14.866	tester US100Cash,H1: 49.3853
0	10:49:14.866	tester US100Cash,H1: 48.1768
0	10:49:14.866	tester US100Cash,H1: 59.6477
0	10:49:14.866	tester US100Cash,H1: Bearish Reset - RSI is now Bullish. New RSI is59.6477
0	10:49:14.866	tester US100Cash,H1: 69.8494
0	10:49:14.866	tester US100Cash,H1: Bearish Reset - RSI is now Bullish. New RSI is69.8494
0	10:49:14.866	tester US100Cash,H1: 55.6467
0	10:49:14.866	tester US100Cash,H1: Bearish Reset - RSI is now Bullish. New RSI is55.6467
0	10:49:14.866	tester US100Cash,H1: 45.3785
0	10:49:14.866	tester US100Cash,H1: 43.1039
0	10:49:14.866	tester US100Cash,H1: 37.5045
0	10:49:14.866	tester US100Cash,H1: 48.0677
0	10:49:14.866	tester US100Cash,H1: 44.4948
0	10:49:14.866	tester US100Cash,H1: 46.0927
0	10:49:14.866	tester US100Cash,H1: 47.4678
0	10:49:14.866	tester US100Cash,H1: 48.1599
0	10:49:14.866	tester US100Cash,H1: 50.5244
0	10:49:14.866	tester US100Cash,H1: Bearish Reset - RSI is now Bullish. New RSI is50.5244
0	10:49:14.866	tester US100Cash,H1: 48.9659
0	10:49:14.866	tester US100Cash,H1: 46.6613
0	10:49:14.866	tester US100Cash,H1: 45.1511
0	10:49:14.866	tester US100Cash,H1: 44.452
0	10:49:14.866	tester US100Cash,H1: 47.0707
0	10:49:14.866	tester US100Cash,H1: 47.7212
0	10:49:14.866	tester US100Cash,H1: 46.1318
0	10:49:14.866	tester US100Cash,H1: 40.8922
0	10:49:14.866	tester US100Cash,H1: 39.3216
0	10:49:14.866	tester US100Cash,H1: 40.7004
0	10:49:14.866	tester US100Cash,H1: 42.0959
0	10:49:14.866	tester US100Cash,H1: 33.662
0	10:49:14.866	tester US100Cash,H1: 31.2426
0	10:49:14.866	tester US100Cash,H1: 37.0651
0	10:49:14.866	tester US100Cash,H1: 35.0704
0	10:49:14.866	tester US100Cash,H1: 33.4397
0	10:49:14.866	tester US100Cash,H1: 37.2865
0	10:49:14.866	tester US100Cash,H1: 44.5356
0	10:49:14.866	tester US100Cash,H1: 41.4407
0	10:49:14.866	tester US100Cash,H1: uninit reason 0
0	10:49:14.867	Script tester US100Cash,H1: removed
0	10:52:40.783	Script tester US100Cash,H1: loaded successfully
0	10:52:40.798	tester US100Cash,H1: initialized
0	10:52:40.798	tester US100Cash,H1: 0
0	10:52:40.798	tester US100Cash,H1: 49.7475
0	10:52:40.798	tester US100Cash,H1: 42.0361
0	10:52:40.798	tester US100Cash,H1: 42.9941
0	10:52:40.799	tester US100Cash,H1: 46.4155
0	10:52:40.799	tester US100Cash,H1: 47.8663
0	10:52:40.799	tester US100Cash,H1: 51.4901
0	10:52:40.799	tester US100Cash,H1: Bearish Reset - RSI is now Bullish. New RSI is51.4901
0	10:52:40.799	tester US100Cash,H1: 51.9526
0	10:52:40.799	tester US100Cash,H1: Bearish Reset - RSI is now Bullish. New RSI is51.9526
0	10:52:40.799	tester US100Cash,H1: 57.6207
0	10:52:40.799	tester US100Cash,H1: Bearish Reset - RSI is now Bullish. New RSI is57.6207
0	10:52:40.799	tester US100Cash,H1: 58.169
0	10:52:40.799	tester US100Cash,H1: Bearish Reset - RSI is now Bullish. New RSI is58.169
0	10:52:40.799	tester US100Cash,H1: 57.2587
0	10:52:40.799	tester US100Cash,H1: Bearish Reset - RSI is now Bullish. New RSI is57.2587
0	10:52:40.799	tester US100Cash,H1: 57.6199
0	10:52:40.799	tester US100Cash,H1: Bearish Reset - RSI is now Bullish. New RSI is57.6199
0	10:52:40.799	tester US100Cash,H1: 55.7688
0	10:52:40.799	tester US100Cash,H1: Bearish Reset - RSI is now Bullish. New RSI is55.7688
0	10:52:40.799	tester US100Cash,H1: 45.986
0	10:52:40.799	tester US100Cash,H1: 48.6089
0	10:52:40.799	tester US100Cash,H1: 46.9885
0	10:52:40.799	tester US100Cash,H1: 48.721
0	10:52:40.799	tester US100Cash,H1: 43.3586
0	10:52:40.799	tester US100Cash,H1: 42.7102
0	10:52:40.799	tester US100Cash,H1: 49.247
0	10:52:40.799	tester US100Cash,H1: 48.1879
0	10:52:40.799	tester US100Cash,H1: 45.9614
0	10:52:40.799	tester US100Cash,H1: 43.304
0	10:52:40.799	tester US100Cash,H1: 37.2299
0	10:52:40.799	tester US100Cash,H1: 38.4411
0	10:52:40.799	tester US100Cash,H1: 28.4275
0	10:52:40.799	tester US100Cash,H1: 23.465
0	10:52:40.799	tester US100Cash,H1: 24.1966
0	10:52:40.799	tester US100Cash,H1: 33.2359
0	10:52:40.799	tester US100Cash,H1: 38.3856
0	10:52:40.799	tester US100Cash,H1: 44.0713
0	10:52:40.799	tester US100Cash,H1: 46.3808
0	10:52:40.799	tester US100Cash,H1: 46.6917
0	10:52:40.799	tester US100Cash,H1: 46.0802
0	10:52:40.799	tester US100Cash,H1: 46.7676
0	10:52:40.799	tester US100Cash,H1: 50.3792
0	10:52:40.799	tester US100Cash,H1: Bearish Reset - RSI is now Bullish. New RSI is50.3792
0	10:52:40.799	tester US100Cash,H1: 52.5108
0	10:52:40.799	tester US100Cash,H1: Bearish Reset - RSI is now Bullish. New RSI is52.5108
0	10:52:40.799	tester US100Cash,H1: 53.6509
0	10:52:40.799	tester US100Cash,H1: Bearish Reset - RSI is now Bullish. New RSI is53.6509
0	10:52:40.799	tester US100Cash,H1: 50.4588
0	10:52:40.799	tester US100Cash,H1: Bearish Reset - RSI is now Bullish. New RSI is50.4588
0	10:52:40.799	tester US100Cash,H1: 51.6713
0	10:52:40.799	tester US100Cash,H1: Bearish Reset - RSI is now Bullish. New RSI is51.6713
0	10:52:40.799	tester US100Cash,H1: 53.563
0	10:52:40.799	tester US100Cash,H1: Bearish Reset - RSI is now Bullish. New RSI is53.563
0	10:52:40.799	tester US100Cash,H1: 56.3244
0	10:52:40.799	tester US100Cash,H1: Bearish Reset - RSI is now Bullish. New RSI is56.3244
0	10:52:40.799	tester US100Cash,H1: 56.1573
0	10:52:40.799	tester US100Cash,H1: Bearish Reset - RSI is now Bullish. New RSI is56.1573
0	10:52:40.799	tester US100Cash,H1: 60.2035
0	10:52:40.799	tester US100Cash,H1: Bearish Reset - RSI is now Bullish. New RSI is60.2035
0	10:52:40.799	tester US100Cash,H1: 54.5429
0	10:52:40.799	tester US100Cash,H1: Bearish Reset - RSI is now Bullish. New RSI is54.5429
0	10:52:40.799	tester US100Cash,H1: 50.3666
0	10:52:40.799	tester US100Cash,H1: Bearish Reset - RSI is now Bullish. New RSI is50.3666
0	10:52:40.799	tester US100Cash,H1: 53.6876
0	10:52:40.799	tester US100Cash,H1: Bearish Reset - RSI is now Bullish. New RSI is53.6876
0	10:52:40.799	tester US100Cash,H1: 47.806
0	10:52:40.799	tester US100Cash,H1: 33.8439
0	10:52:40.799	tester US100Cash,H1: 26.9773
0	10:52:40.799	tester US100Cash,H1: 24.1956
0	10:52:40.799	tester US100Cash,H1: 28.7932
0	10:52:40.799	tester US100Cash,H1: 39.3395
0	10:52:40.799	tester US100Cash,H1: 42.8729
0	10:52:40.799	tester US100Cash,H1: 34.2717
0	10:52:40.799	tester US100Cash,H1: 37.4993
0	10:52:40.799	tester US100Cash,H1: 39.1213
0	10:52:40.799	tester US100Cash,H1: 39.5147
0	10:52:40.799	tester US100Cash,H1: 42.0839
0	10:52:40.799	tester US100Cash,H1: 39.8859
0	10:52:40.799	tester US100Cash,H1: 43.3283
0	10:52:40.799	tester US100Cash,H1: 43.8666
0	10:52:40.799	tester US100Cash,H1: 43.013
0	10:52:40.799	tester US100Cash,H1: 44.5899
0	10:52:40.799	tester US100Cash,H1: 44.933
0	10:52:40.799	tester US100Cash,H1: 51.2901
0	10:52:40.799	tester US100Cash,H1: Bearish Reset - RSI is now Bullish. New RSI is51.2901
0	10:52:40.799	tester US100Cash,H1: 51.0732
0	10:52:40.799	tester US100Cash,H1: Bearish Reset - RSI is now Bullish. New RSI is51.0732
0	10:52:40.799	tester US100Cash,H1: 51.6372
0	10:52:40.799	tester US100Cash,H1: Bearish Reset - RSI is now Bullish. New RSI is51.6372
0	10:52:40.799	tester US100Cash,H1: 49.3853
0	10:52:40.799	tester US100Cash,H1: 48.1768
0	10:52:40.799	tester US100Cash,H1: 59.6477
0	10:52:40.799	tester US100Cash,H1: Bearish Reset - RSI is now Bullish. New RSI is59.6477
0	10:52:40.799	tester US100Cash,H1: 69.8494
0	10:52:40.799	tester US100Cash,H1: Bearish Reset - RSI is now Bullish. New RSI is69.8494
0	10:52:40.799	tester US100Cash,H1: 55.6467
0	10:52:40.799	tester US100Cash,H1: Bearish Reset - RSI is now Bullish. New RSI is55.6467
0	10:52:40.799	tester US100Cash,H1: 45.3785
0	10:52:40.799	tester US100Cash,H1: 43.1039
0	10:52:40.799	tester US100Cash,H1: 37.5045
0	10:52:40.799	tester US100Cash,H1: 48.0677
0	10:52:40.799	tester US100Cash,H1: 44.4948
0	10:52:40.799	tester US100Cash,H1: 46.0927
0	10:52:40.799	tester US100Cash,H1: 47.4678
0	10:52:40.799	tester US100Cash,H1: 48.1599
0	10:52:40.799	tester US100Cash,H1: 50.5244
0	10:52:40.799	tester US100Cash,H1: Bearish Reset - RSI is now Bullish. New RSI is50.5244
0	10:52:40.799	tester US100Cash,H1: 48.9659
0	10:52:40.799	tester US100Cash,H1: 46.6613
0	10:52:40.799	tester US100Cash,H1: 45.1511
0	10:52:40.799	tester US100Cash,H1: 44.452
0	10:52:40.799	tester US100Cash,H1: 47.0707
0	10:52:40.799	tester US100Cash,H1: 47.7212
0	10:52:40.799	tester US100Cash,H1: 46.1318
0	10:52:40.799	tester US100Cash,H1: 40.8922
0	10:52:40.799	tester US100Cash,H1: 39.3216
0	10:52:40.799	tester US100Cash,H1: 40.7004
0	10:52:40.799	tester US100Cash,H1: 42.0959
0	10:52:40.799	tester US100Cash,H1: 33.662
0	10:52:40.799	tester US100Cash,H1: 31.2426
0	10:52:40.799	tester US100Cash,H1: 37.0651
0	10:52:40.799	tester US100Cash,H1: 35.0704
0	10:52:40.799	tester US100Cash,H1: 33.4397
0	10:52:40.799	tester US100Cash,H1: 37.2865
0	10:52:40.799	tester US100Cash,H1: 44.5356
0	10:52:40.799	tester US100Cash,H1: 41.4407
0	10:52:40.799	tester US100Cash,H1: uninit reason 0
0	10:52:40.800	Script tester US100Cash,H1: removed
0	11:34:14.807	Script tester US100Cash,H1: loaded successfully
0	11:34:14.825	tester US100Cash,H1: initialized
0	11:34:14.825	tester US100Cash,H1: 0
0	11:34:14.825	tester US100Cash,H1: 49.7475
0	11:34:14.825	tester US100Cash,H1: 42.0361
0	11:34:14.825	tester US100Cash,H1: 42.9941
0	11:34:14.825	tester US100Cash,H1: 46.4155
0	11:34:14.825	tester US100Cash,H1: 47.8663
0	11:34:14.825	tester US100Cash,H1: 51.4901
0	11:34:14.825	tester US100Cash,H1: Bearish Reset - RSI is now Bullish. New RSI is51.4901
0	11:34:14.825	tester US100Cash,H1: 51.9526
0	11:34:14.825	tester US100Cash,H1: Bearish Reset - RSI is now Bullish. New RSI is51.9526
0	11:34:14.825	tester US100Cash,H1: 57.6207
0	11:34:14.825	tester US100Cash,H1: Bearish Reset - RSI is now Bullish. New RSI is57.6207
0	11:34:14.825	tester US100Cash,H1: 58.169
0	11:34:14.825	tester US100Cash,H1: Bearish Reset - RSI is now Bullish. New RSI is58.169
0	11:34:14.825	tester US100Cash,H1: 57.2587
0	11:34:14.825	tester US100Cash,H1: Bearish Reset - RSI is now Bullish. New RSI is57.2587
0	11:34:14.825	tester US100Cash,H1: 57.6199
0	11:34:14.825	tester US100Cash,H1: Bearish Reset - RSI is now Bullish. New RSI is57.6199
0	11:34:14.825	tester US100Cash,H1: 55.7688
0	11:34:14.825	tester US100Cash,H1: Bearish Reset - RSI is now Bullish. New RSI is55.7688
0	11:34:14.825	tester US100Cash,H1: 45.986
0	11:34:14.825	tester US100Cash,H1: 48.6089
0	11:34:14.825	tester US100Cash,H1: 46.9885
0	11:34:14.825	tester US100Cash,H1: 48.721
0	11:34:14.825	tester US100Cash,H1: 43.3586
0	11:34:14.825	tester US100Cash,H1: 42.7102
0	11:34:14.825	tester US100Cash,H1: 49.247
0	11:34:14.825	tester US100Cash,H1: 48.1879
0	11:34:14.825	tester US100Cash,H1: 45.9614
0	11:34:14.825	tester US100Cash,H1: 43.304
0	11:34:14.825	tester US100Cash,H1: 37.2299
0	11:34:14.825	tester US100Cash,H1: 38.4411
0	11:34:14.825	tester US100Cash,H1: 28.4275
0	11:34:14.825	tester US100Cash,H1: 23.465
0	11:34:14.825	tester US100Cash,H1: 24.1966
0	11:34:14.825	tester US100Cash,H1: 33.2359
0	11:34:14.825	tester US100Cash,H1: 38.3856
0	11:34:14.825	tester US100Cash,H1: 44.0713
0	11:34:14.825	tester US100Cash,H1: 46.3808
0	11:34:14.825	tester US100Cash,H1: 46.6917
0	11:34:14.825	tester US100Cash,H1: 46.0802
0	11:34:14.825	tester US100Cash,H1: 46.7676
0	11:34:14.825	tester US100Cash,H1: 50.3792
0	11:34:14.825	tester US100Cash,H1: Bearish Reset - RSI is now Bullish. New RSI is50.3792
0	11:34:14.825	tester US100Cash,H1: 52.5108
0	11:34:14.825	tester US100Cash,H1: Bearish Reset - RSI is now Bullish. New RSI is52.5108
0	11:34:14.825	tester US100Cash,H1: 53.6509
0	11:34:14.825	tester US100Cash,H1: Bearish Reset - RSI is now Bullish. New RSI is53.6509
0	11:34:14.825	tester US100Cash,H1: 50.4588
0	11:34:14.825	tester US100Cash,H1: Bearish Reset - RSI is now Bullish. New RSI is50.4588
0	11:34:14.825	tester US100Cash,H1: 51.6713
0	11:34:14.825	tester US100Cash,H1: Bearish Reset - RSI is now Bullish. New RSI is51.6713
0	11:34:14.825	tester US100Cash,H1: 53.563
0	11:34:14.825	tester US100Cash,H1: Bearish Reset - RSI is now Bullish. New RSI is53.563
0	11:34:14.825	tester US100Cash,H1: 56.3244
0	11:34:14.825	tester US100Cash,H1: Bearish Reset - RSI is now Bullish. New RSI is56.3244
0	11:34:14.825	tester US100Cash,H1: 56.1573
0	11:34:14.825	tester US100Cash,H1: Bearish Reset - RSI is now Bullish. New RSI is56.1573
0	11:34:14.825	tester US100Cash,H1: 60.2035
0	11:34:14.825	tester US100Cash,H1: Bearish Reset - RSI is now Bullish. New RSI is60.2035
0	11:34:14.825	tester US100Cash,H1: 54.5429
0	11:34:14.825	tester US100Cash,H1: Bearish Reset - RSI is now Bullish. New RSI is54.5429
0	11:34:14.825	tester US100Cash,H1: 50.3666
0	11:34:14.825	tester US100Cash,H1: Bearish Reset - RSI is now Bullish. New RSI is50.3666
0	11:34:14.825	tester US100Cash,H1: 53.6876
0	11:34:14.825	tester US100Cash,H1: Bearish Reset - RSI is now Bullish. New RSI is53.6876
0	11:34:14.825	tester US100Cash,H1: 47.806
0	11:34:14.825	tester US100Cash,H1: 33.8439
0	11:34:14.825	tester US100Cash,H1: 26.9773
0	11:34:14.825	tester US100Cash,H1: 24.1956
0	11:34:14.825	tester US100Cash,H1: 28.7932
0	11:34:14.825	tester US100Cash,H1: 39.3395
0	11:34:14.825	tester US100Cash,H1: 42.8729
0	11:34:14.825	tester US100Cash,H1: 34.2717
0	11:34:14.825	tester US100Cash,H1: 37.4993
0	11:34:14.825	tester US100Cash,H1: 39.1213
0	11:34:14.825	tester US100Cash,H1: 39.5147
0	11:34:14.825	tester US100Cash,H1: 42.0839
0	11:34:14.825	tester US100Cash,H1: 39.8859
0	11:34:14.825	tester US100Cash,H1: 43.3283
0	11:34:14.825	tester US100Cash,H1: 43.8666
0	11:34:14.825	tester US100Cash,H1: 43.013
0	11:34:14.825	tester US100Cash,H1: 44.5899
0	11:34:14.825	tester US100Cash,H1: 44.933
0	11:34:14.825	tester US100Cash,H1: 51.2901
0	11:34:14.825	tester US100Cash,H1: Bearish Reset - RSI is now Bullish. New RSI is51.2901
0	11:34:14.825	tester US100Cash,H1: 51.0732
0	11:34:14.825	tester US100Cash,H1: Bearish Reset - RSI is now Bullish. New RSI is51.0732
0	11:34:14.825	tester US100Cash,H1: 51.6372
0	11:34:14.825	tester US100Cash,H1: Bearish Reset - RSI is now Bullish. New RSI is51.6372
0	11:34:14.825	tester US100Cash,H1: 49.3853
0	11:34:14.825	tester US100Cash,H1: 48.1768
0	11:34:14.825	tester US100Cash,H1: 59.6477
0	11:34:14.825	tester US100Cash,H1: Bearish Reset - RSI is now Bullish. New RSI is59.6477
0	11:34:14.825	tester US100Cash,H1: 69.8494
0	11:34:14.825	tester US100Cash,H1: Bearish Reset - RSI is now Bullish. New RSI is69.8494
0	11:34:14.825	tester US100Cash,H1: 55.6467
0	11:34:14.825	tester US100Cash,H1: Bearish Reset - RSI is now Bullish. New RSI is55.6467
0	11:34:14.825	tester US100Cash,H1: 45.3785
0	11:34:14.825	tester US100Cash,H1: 43.1039
0	11:34:14.825	tester US100Cash,H1: 37.5045
0	11:34:14.825	tester US100Cash,H1: 48.0677
0	11:34:14.825	tester US100Cash,H1: 44.4948
0	11:34:14.825	tester US100Cash,H1: 46.0927
0	11:34:14.825	tester US100Cash,H1: 47.4678
0	11:34:14.825	tester US100Cash,H1: 48.1599
0	11:34:14.825	tester US100Cash,H1: 50.5244
0	11:34:14.825	tester US100Cash,H1: Bearish Reset - RSI is now Bullish. New RSI is50.5244
0	11:34:14.825	tester US100Cash,H1: 48.9659
0	11:34:14.825	tester US100Cash,H1: 46.6613
0	11:34:14.825	tester US100Cash,H1: 45.1511
0	11:34:14.825	tester US100Cash,H1: 44.452
0	11:34:14.825	tester US100Cash,H1: 47.0707
0	11:34:14.825	tester US100Cash,H1: 47.7212
0	11:34:14.825	tester US100Cash,H1: 46.1318
0	11:34:14.825	tester US100Cash,H1: 40.8922
0	11:34:14.825	tester US100Cash,H1: 39.3216
0	11:34:14.825	tester US100Cash,H1: 40.7004
0	11:34:14.825	tester US100Cash,H1: 42.0959
0	11:34:14.825	tester US100Cash,H1: 33.662
0	11:34:14.825	tester US100Cash,H1: 31.2426
0	11:34:14.825	tester US100Cash,H1: 37.0651
0	11:34:14.825	tester US100Cash,H1: 35.0704
0	11:34:14.825	tester US100Cash,H1: 33.4397
0	11:34:14.825	tester US100Cash,H1: 37.2865
0	11:34:14.825	tester US100Cash,H1: 44.5356
0	11:34:14.825	tester US100Cash,H1: 41.4407
0	11:34:14.825	tester US100Cash,H1: uninit reason 0
0	11:34:14.828	Script tester US100Cash,H1: removed
0	11:34:45.952	Script tester US100Cash,H1: loaded successfully
0	11:34:45.968	tester US100Cash,H1: initialized
0	11:34:45.968	tester US100Cash,H1: 0
0	11:34:45.968	tester US100Cash,H1: 49.7475
0	11:34:45.968	tester US100Cash,H1: 42.0361
0	11:34:45.968	tester US100Cash,H1: 42.9941
0	11:34:45.968	tester US100Cash,H1: 46.4155
0	11:34:45.968	tester US100Cash,H1: 47.8663
0	11:34:45.968	tester US100Cash,H1: 51.4901
0	11:34:45.968	tester US100Cash,H1: Bearish Reset - RSI is now Bullish. New RSI is51.4901
0	11:34:45.968	tester US100Cash,H1: 51.9526
0	11:34:45.968	tester US100Cash,H1: Bearish Reset - RSI is now Bullish. New RSI is51.9526
0	11:34:45.968	tester US100Cash,H1: 57.6207
0	11:34:45.968	tester US100Cash,H1: Bearish Reset - RSI is now Bullish. New RSI is57.6207
0	11:34:45.968	tester US100Cash,H1: 58.169
0	11:34:45.968	tester US100Cash,H1: Bearish Reset - RSI is now Bullish. New RSI is58.169
0	11:34:45.968	tester US100Cash,H1: 57.2587
0	11:34:45.968	tester US100Cash,H1: Bearish Reset - RSI is now Bullish. New RSI is57.2587
0	11:34:45.968	tester US100Cash,H1: 57.6199
0	11:34:45.968	tester US100Cash,H1: Bearish Reset - RSI is now Bullish. New RSI is57.6199
0	11:34:45.968	tester US100Cash,H1: 55.7688
0	11:34:45.968	tester US100Cash,H1: Bearish Reset - RSI is now Bullish. New RSI is55.7688
0	11:34:45.968	tester US100Cash,H1: 45.986
0	11:34:45.968	tester US100Cash,H1: 48.6089
0	11:34:45.968	tester US100Cash,H1: 46.9885
0	11:34:45.968	tester US100Cash,H1: 48.721
0	11:34:45.968	tester US100Cash,H1: 43.3586
0	11:34:45.968	tester US100Cash,H1: 42.7102
0	11:34:45.968	tester US100Cash,H1: 49.247
0	11:34:45.968	tester US100Cash,H1: 48.1879
0	11:34:45.968	tester US100Cash,H1: 45.9614
0	11:34:45.968	tester US100Cash,H1: 43.304
0	11:34:45.968	tester US100Cash,H1: 37.2299
0	11:34:45.968	tester US100Cash,H1: 38.4411
0	11:34:45.968	tester US100Cash,H1: 28.4275
0	11:34:45.968	tester US100Cash,H1: 23.465
0	11:34:45.968	tester US100Cash,H1: 24.1966
0	11:34:45.968	tester US100Cash,H1: 33.2359
0	11:34:45.968	tester US100Cash,H1: 38.3856
0	11:34:45.968	tester US100Cash,H1: 44.0713
0	11:34:45.968	tester US100Cash,H1: 46.3808
0	11:34:45.968	tester US100Cash,H1: 46.6917
0	11:34:45.968	tester US100Cash,H1: 46.0802
0	11:34:45.968	tester US100Cash,H1: 46.7676
0	11:34:45.968	tester US100Cash,H1: 50.3792
0	11:34:45.968	tester US100Cash,H1: Bearish Reset - RSI is now Bullish. New RSI is50.3792
0	11:34:45.968	tester US100Cash,H1: 52.5108
0	11:34:45.968	tester US100Cash,H1: Bearish Reset - RSI is now Bullish. New RSI is52.5108
0	11:34:45.968	tester US100Cash,H1: 53.6509
0	11:34:45.968	tester US100Cash,H1: Bearish Reset - RSI is now Bullish. New RSI is53.6509
0	11:34:45.968	tester US100Cash,H1: 50.4588
0	11:34:45.968	tester US100Cash,H1: Bearish Reset - RSI is now Bullish. New RSI is50.4588
0	11:34:45.968	tester US100Cash,H1: 51.6713
0	11:34:45.968	tester US100Cash,H1: Bearish Reset - RSI is now Bullish. New RSI is51.6713
0	11:34:45.968	tester US100Cash,H1: 53.563
0	11:34:45.968	tester US100Cash,H1: Bearish Reset - RSI is now Bullish. New RSI is53.563
0	11:34:45.968	tester US100Cash,H1: 56.3244
0	11:34:45.968	tester US100Cash,H1: Bearish Reset - RSI is now Bullish. New RSI is56.3244
0	11:34:45.968	tester US100Cash,H1: 56.1573
0	11:34:45.968	tester US100Cash,H1: Bearish Reset - RSI is now Bullish. New RSI is56.1573
0	11:34:45.968	tester US100Cash,H1: 60.2035
0	11:34:45.968	tester US100Cash,H1: Bearish Reset - RSI is now Bullish. New RSI is60.2035
0	11:34:45.968	tester US100Cash,H1: 54.5429
0	11:34:45.968	tester US100Cash,H1: Bearish Reset - RSI is now Bullish. New RSI is54.5429
0	11:34:45.968	tester US100Cash,H1: 50.3666
0	11:34:45.968	tester US100Cash,H1: Bearish Reset - RSI is now Bullish. New RSI is50.3666
0	11:34:45.968	tester US100Cash,H1: 53.6876
0	11:34:45.968	tester US100Cash,H1: Bearish Reset - RSI is now Bullish. New RSI is53.6876
0	11:34:45.968	tester US100Cash,H1: 47.806
0	11:34:45.968	tester US100Cash,H1: 33.8439
0	11:34:45.968	tester US100Cash,H1: 26.9773
0	11:34:45.968	tester US100Cash,H1: 24.1956
0	11:34:45.968	tester US100Cash,H1: 28.7932
0	11:34:45.968	tester US100Cash,H1: 39.3395
0	11:34:45.968	tester US100Cash,H1: 42.8729
0	11:34:45.968	tester US100Cash,H1: 34.2717
0	11:34:45.968	tester US100Cash,H1: 37.4993
0	11:34:45.968	tester US100Cash,H1: 39.1213
0	11:34:45.968	tester US100Cash,H1: 39.5147
0	11:34:45.968	tester US100Cash,H1: 42.0839
0	11:34:45.968	tester US100Cash,H1: 39.8859
0	11:34:45.968	tester US100Cash,H1: 43.3283
0	11:34:45.968	tester US100Cash,H1: 43.8666
0	11:34:45.968	tester US100Cash,H1: 43.013
0	11:34:45.968	tester US100Cash,H1: 44.5899
0	11:34:45.968	tester US100Cash,H1: 44.933
0	11:34:45.968	tester US100Cash,H1: 51.2901
0	11:34:45.968	tester US100Cash,H1: Bearish Reset - RSI is now Bullish. New RSI is51.2901
0	11:34:45.968	tester US100Cash,H1: 51.0732
0	11:34:45.968	tester US100Cash,H1: Bearish Reset - RSI is now Bullish. New RSI is51.0732
0	11:34:45.968	tester US100Cash,H1: 51.6372
0	11:34:45.968	tester US100Cash,H1: Bearish Reset - RSI is now Bullish. New RSI is51.6372
0	11:34:45.968	tester US100Cash,H1: 49.3853
0	11:34:45.968	tester US100Cash,H1: 48.1768
0	11:34:45.968	tester US100Cash,H1: 59.6477
0	11:34:45.968	tester US100Cash,H1: Bearish Reset - RSI is now Bullish. New RSI is59.6477
0	11:34:45.968	tester US100Cash,H1: 69.8494
0	11:34:45.968	tester US100Cash,H1: Bearish Reset - RSI is now Bullish. New RSI is69.8494
0	11:34:45.968	tester US100Cash,H1: 55.6467
0	11:34:45.968	tester US100Cash,H1: Bearish Reset - RSI is now Bullish. New RSI is55.6467
0	11:34:45.968	tester US100Cash,H1: 45.3785
0	11:34:45.968	tester US100Cash,H1: 43.1039
0	11:34:45.968	tester US100Cash,H1: 37.5045
0	11:34:45.968	tester US100Cash,H1: 48.0677
0	11:34:45.968	tester US100Cash,H1: 44.4948
0	11:34:45.968	tester US100Cash,H1: 46.0927
0	11:34:45.968	tester US100Cash,H1: 47.4678
0	11:34:45.968	tester US100Cash,H1: 48.1599
0	11:34:45.968	tester US100Cash,H1: 50.5244
0	11:34:45.968	tester US100Cash,H1: Bearish Reset - RSI is now Bullish. New RSI is50.5244
0	11:34:45.968	tester US100Cash,H1: 48.9659
0	11:34:45.968	tester US100Cash,H1: 46.6613
0	11:34:45.968	tester US100Cash,H1: 45.1511
0	11:34:45.968	tester US100Cash,H1: 44.452
0	11:34:45.968	tester US100Cash,H1: 47.0707
0	11:34:45.968	tester US100Cash,H1: 47.7212
0	11:34:45.968	tester US100Cash,H1: 46.1318
0	11:34:45.968	tester US100Cash,H1: 40.8922
0	11:34:45.968	tester US100Cash,H1: 39.3216
0	11:34:45.968	tester US100Cash,H1: 40.7004
0	11:34:45.968	tester US100Cash,H1: 42.0959
0	11:34:45.968	tester US100Cash,H1: 33.662
0	11:34:45.968	tester US100Cash,H1: 31.2426
0	11:34:45.968	tester US100Cash,H1: 37.0651
0	11:34:45.968	tester US100Cash,H1: 35.0704
0	11:34:45.968	tester US100Cash,H1: 33.4397
0	11:34:45.968	tester US100Cash,H1: 37.2865
0	11:34:45.968	tester US100Cash,H1: 44.5356
0	11:34:45.968	tester US100Cash,H1: 41.4407
0	11:34:45.968	tester US100Cash,H1: uninit reason 0
0	11:34:45.969	Script tester US100Cash,H1: removed
0	11:37:43.288	Script tester US100Cash,H1: loaded successfully
0	11:37:43.301	tester US100Cash,H1: initialized
0	11:37:43.301	tester US100Cash,H1: 0
0	11:37:43.301	tester US100Cash,H1: 49.7475
0	11:37:43.301	tester US100Cash,H1: 42.0361
0	11:37:43.301	tester US100Cash,H1: 42.9941
0	11:37:43.301	tester US100Cash,H1: 46.4155
0	11:37:43.301	tester US100Cash,H1: 47.8663
0	11:37:43.301	tester US100Cash,H1: 51.4901
0	11:37:43.301	tester US100Cash,H1: Bearish Reset - RSI is now Bullish. New RSI is51.4901
0	11:37:43.301	tester US100Cash,H1: 51.9526
0	11:37:43.301	tester US100Cash,H1: Bearish Reset - RSI is now Bullish. New RSI is51.9526
0	11:37:43.301	tester US100Cash,H1: 57.6207
0	11:37:43.301	tester US100Cash,H1: Bearish Reset - RSI is now Bullish. New RSI is57.6207
0	11:37:43.301	tester US100Cash,H1: 58.169
0	11:37:43.301	tester US100Cash,H1: Bearish Reset - RSI is now Bullish. New RSI is58.169
0	11:37:43.301	tester US100Cash,H1: 57.2587
0	11:37:43.301	tester US100Cash,H1: Bearish Reset - RSI is now Bullish. New RSI is57.2587
0	11:37:43.301	tester US100Cash,H1: 57.6199
0	11:37:43.301	tester US100Cash,H1: Bearish Reset - RSI is now Bullish. New RSI is57.6199
0	11:37:43.301	tester US100Cash,H1: 55.7688
0	11:37:43.301	tester US100Cash,H1: Bearish Reset - RSI is now Bullish. New RSI is55.7688
0	11:37:43.301	tester US100Cash,H1: 45.986
0	11:37:43.301	tester US100Cash,H1: 48.6089
0	11:37:43.301	tester US100Cash,H1: 46.9885
0	11:37:43.301	tester US100Cash,H1: 48.721
0	11:37:43.301	tester US100Cash,H1: 43.3586
0	11:37:43.301	tester US100Cash,H1: 42.7102
0	11:37:43.301	tester US100Cash,H1: 49.247
0	11:37:43.301	tester US100Cash,H1: 48.1879
0	11:37:43.301	tester US100Cash,H1: 45.9614
0	11:37:43.301	tester US100Cash,H1: 43.304
0	11:37:43.301	tester US100Cash,H1: 37.2299
0	11:37:43.301	tester US100Cash,H1: 38.4411
0	11:37:43.301	tester US100Cash,H1: 28.4275
0	11:37:43.301	tester US100Cash,H1: 23.465
0	11:37:43.301	tester US100Cash,H1: 24.1966
0	11:37:43.301	tester US100Cash,H1: 33.2359
0	11:37:43.301	tester US100Cash,H1: 38.3856
0	11:37:43.301	tester US100Cash,H1: 44.0713
0	11:37:43.301	tester US100Cash,H1: 46.3808
0	11:37:43.301	tester US100Cash,H1: 46.6917
0	11:37:43.301	tester US100Cash,H1: 46.0802
0	11:37:43.301	tester US100Cash,H1: 46.7676
0	11:37:43.301	tester US100Cash,H1: 50.3792
0	11:37:43.301	tester US100Cash,H1: Bearish Reset - RSI is now Bullish. New RSI is50.3792
0	11:37:43.301	tester US100Cash,H1: 52.5108
0	11:37:43.301	tester US100Cash,H1: Bearish Reset - RSI is now Bullish. New RSI is52.5108
0	11:37:43.301	tester US100Cash,H1: 53.6509
0	11:37:43.301	tester US100Cash,H1: Bearish Reset - RSI is now Bullish. New RSI is53.6509
0	11:37:43.301	tester US100Cash,H1: 50.4588
0	11:37:43.301	tester US100Cash,H1: Bearish Reset - RSI is now Bullish. New RSI is50.4588
0	11:37:43.301	tester US100Cash,H1: 51.6713
0	11:37:43.301	tester US100Cash,H1: Bearish Reset - RSI is now Bullish. New RSI is51.6713
0	11:37:43.301	tester US100Cash,H1: 53.563
0	11:37:43.301	tester US100Cash,H1: Bearish Reset - RSI is now Bullish. New RSI is53.563
0	11:37:43.301	tester US100Cash,H1: 56.3244
0	11:37:43.301	tester US100Cash,H1: Bearish Reset - RSI is now Bullish. New RSI is56.3244
0	11:37:43.301	tester US100Cash,H1: 56.1573
0	11:37:43.301	tester US100Cash,H1: Bearish Reset - RSI is now Bullish. New RSI is56.1573
0	11:37:43.301	tester US100Cash,H1: 60.2035
0	11:37:43.301	tester US100Cash,H1: Bearish Reset - RSI is now Bullish. New RSI is60.2035
0	11:37:43.301	tester US100Cash,H1: 54.5429
0	11:37:43.301	tester US100Cash,H1: Bearish Reset - RSI is now Bullish. New RSI is54.5429
0	11:37:43.301	tester US100Cash,H1: 50.3666
0	11:37:43.301	tester US100Cash,H1: Bearish Reset - RSI is now Bullish. New RSI is50.3666
0	11:37:43.301	tester US100Cash,H1: 53.6876
0	11:37:43.301	tester US100Cash,H1: Bearish Reset - RSI is now Bullish. New RSI is53.6876
0	11:37:43.301	tester US100Cash,H1: 47.806
0	11:37:43.301	tester US100Cash,H1: 33.8439
0	11:37:43.301	tester US100Cash,H1: 26.9773
0	11:37:43.301	tester US100Cash,H1: 24.1956
0	11:37:43.301	tester US100Cash,H1: 28.7932
0	11:37:43.301	tester US100Cash,H1: 39.3395
0	11:37:43.301	tester US100Cash,H1: 42.8729
0	11:37:43.301	tester US100Cash,H1: 34.2717
0	11:37:43.301	tester US100Cash,H1: 37.4993
0	11:37:43.301	tester US100Cash,H1: 39.1213
0	11:37:43.301	tester US100Cash,H1: 39.5147
0	11:37:43.301	tester US100Cash,H1: 42.0839
0	11:37:43.301	tester US100Cash,H1: 39.8859
0	11:37:43.301	tester US100Cash,H1: 43.3283
0	11:37:43.301	tester US100Cash,H1: 43.8666
0	11:37:43.301	tester US100Cash,H1: 43.013
0	11:37:43.301	tester US100Cash,H1: 44.5899
0	11:37:43.301	tester US100Cash,H1: 44.933
0	11:37:43.301	tester US100Cash,H1: 51.2901
0	11:37:43.301	tester US100Cash,H1: Bearish Reset - RSI is now Bullish. New RSI is51.2901
0	11:37:43.301	tester US100Cash,H1: 51.0732
0	11:37:43.301	tester US100Cash,H1: Bearish Reset - RSI is now Bullish. New RSI is51.0732
0	11:37:43.301	tester US100Cash,H1: 51.6372
0	11:37:43.301	tester US100Cash,H1: Bearish Reset - RSI is now Bullish. New RSI is51.6372
0	11:37:43.301	tester US100Cash,H1: 49.3853
0	11:37:43.301	tester US100Cash,H1: 48.1768
0	11:37:43.301	tester US100Cash,H1: 59.6477
0	11:37:43.301	tester US100Cash,H1: Bearish Reset - RSI is now Bullish. New RSI is59.6477
0	11:37:43.301	tester US100Cash,H1: 69.8494
0	11:37:43.301	tester US100Cash,H1: Bearish Reset - RSI is now Bullish. New RSI is69.8494
0	11:37:43.301	tester US100Cash,H1: 55.6467
0	11:37:43.301	tester US100Cash,H1: Bearish Reset - RSI is now Bullish. New RSI is55.6467
0	11:37:43.301	tester US100Cash,H1: 45.3785
0	11:37:43.301	tester US100Cash,H1: 43.1039
0	11:37:43.301	tester US100Cash,H1: 37.5045
0	11:37:43.301	tester US100Cash,H1: 48.0677
0	11:37:43.301	tester US100Cash,H1: 44.4948
0	11:37:43.301	tester US100Cash,H1: 46.0927
0	11:37:43.301	tester US100Cash,H1: 47.4678
0	11:37:43.301	tester US100Cash,H1: 48.1599
0	11:37:43.301	tester US100Cash,H1: 50.5244
0	11:37:43.301	tester US100Cash,H1: Bearish Reset - RSI is now Bullish. New RSI is50.5244
0	11:37:43.301	tester US100Cash,H1: 48.9659
0	11:37:43.301	tester US100Cash,H1: 46.6613
0	11:37:43.301	tester US100Cash,H1: 45.1511
0	11:37:43.301	tester US100Cash,H1: 44.452
0	11:37:43.301	tester US100Cash,H1: 47.0707
0	11:37:43.301	tester US100Cash,H1: 47.7212
0	11:37:43.301	tester US100Cash,H1: 46.1318
0	11:37:43.301	tester US100Cash,H1: 40.8922
0	11:37:43.301	tester US100Cash,H1: 39.3216
0	11:37:43.301	tester US100Cash,H1: 40.7004
0	11:37:43.301	tester US100Cash,H1: 42.0959
0	11:37:43.301	tester US100Cash,H1: 33.662
0	11:37:43.301	tester US100Cash,H1: 31.2426
0	11:37:43.301	tester US100Cash,H1: 37.0651
0	11:37:43.301	tester US100Cash,H1: 35.0704
0	11:37:43.301	tester US100Cash,H1: 33.4397
0	11:37:43.301	tester US100Cash,H1: 37.2865
0	11:37:43.301	tester US100Cash,H1: 44.5356
0	11:37:43.301	tester US100Cash,H1: 41.4407
0	11:37:43.301	tester US100Cash,H1: uninit reason 0
0	11:37:43.303	Script tester US100Cash,H1: removed
