0	14:03:19.948	Compiling 'export'
0	14:03:19.948	Compiling 'MACD Sample'
0	14:03:19.948	Compiling 'Explore'
0	14:03:19.948	Compiling 'Position Sizer'
0	14:03:21.796	Compiling 'Bands'
0	14:03:21.797	Compiling 'Bulls'
0	14:03:21.797	Compiling 'iExposure'
0	14:03:21.797	Compiling 'Stochastic'
0	14:03:21.797	Compiling 'Test'
0	14:03:21.797	Compiling 'ZigZag'
0	14:03:21.798	Compiling 'SimplePanel'
0	14:03:25.526	Compiling 'PeriodConverter'
0	14:03:25.526	Compiling 'Test'
0	14:03:25.527	Compiling 'DLLSampleTester'
0	14:03:25.527	Compiling 'PipeClientPure'
0	14:03:28.673	Compiling 'CopierReceiverFilter'
0	14:15:25.444	Script rsi-divergence-rsi USDJPY#,M1: loaded successfully
0	14:15:25.470	rsi-divergence-rsi USDJPY#,M1: initialized
0	14:15:25.473	rsi-divergence-rsi USDJPY#,M1: This is the last highest RSI:54.0849
0	14:15:25.473	rsi-divergence-rsi USDJPY#,M1: This is the last highest PRICE:145.504
0	14:15:25.473	rsi-divergence-rsi USDJPY#,M1: no bullish divergence...
0	14:15:25.473	rsi-divergence-rsi USDJPY#,M1: no bearish divergence...
0	14:15:25.473	rsi-divergence-rsi USDJPY#,M1: There is a bearish divergence...
0	14:15:25.473	rsi-divergence-rsi USDJPY#,M1: There is a bearish divergence...
0	14:15:25.473	rsi-divergence-rsi USDJPY#,M1: There is a bearish divergence...
0	14:15:25.473	rsi-divergence-rsi USDJPY#,M1: There is a bearish divergence...
0	14:15:25.473	rsi-divergence-rsi USDJPY#,M1: no bearish divergence...
0	14:15:25.473	rsi-divergence-rsi USDJPY#,M1: no bearish divergence...
0	14:15:25.473	rsi-divergence-rsi USDJPY#,M1: no bearish divergence...
0	14:15:25.473	rsi-divergence-rsi USDJPY#,M1: This is the last highest RSI:51.2457
0	14:15:25.473	rsi-divergence-rsi USDJPY#,M1: This is the last highest PRICE:145.455
0	14:15:25.473	rsi-divergence-rsi USDJPY#,M1: no bullish divergence...
0	14:15:25.473	rsi-divergence-rsi USDJPY#,M1: This is the last highest RSI:60.0733
0	14:15:25.473	rsi-divergence-rsi USDJPY#,M1: This is the last highest PRICE:145.471
0	14:15:25.473	rsi-divergence-rsi USDJPY#,M1: no bullish divergence...
0	14:15:25.473	rsi-divergence-rsi USDJPY#,M1: 56.2198- is not a new RSI high...
0	14:15:25.473	rsi-divergence-rsi USDJPY#,M1: 145.467- is not a new PRICE high
0	14:15:25.473	rsi-divergence-rsi USDJPY#,M1: no bullish divergence...
0	14:15:25.473	rsi-divergence-rsi USDJPY#,M1: no bearish divergence...
0	14:15:25.473	rsi-divergence-rsi USDJPY#,M1: no bearish divergence...
0	14:15:25.473	rsi-divergence-rsi USDJPY#,M1: no bearish divergence...
0	14:15:25.473	rsi-divergence-rsi USDJPY#,M1: There is a bearish divergence...
0	14:15:25.473	rsi-divergence-rsi USDJPY#,M1: no bearish divergence...
0	14:15:25.473	rsi-divergence-rsi USDJPY#,M1: no bearish divergence...
0	14:15:25.473	rsi-divergence-rsi USDJPY#,M1: no bearish divergence...
0	14:15:25.473	rsi-divergence-rsi USDJPY#,M1: no bearish divergence...
0	14:15:25.473	rsi-divergence-rsi USDJPY#,M1: no bearish divergence...
0	14:15:25.473	rsi-divergence-rsi USDJPY#,M1: There is a bearish divergence...
0	14:15:25.473	rsi-divergence-rsi USDJPY#,M1: no bearish divergence...
0	14:15:25.473	rsi-divergence-rsi USDJPY#,M1: no bearish divergence...
0	14:15:25.473	rsi-divergence-rsi USDJPY#,M1: This is the last highest RSI:57.2173
0	14:15:25.473	rsi-divergence-rsi USDJPY#,M1: This is the last highest PRICE:145.45
0	14:15:25.473	rsi-divergence-rsi USDJPY#,M1: no bullish divergence...
0	14:15:25.473	rsi-divergence-rsi USDJPY#,M1: no bearish divergence...
0	14:15:25.473	rsi-divergence-rsi USDJPY#,M1: There is a bearish divergence...
0	14:15:25.473	rsi-divergence-rsi USDJPY#,M1: This is the last highest RSI:61.2761
0	14:15:25.473	rsi-divergence-rsi USDJPY#,M1: This is the last highest PRICE:145.46
0	14:15:25.473	rsi-divergence-rsi USDJPY#,M1: no bullish divergence...
0	14:15:25.473	rsi-divergence-rsi USDJPY#,M1: This is the last highest RSI:67.7314
0	14:15:25.473	rsi-divergence-rsi USDJPY#,M1: This is the last highest PRICE:145.491
0	14:15:25.473	rsi-divergence-rsi USDJPY#,M1: no bullish divergence...
0	14:15:25.473	rsi-divergence-rsi USDJPY#,M1: This is the last highest RSI:54.0067
0	14:15:25.473	rsi-divergence-rsi USDJPY#,M1: This is the last highest PRICE:145.457
0	14:15:25.473	rsi-divergence-rsi USDJPY#,M1: no bullish divergence...
0	14:15:25.473	rsi-divergence-rsi USDJPY#,M1: uninit reason 0
0	14:15:25.476	Script rsi-divergence-rsi USDJPY#,M1: removed
0	14:22:29.688	Script rsi-divergence-rsi USDJPY#,H1: loaded successfully
0	14:22:29.705	rsi-divergence-rsi USDJPY#,H1: initialized
0	14:22:29.705	rsi-divergence-rsi USDJPY#,H1: This is the last highest RSI:76.0865
0	14:22:29.705	rsi-divergence-rsi USDJPY#,H1: This is the last highest PRICE:144.033
0	14:22:29.705	rsi-divergence-rsi USDJPY#,H1: no bullish divergence...
0	14:22:29.705	rsi-divergence-rsi USDJPY#,H1: 61.2339- is not a new RSI high...
0	14:22:29.705	rsi-divergence-rsi USDJPY#,H1: 143.859- is not a new PRICE high
0	14:22:29.705	rsi-divergence-rsi USDJPY#,H1: no bullish divergence...
0	14:22:29.705	rsi-divergence-rsi USDJPY#,H1: This is the last highest RSI:83.1539
0	14:22:29.705	rsi-divergence-rsi USDJPY#,H1: This is the last highest PRICE:144.788
0	14:22:29.705	rsi-divergence-rsi USDJPY#,H1: no bullish divergence...
0	14:22:29.705	rsi-divergence-rsi USDJPY#,H1: 79.1388- is not a new RSI high...
0	14:22:29.705	rsi-divergence-rsi USDJPY#,H1: This is the last highest PRICE:144.847
0	14:22:29.705	rsi-divergence-rsi USDJPY#,H1: There is a bullish divergence...
0	14:22:29.705	rsi-divergence-rsi USDJPY#,H1: 70.1405- is not a new RSI high...
0	14:22:29.705	rsi-divergence-rsi USDJPY#,H1: 144.728- is not a new PRICE high
0	14:22:29.705	rsi-divergence-rsi USDJPY#,H1: no bullish divergence...
0	14:22:29.705	rsi-divergence-rsi USDJPY#,H1: 69.2794- is not a new RSI high...
0	14:22:29.705	rsi-divergence-rsi USDJPY#,H1: 144.753- is not a new PRICE high
0	14:22:29.705	rsi-divergence-rsi USDJPY#,H1: no bullish divergence...
0	14:22:29.705	rsi-divergence-rsi USDJPY#,H1: 58.3087- is not a new RSI high...
0	14:22:29.705	rsi-divergence-rsi USDJPY#,H1: 144.6- is not a new PRICE high
0	14:22:29.705	rsi-divergence-rsi USDJPY#,H1: no bullish divergence...
0	14:22:29.705	rsi-divergence-rsi USDJPY#,H1: 64.0374- is not a new RSI high...
0	14:22:29.705	rsi-divergence-rsi USDJPY#,H1: 144.79- is not a new PRICE high
0	14:22:29.705	rsi-divergence-rsi USDJPY#,H1: no bullish divergence...
0	14:22:29.706	rsi-divergence-rsi USDJPY#,H1: 67.3327- is not a new RSI high...
0	14:22:29.706	rsi-divergence-rsi USDJPY#,H1: This is the last highest PRICE:144.938
0	14:22:29.706	rsi-divergence-rsi USDJPY#,H1: There is a bullish divergence...
0	14:22:29.706	rsi-divergence-rsi USDJPY#,H1: 68.2997- is not a new RSI high...
0	14:22:29.706	rsi-divergence-rsi USDJPY#,H1: This is the last highest PRICE:144.982
0	14:22:29.706	rsi-divergence-rsi USDJPY#,H1: There is a bullish divergence...
0	14:22:29.706	rsi-divergence-rsi USDJPY#,H1: 66.0029- is not a new RSI high...
0	14:22:29.706	rsi-divergence-rsi USDJPY#,H1: 144.955- is not a new PRICE high
0	14:22:29.706	rsi-divergence-rsi USDJPY#,H1: no bullish divergence...
0	14:22:29.706	rsi-divergence-rsi USDJPY#,H1: 64.2388- is not a new RSI high...
0	14:22:29.706	rsi-divergence-rsi USDJPY#,H1: This is the last highest PRICE:144.987
0	14:22:29.706	rsi-divergence-rsi USDJPY#,H1: There is a bullish divergence...
0	14:22:29.706	rsi-divergence-rsi USDJPY#,H1: 62.5229- is not a new RSI high...
0	14:22:29.706	rsi-divergence-rsi USDJPY#,H1: 144.967- is not a new PRICE high
0	14:22:29.706	rsi-divergence-rsi USDJPY#,H1: no bullish divergence...
0	14:22:29.706	rsi-divergence-rsi USDJPY#,H1: This is the last highest RSI:58.1711
0	14:22:29.706	rsi-divergence-rsi USDJPY#,H1: This is the last highest PRICE:144.943
0	14:22:29.706	rsi-divergence-rsi USDJPY#,H1: no bullish divergence...
0	14:22:29.706	rsi-divergence-rsi USDJPY#,H1: This is the last highest RSI:77.8224
0	14:22:29.706	rsi-divergence-rsi USDJPY#,H1: This is the last highest PRICE:145.528
0	14:22:29.706	rsi-divergence-rsi USDJPY#,H1: no bullish divergence...
0	14:22:29.706	rsi-divergence-rsi USDJPY#,H1: 69.1621- is not a new RSI high...
0	14:22:29.706	rsi-divergence-rsi USDJPY#,H1: 145.499- is not a new PRICE high
0	14:22:29.706	rsi-divergence-rsi USDJPY#,H1: no bullish divergence...
0	14:22:29.706	rsi-divergence-rsi USDJPY#,H1: 68.8162- is not a new RSI high...
0	14:22:29.706	rsi-divergence-rsi USDJPY#,H1: This is the last highest PRICE:145.542
0	14:22:29.706	rsi-divergence-rsi USDJPY#,H1: There is a bullish divergence...
0	14:22:29.706	rsi-divergence-rsi USDJPY#,H1: 61.9755- is not a new RSI high...
0	14:22:29.706	rsi-divergence-rsi USDJPY#,H1: 145.436- is not a new PRICE high
0	14:22:29.706	rsi-divergence-rsi USDJPY#,H1: no bullish divergence...
0	14:22:29.706	rsi-divergence-rsi USDJPY#,H1: 65.2731- is not a new RSI high...
0	14:22:29.706	rsi-divergence-rsi USDJPY#,H1: 145.54- is not a new PRICE high
0	14:22:29.706	rsi-divergence-rsi USDJPY#,H1: no bullish divergence...
0	14:22:29.706	rsi-divergence-rsi USDJPY#,H1: 63.1048- is not a new RSI high...
0	14:22:29.706	rsi-divergence-rsi USDJPY#,H1: 145.515- is not a new PRICE high
0	14:22:29.706	rsi-divergence-rsi USDJPY#,H1: no bullish divergence...
0	14:22:29.706	rsi-divergence-rsi USDJPY#,H1: 70.9553- is not a new RSI high...
0	14:22:29.706	rsi-divergence-rsi USDJPY#,H1: This is the last highest PRICE:145.796
0	14:22:29.706	rsi-divergence-rsi USDJPY#,H1: There is a bullish divergence...
0	14:22:29.706	rsi-divergence-rsi USDJPY#,H1: no bearish divergence...
0	14:22:29.706	rsi-divergence-rsi USDJPY#,H1: This is the last highest RSI:55.0991
0	14:22:29.706	rsi-divergence-rsi USDJPY#,H1: This is the last highest PRICE:145.557
0	14:22:29.706	rsi-divergence-rsi USDJPY#,H1: no bullish divergence...
0	14:22:29.706	rsi-divergence-rsi USDJPY#,H1: This is the last highest RSI:57.851
0	14:22:29.706	rsi-divergence-rsi USDJPY#,H1: This is the last highest PRICE:145.659
0	14:22:29.706	rsi-divergence-rsi USDJPY#,H1: no bullish divergence...
0	14:22:29.706	rsi-divergence-rsi USDJPY#,H1: 54.2185- is not a new RSI high...
0	14:22:29.706	rsi-divergence-rsi USDJPY#,H1: 145.565- is not a new PRICE high
0	14:22:29.706	rsi-divergence-rsi USDJPY#,H1: no bullish divergence...
0	14:22:29.706	rsi-divergence-rsi USDJPY#,H1: 55.9413- is not a new RSI high...
0	14:22:29.706	rsi-divergence-rsi USDJPY#,H1: 145.616- is not a new PRICE high
0	14:22:29.706	rsi-divergence-rsi USDJPY#,H1: no bullish divergence...
0	14:22:29.706	rsi-divergence-rsi USDJPY#,H1: uninit reason 0
0	14:22:29.707	Script rsi-divergence-rsi USDJPY#,H1: removed
0	16:38:49.032	Script rsi-divergence-rsi USDJPY#,H1: loaded successfully
0	16:38:49.062	rsi-divergence-rsi USDJPY#,H1: initialized
0	16:38:49.065	rsi-divergence-rsi USDJPY#,H1: This is the last highest RSI:76.0865
0	16:38:49.065	rsi-divergence-rsi USDJPY#,H1: This is the last highest PRICE:144.033
0	16:38:49.065	rsi-divergence-rsi USDJPY#,H1: 61.2339- is not a new RSI high...
0	16:38:49.065	rsi-divergence-rsi USDJPY#,H1: 143.859- is not a new PRICE high
0	16:38:49.065	rsi-divergence-rsi USDJPY#,H1: This is the last highest RSI:83.1539
0	16:38:49.065	rsi-divergence-rsi USDJPY#,H1: This is the last highest PRICE:144.788
0	16:38:49.065	rsi-divergence-rsi USDJPY#,H1: 79.1388- is not a new RSI high...
0	16:38:49.065	rsi-divergence-rsi USDJPY#,H1: This is the last highest PRICE:144.847
0	16:38:49.065	rsi-divergence-rsi USDJPY#,H1: 70.1405- is not a new RSI high...
0	16:38:49.065	rsi-divergence-rsi USDJPY#,H1: 144.728- is not a new PRICE high
0	16:38:49.065	rsi-divergence-rsi USDJPY#,H1: 69.2794- is not a new RSI high...
0	16:38:49.065	rsi-divergence-rsi USDJPY#,H1: 144.753- is not a new PRICE high
0	16:38:49.065	rsi-divergence-rsi USDJPY#,H1: 58.3087- is not a new RSI high...
0	16:38:49.065	rsi-divergence-rsi USDJPY#,H1: 144.6- is not a new PRICE high
0	16:38:49.065	rsi-divergence-rsi USDJPY#,H1: 64.0374- is not a new RSI high...
0	16:38:49.065	rsi-divergence-rsi USDJPY#,H1: 144.79- is not a new PRICE high
0	16:38:49.065	rsi-divergence-rsi USDJPY#,H1: 67.3327- is not a new RSI high...
0	16:38:49.065	rsi-divergence-rsi USDJPY#,H1: This is the last highest PRICE:144.938
0	16:38:49.065	rsi-divergence-rsi USDJPY#,H1: 68.2997- is not a new RSI high...
0	16:38:49.065	rsi-divergence-rsi USDJPY#,H1: This is the last highest PRICE:144.982
0	16:38:49.065	rsi-divergence-rsi USDJPY#,H1: 66.0029- is not a new RSI high...
0	16:38:49.065	rsi-divergence-rsi USDJPY#,H1: 144.955- is not a new PRICE high
0	16:38:49.065	rsi-divergence-rsi USDJPY#,H1: 64.2388- is not a new RSI high...
0	16:38:49.065	rsi-divergence-rsi USDJPY#,H1: This is the last highest PRICE:144.987
0	16:38:49.065	rsi-divergence-rsi USDJPY#,H1: 62.5229- is not a new RSI high...
0	16:38:49.065	rsi-divergence-rsi USDJPY#,H1: 144.967- is not a new PRICE high
0	16:38:49.065	rsi-divergence-rsi USDJPY#,H1: This is the last highest RSI:58.1711
0	16:38:49.065	rsi-divergence-rsi USDJPY#,H1: This is the last highest PRICE:144.943
0	16:38:49.065	rsi-divergence-rsi USDJPY#,H1: This is the last highest RSI:77.8224
0	16:38:49.065	rsi-divergence-rsi USDJPY#,H1: This is the last highest PRICE:145.528
0	16:38:49.065	rsi-divergence-rsi USDJPY#,H1: 69.1621- is not a new RSI high...
0	16:38:49.065	rsi-divergence-rsi USDJPY#,H1: 145.499- is not a new PRICE high
0	16:38:49.065	rsi-divergence-rsi USDJPY#,H1: 68.8162- is not a new RSI high...
0	16:38:49.065	rsi-divergence-rsi USDJPY#,H1: This is the last highest PRICE:145.542
0	16:38:49.065	rsi-divergence-rsi USDJPY#,H1: 61.9755- is not a new RSI high...
0	16:38:49.065	rsi-divergence-rsi USDJPY#,H1: 145.436- is not a new PRICE high
0	16:38:49.065	rsi-divergence-rsi USDJPY#,H1: 65.2731- is not a new RSI high...
0	16:38:49.065	rsi-divergence-rsi USDJPY#,H1: 145.54- is not a new PRICE high
0	16:38:49.065	rsi-divergence-rsi USDJPY#,H1: 63.1048- is not a new RSI high...
0	16:38:49.065	rsi-divergence-rsi USDJPY#,H1: 145.515- is not a new PRICE high
0	16:38:49.065	rsi-divergence-rsi USDJPY#,H1: 70.9553- is not a new RSI high...
0	16:38:49.065	rsi-divergence-rsi USDJPY#,H1: This is the last highest PRICE:145.796
0	16:38:49.065	rsi-divergence-rsi USDJPY#,H1: This is the last highest RSI:55.0991
0	16:38:49.065	rsi-divergence-rsi USDJPY#,H1: This is the last highest PRICE:145.557
0	16:38:49.065	rsi-divergence-rsi USDJPY#,H1: This is the last highest RSI:57.851
0	16:38:49.065	rsi-divergence-rsi USDJPY#,H1: This is the last highest PRICE:145.659
0	16:38:49.065	rsi-divergence-rsi USDJPY#,H1: 54.2185- is not a new RSI high...
0	16:38:49.065	rsi-divergence-rsi USDJPY#,H1: 145.565- is not a new PRICE high
0	16:38:49.065	rsi-divergence-rsi USDJPY#,H1: 55.9413- is not a new RSI high...
0	16:38:49.065	rsi-divergence-rsi USDJPY#,H1: 145.616- is not a new PRICE high
0	16:38:49.065	rsi-divergence-rsi USDJPY#,H1: uninit reason 0
0	16:38:49.068	Script rsi-divergence-rsi USDJPY#,H1: removed
