0	13:07:44.152	Script rsi-divergence-rsi USDJPY#,H1: loaded successfully
0	13:07:44.168	rsi-divergence-rsi USDJPY#,H1: initialized
0	13:07:44.168	rsi-divergence-rsi USDJPY#,H1: This is the last highest RSI:70.1405
0	13:07:44.168	rsi-divergence-rsi USDJPY#,H1: This is the last highest PRICE:144.728
0	13:07:44.168	rsi-divergence-rsi USDJPY#,H1: 69.2794- is not a new RSI high...
0	13:07:44.168	rsi-divergence-rsi USDJPY#,H1: This is the last highest PRICE:144.753
0	13:07:44.168	rsi-divergence-rsi USDJPY#,H1: 58.3087- is not a new RSI high...
0	13:07:44.168	rsi-divergence-rsi USDJPY#,H1: 144.6- is not a new PRICE high
0	13:07:44.168	rsi-divergence-rsi USDJPY#,H1: 64.0374- is not a new RSI high...
0	13:07:44.168	rsi-divergence-rsi USDJPY#,H1: This is the last highest PRICE:144.79
0	13:07:44.168	rsi-divergence-rsi USDJPY#,H1: 67.3327- is not a new RSI high...
0	13:07:44.168	rsi-divergence-rsi USDJPY#,H1: This is the last highest PRICE:144.938
0	13:07:44.168	rsi-divergence-rsi USDJPY#,H1: 68.2997- is not a new RSI high...
0	13:07:44.168	rsi-divergence-rsi USDJPY#,H1: This is the last highest PRICE:144.982
0	13:07:44.168	rsi-divergence-rsi USDJPY#,H1: 66.0029- is not a new RSI high...
0	13:07:44.168	rsi-divergence-rsi USDJPY#,H1: 144.955- is not a new PRICE high
0	13:07:44.168	rsi-divergence-rsi USDJPY#,H1: 64.2388- is not a new RSI high...
0	13:07:44.168	rsi-divergence-rsi USDJPY#,H1: This is the last highest PRICE:144.987
0	13:07:44.168	rsi-divergence-rsi USDJPY#,H1: 62.5229- is not a new RSI high...
0	13:07:44.168	rsi-divergence-rsi USDJPY#,H1: 144.967- is not a new PRICE high
0	13:07:44.168	rsi-divergence-rsi USDJPY#,H1: This is the last highest RSI:58.1711
0	13:07:44.168	rsi-divergence-rsi USDJPY#,H1: This is the last highest PRICE:144.943
0	13:07:44.168	rsi-divergence-rsi USDJPY#,H1: This is the last highest RSI:77.8224
0	13:07:44.168	rsi-divergence-rsi USDJPY#,H1: This is the last highest PRICE:145.528
0	13:07:44.168	rsi-divergence-rsi USDJPY#,H1: 69.1621- is not a new RSI high...
0	13:07:44.168	rsi-divergence-rsi USDJPY#,H1: 145.499- is not a new PRICE high
0	13:07:44.168	rsi-divergence-rsi USDJPY#,H1: 68.8162- is not a new RSI high...
0	13:07:44.168	rsi-divergence-rsi USDJPY#,H1: This is the last highest PRICE:145.542
0	13:07:44.168	rsi-divergence-rsi USDJPY#,H1: 61.9755- is not a new RSI high...
0	13:07:44.168	rsi-divergence-rsi USDJPY#,H1: 145.436- is not a new PRICE high
0	13:07:44.168	rsi-divergence-rsi USDJPY#,H1: 65.2731- is not a new RSI high...
0	13:07:44.168	rsi-divergence-rsi USDJPY#,H1: 145.54- is not a new PRICE high
0	13:07:44.168	rsi-divergence-rsi USDJPY#,H1: 63.1048- is not a new RSI high...
0	13:07:44.168	rsi-divergence-rsi USDJPY#,H1: 145.515- is not a new PRICE high
0	13:07:44.168	rsi-divergence-rsi USDJPY#,H1: 70.9553- is not a new RSI high...
0	13:07:44.168	rsi-divergence-rsi USDJPY#,H1: This is the last highest PRICE:145.796
0	13:07:44.168	rsi-divergence-rsi USDJPY#,H1: This is the last highest RSI:55.0991
0	13:07:44.168	rsi-divergence-rsi USDJPY#,H1: This is the last highest PRICE:145.557
0	13:07:44.168	rsi-divergence-rsi USDJPY#,H1: This is the last highest RSI:57.851
0	13:07:44.168	rsi-divergence-rsi USDJPY#,H1: This is the last highest PRICE:145.659
0	13:07:44.168	rsi-divergence-rsi USDJPY#,H1: 54.2185- is not a new RSI high...
0	13:07:44.168	rsi-divergence-rsi USDJPY#,H1: 145.565- is not a new PRICE high
0	13:07:44.168	rsi-divergence-rsi USDJPY#,H1: 55.9413- is not a new RSI high...
0	13:07:44.168	rsi-divergence-rsi USDJPY#,H1: 145.616- is not a new PRICE high
0	13:07:44.168	rsi-divergence-rsi USDJPY#,H1: This is the last highest RSI:66.5001
0	13:07:44.168	rsi-divergence-rsi USDJPY#,H1: This is the last highest PRICE:145.861
0	13:07:44.168	rsi-divergence-rsi USDJPY#,H1: This is the last highest RSI:78.2968
0	13:07:44.168	rsi-divergence-rsi USDJPY#,H1: This is the last highest PRICE:146.34
0	13:07:44.168	rsi-divergence-rsi USDJPY#,H1: 76.3498- is not a new RSI high...
0	13:07:44.168	rsi-divergence-rsi USDJPY#,H1: This is the last highest PRICE:146.419
0	13:07:44.168	rsi-divergence-rsi USDJPY#,H1: uninit reason 0
0	13:07:44.170	Script rsi-divergence-rsi USDJPY#,H1: removed
0	13:09:27.088	Script rsi-divergence-rsi USDJPY#,H1: loaded successfully
0	13:09:27.105	rsi-divergence-rsi USDJPY#,H1: initialized
0	13:09:27.105	rsi-divergence-rsi USDJPY#,H1: This is the last highest RSI:70.1405
0	13:09:27.105	rsi-divergence-rsi USDJPY#,H1: This is the last highest PRICE:144.728
0	13:09:27.105	rsi-divergence-rsi USDJPY#,H1: 69.2794- is not a new RSI high...
0	13:09:27.105	rsi-divergence-rsi USDJPY#,H1: This is the last highest PRICE:144.753
0	13:09:27.105	rsi-divergence-rsi USDJPY#,H1: 58.3087- is not a new RSI high...
0	13:09:27.105	rsi-divergence-rsi USDJPY#,H1: 144.6- is not a new PRICE high
0	13:09:27.105	rsi-divergence-rsi USDJPY#,H1: 64.0374- is not a new RSI high...
0	13:09:27.105	rsi-divergence-rsi USDJPY#,H1: This is the last highest PRICE:144.79
0	13:09:27.105	rsi-divergence-rsi USDJPY#,H1: 67.3327- is not a new RSI high...
0	13:09:27.105	rsi-divergence-rsi USDJPY#,H1: This is the last highest PRICE:144.938
0	13:09:27.105	rsi-divergence-rsi USDJPY#,H1: 68.2997- is not a new RSI high...
0	13:09:27.105	rsi-divergence-rsi USDJPY#,H1: This is the last highest PRICE:144.982
0	13:09:27.105	rsi-divergence-rsi USDJPY#,H1: 66.0029- is not a new RSI high...
0	13:09:27.105	rsi-divergence-rsi USDJPY#,H1: 144.955- is not a new PRICE high
0	13:09:27.105	rsi-divergence-rsi USDJPY#,H1: 64.2388- is not a new RSI high...
0	13:09:27.105	rsi-divergence-rsi USDJPY#,H1: This is the last highest PRICE:144.987
0	13:09:27.105	rsi-divergence-rsi USDJPY#,H1: 62.5229- is not a new RSI high...
0	13:09:27.105	rsi-divergence-rsi USDJPY#,H1: 144.967- is not a new PRICE high
0	13:09:27.105	rsi-divergence-rsi USDJPY#,H1: This is the last highest RSI:58.1711
0	13:09:27.105	rsi-divergence-rsi USDJPY#,H1: This is the last highest PRICE:144.943
0	13:09:27.105	rsi-divergence-rsi USDJPY#,H1: This is the last highest RSI:77.8224
0	13:09:27.105	rsi-divergence-rsi USDJPY#,H1: This is the last highest PRICE:145.528
0	13:09:27.105	rsi-divergence-rsi USDJPY#,H1: 69.1621- is not a new RSI high...
0	13:09:27.105	rsi-divergence-rsi USDJPY#,H1: 145.499- is not a new PRICE high
0	13:09:27.105	rsi-divergence-rsi USDJPY#,H1: 68.8162- is not a new RSI high...
0	13:09:27.105	rsi-divergence-rsi USDJPY#,H1: This is the last highest PRICE:145.542
0	13:09:27.105	rsi-divergence-rsi USDJPY#,H1: 61.9755- is not a new RSI high...
0	13:09:27.105	rsi-divergence-rsi USDJPY#,H1: 145.436- is not a new PRICE high
0	13:09:27.105	rsi-divergence-rsi USDJPY#,H1: 65.2731- is not a new RSI high...
0	13:09:27.105	rsi-divergence-rsi USDJPY#,H1: 145.54- is not a new PRICE high
0	13:09:27.105	rsi-divergence-rsi USDJPY#,H1: 63.1048- is not a new RSI high...
0	13:09:27.105	rsi-divergence-rsi USDJPY#,H1: 145.515- is not a new PRICE high
0	13:09:27.105	rsi-divergence-rsi USDJPY#,H1: 70.9553- is not a new RSI high...
0	13:09:27.105	rsi-divergence-rsi USDJPY#,H1: This is the last highest PRICE:145.796
0	13:09:27.105	rsi-divergence-rsi USDJPY#,H1: This is the last highest RSI:55.0991
0	13:09:27.105	rsi-divergence-rsi USDJPY#,H1: This is the last highest PRICE:145.557
0	13:09:27.105	rsi-divergence-rsi USDJPY#,H1: This is the last highest RSI:57.851
0	13:09:27.105	rsi-divergence-rsi USDJPY#,H1: This is the last highest PRICE:145.659
0	13:09:27.105	rsi-divergence-rsi USDJPY#,H1: 54.2185- is not a new RSI high...
0	13:09:27.105	rsi-divergence-rsi USDJPY#,H1: 145.565- is not a new PRICE high
0	13:09:27.105	rsi-divergence-rsi USDJPY#,H1: 55.9413- is not a new RSI high...
0	13:09:27.105	rsi-divergence-rsi USDJPY#,H1: 145.616- is not a new PRICE high
0	13:09:27.105	rsi-divergence-rsi USDJPY#,H1: This is the last highest RSI:66.5001
0	13:09:27.105	rsi-divergence-rsi USDJPY#,H1: This is the last highest PRICE:145.861
0	13:09:27.105	rsi-divergence-rsi USDJPY#,H1: This is the last highest RSI:78.2968
0	13:09:27.105	rsi-divergence-rsi USDJPY#,H1: This is the last highest PRICE:146.34
0	13:09:27.105	rsi-divergence-rsi USDJPY#,H1: 76.3498- is not a new RSI high...
0	13:09:27.105	rsi-divergence-rsi USDJPY#,H1: This is the last highest PRICE:146.419
0	13:09:27.105	rsi-divergence-rsi USDJPY#,H1: uninit reason 0
0	13:09:27.107	Script rsi-divergence-rsi USDJPY#,H1: removed
0	13:11:45.903	Script rsi-divergence-rsi USDJPY#,H1: loaded successfully
0	13:11:45.918	rsi-divergence-rsi USDJPY#,H1: initialized
0	13:11:45.918	rsi-divergence-rsi USDJPY#,H1: This is the last highest RSI:70.1405
0	13:11:45.918	rsi-divergence-rsi USDJPY#,H1: This is the last highest PRICE:144.728
0	13:11:45.918	rsi-divergence-rsi USDJPY#,H1: 69.2794- is not a new RSI high...
0	13:11:45.918	rsi-divergence-rsi USDJPY#,H1: This is the last highest PRICE:144.753
0	13:11:45.918	rsi-divergence-rsi USDJPY#,H1: 58.3087- is not a new RSI high...
0	13:11:45.918	rsi-divergence-rsi USDJPY#,H1: 144.6- is not a new PRICE high
0	13:11:45.918	rsi-divergence-rsi USDJPY#,H1: 64.0374- is not a new RSI high...
0	13:11:45.918	rsi-divergence-rsi USDJPY#,H1: This is the last highest PRICE:144.79
0	13:11:45.918	rsi-divergence-rsi USDJPY#,H1: 67.3327- is not a new RSI high...
0	13:11:45.918	rsi-divergence-rsi USDJPY#,H1: This is the last highest PRICE:144.938
0	13:11:45.918	rsi-divergence-rsi USDJPY#,H1: 68.2997- is not a new RSI high...
0	13:11:45.918	rsi-divergence-rsi USDJPY#,H1: This is the last highest PRICE:144.982
0	13:11:45.918	rsi-divergence-rsi USDJPY#,H1: 66.0029- is not a new RSI high...
0	13:11:45.918	rsi-divergence-rsi USDJPY#,H1: 144.955- is not a new PRICE high
0	13:11:45.918	rsi-divergence-rsi USDJPY#,H1: 64.2388- is not a new RSI high...
0	13:11:45.918	rsi-divergence-rsi USDJPY#,H1: This is the last highest PRICE:144.987
0	13:11:45.918	rsi-divergence-rsi USDJPY#,H1: 62.5229- is not a new RSI high...
0	13:11:45.918	rsi-divergence-rsi USDJPY#,H1: 144.967- is not a new PRICE high
0	13:11:45.918	rsi-divergence-rsi USDJPY#,H1: This is the last highest RSI:58.1711
0	13:11:45.918	rsi-divergence-rsi USDJPY#,H1: This is the last highest PRICE:144.943
0	13:11:45.918	rsi-divergence-rsi USDJPY#,H1: This is the last highest RSI:77.8224
0	13:11:45.918	rsi-divergence-rsi USDJPY#,H1: This is the last highest PRICE:145.528
0	13:11:45.918	rsi-divergence-rsi USDJPY#,H1: 69.1621- is not a new RSI high...
0	13:11:45.918	rsi-divergence-rsi USDJPY#,H1: 145.499- is not a new PRICE high
0	13:11:45.918	rsi-divergence-rsi USDJPY#,H1: 68.8162- is not a new RSI high...
0	13:11:45.918	rsi-divergence-rsi USDJPY#,H1: This is the last highest PRICE:145.542
0	13:11:45.918	rsi-divergence-rsi USDJPY#,H1: 61.9755- is not a new RSI high...
0	13:11:45.918	rsi-divergence-rsi USDJPY#,H1: 145.436- is not a new PRICE high
0	13:11:45.918	rsi-divergence-rsi USDJPY#,H1: 65.2731- is not a new RSI high...
0	13:11:45.918	rsi-divergence-rsi USDJPY#,H1: 145.54- is not a new PRICE high
0	13:11:45.918	rsi-divergence-rsi USDJPY#,H1: 63.1048- is not a new RSI high...
0	13:11:45.918	rsi-divergence-rsi USDJPY#,H1: 145.515- is not a new PRICE high
0	13:11:45.918	rsi-divergence-rsi USDJPY#,H1: 70.9553- is not a new RSI high...
0	13:11:45.918	rsi-divergence-rsi USDJPY#,H1: This is the last highest PRICE:145.796
0	13:11:45.918	rsi-divergence-rsi USDJPY#,H1: This is the last highest RSI:55.0991
0	13:11:45.918	rsi-divergence-rsi USDJPY#,H1: This is the last highest PRICE:145.557
0	13:11:45.918	rsi-divergence-rsi USDJPY#,H1: This is the last highest RSI:57.851
0	13:11:45.918	rsi-divergence-rsi USDJPY#,H1: This is the last highest PRICE:145.659
0	13:11:45.918	rsi-divergence-rsi USDJPY#,H1: 54.2185- is not a new RSI high...
0	13:11:45.918	rsi-divergence-rsi USDJPY#,H1: 145.565- is not a new PRICE high
0	13:11:45.918	rsi-divergence-rsi USDJPY#,H1: 55.9413- is not a new RSI high...
0	13:11:45.918	rsi-divergence-rsi USDJPY#,H1: 145.616- is not a new PRICE high
0	13:11:45.918	rsi-divergence-rsi USDJPY#,H1: This is the last highest RSI:66.5001
0	13:11:45.918	rsi-divergence-rsi USDJPY#,H1: This is the last highest PRICE:145.861
0	13:11:45.918	rsi-divergence-rsi USDJPY#,H1: This is the last highest RSI:78.2968
0	13:11:45.918	rsi-divergence-rsi USDJPY#,H1: This is the last highest PRICE:146.34
0	13:11:45.918	rsi-divergence-rsi USDJPY#,H1: 76.3498- is not a new RSI high...
0	13:11:45.918	rsi-divergence-rsi USDJPY#,H1: This is the last highest PRICE:146.419
0	13:11:45.918	rsi-divergence-rsi USDJPY#,H1: uninit reason 0
0	13:11:45.919	Script rsi-divergence-rsi USDJPY#,H1: removed
0	13:16:05.531	Script rsi-divergence-rsi USDJPY#,H1: loaded successfully
0	13:16:05.545	rsi-divergence-rsi USDJPY#,H1: initialized
0	13:16:05.545	rsi-divergence-rsi USDJPY#,H1: This is the last highest RSI:70.1405
0	13:16:05.545	rsi-divergence-rsi USDJPY#,H1: This is the last highest PRICE:144.728
0	13:16:05.545	rsi-divergence-rsi USDJPY#,H1: 69.2794- is not a new RSI high...
0	13:16:05.545	rsi-divergence-rsi USDJPY#,H1: This is the last highest PRICE:144.753
0	13:16:05.545	rsi-divergence-rsi USDJPY#,H1: 58.3087- is not a new RSI high...
0	13:16:05.545	rsi-divergence-rsi USDJPY#,H1: 144.6- is not a new PRICE high
0	13:16:05.545	rsi-divergence-rsi USDJPY#,H1: 64.0374- is not a new RSI high...
0	13:16:05.545	rsi-divergence-rsi USDJPY#,H1: This is the last highest PRICE:144.79
0	13:16:05.545	rsi-divergence-rsi USDJPY#,H1: 67.3327- is not a new RSI high...
0	13:16:05.545	rsi-divergence-rsi USDJPY#,H1: This is the last highest PRICE:144.938
0	13:16:05.545	rsi-divergence-rsi USDJPY#,H1: 68.2997- is not a new RSI high...
0	13:16:05.545	rsi-divergence-rsi USDJPY#,H1: This is the last highest PRICE:144.982
0	13:16:05.545	rsi-divergence-rsi USDJPY#,H1: 66.0029- is not a new RSI high...
0	13:16:05.545	rsi-divergence-rsi USDJPY#,H1: 144.955- is not a new PRICE high
0	13:16:05.545	rsi-divergence-rsi USDJPY#,H1: 64.2388- is not a new RSI high...
0	13:16:05.545	rsi-divergence-rsi USDJPY#,H1: This is the last highest PRICE:144.987
0	13:16:05.545	rsi-divergence-rsi USDJPY#,H1: 62.5229- is not a new RSI high...
0	13:16:05.545	rsi-divergence-rsi USDJPY#,H1: 144.967- is not a new PRICE high
0	13:16:05.545	rsi-divergence-rsi USDJPY#,H1: This is the last highest RSI:58.1711
0	13:16:05.545	rsi-divergence-rsi USDJPY#,H1: This is the last highest PRICE:144.943
0	13:16:05.545	rsi-divergence-rsi USDJPY#,H1: This is the last highest RSI:77.8224
0	13:16:05.545	rsi-divergence-rsi USDJPY#,H1: This is the last highest PRICE:145.528
0	13:16:05.545	rsi-divergence-rsi USDJPY#,H1: 69.1621- is not a new RSI high...
0	13:16:05.545	rsi-divergence-rsi USDJPY#,H1: 145.499- is not a new PRICE high
0	13:16:05.545	rsi-divergence-rsi USDJPY#,H1: 68.8162- is not a new RSI high...
0	13:16:05.545	rsi-divergence-rsi USDJPY#,H1: This is the last highest PRICE:145.542
0	13:16:05.545	rsi-divergence-rsi USDJPY#,H1: 61.9755- is not a new RSI high...
0	13:16:05.545	rsi-divergence-rsi USDJPY#,H1: 145.436- is not a new PRICE high
0	13:16:05.545	rsi-divergence-rsi USDJPY#,H1: 65.2731- is not a new RSI high...
0	13:16:05.545	rsi-divergence-rsi USDJPY#,H1: 145.54- is not a new PRICE high
0	13:16:05.545	rsi-divergence-rsi USDJPY#,H1: 63.1048- is not a new RSI high...
0	13:16:05.545	rsi-divergence-rsi USDJPY#,H1: 145.515- is not a new PRICE high
0	13:16:05.545	rsi-divergence-rsi USDJPY#,H1: 70.9553- is not a new RSI high...
0	13:16:05.545	rsi-divergence-rsi USDJPY#,H1: This is the last highest PRICE:145.796
0	13:16:05.545	rsi-divergence-rsi USDJPY#,H1: This is the last highest RSI:55.0991
0	13:16:05.545	rsi-divergence-rsi USDJPY#,H1: This is the last highest PRICE:145.557
0	13:16:05.545	rsi-divergence-rsi USDJPY#,H1: This is the last highest RSI:57.851
0	13:16:05.545	rsi-divergence-rsi USDJPY#,H1: This is the last highest PRICE:145.659
0	13:16:05.545	rsi-divergence-rsi USDJPY#,H1: 54.2185- is not a new RSI high...
0	13:16:05.545	rsi-divergence-rsi USDJPY#,H1: 145.565- is not a new PRICE high
0	13:16:05.545	rsi-divergence-rsi USDJPY#,H1: 55.9413- is not a new RSI high...
0	13:16:05.545	rsi-divergence-rsi USDJPY#,H1: 145.616- is not a new PRICE high
0	13:16:05.545	rsi-divergence-rsi USDJPY#,H1: This is the last highest RSI:66.5001
0	13:16:05.545	rsi-divergence-rsi USDJPY#,H1: This is the last highest PRICE:145.861
0	13:16:05.545	rsi-divergence-rsi USDJPY#,H1: This is the last highest RSI:78.2968
0	13:16:05.545	rsi-divergence-rsi USDJPY#,H1: This is the last highest PRICE:146.34
0	13:16:05.545	rsi-divergence-rsi USDJPY#,H1: 76.3498- is not a new RSI high...
0	13:16:05.545	rsi-divergence-rsi USDJPY#,H1: This is the last highest PRICE:146.419
0	13:16:05.545	rsi-divergence-rsi USDJPY#,H1: uninit reason 0
0	13:16:05.547	Script rsi-divergence-rsi USDJPY#,H1: removed
0	13:21:29.962	Script rsi-divergence-rsi USDJPY#,H1: loaded successfully
0	13:21:29.975	rsi-divergence-rsi USDJPY#,H1: initialized
0	13:21:29.975	rsi-divergence-rsi USDJPY#,H1: This is the last highest RSI:70.1405
0	13:21:29.975	rsi-divergence-rsi USDJPY#,H1: This is the last highest PRICE:144.728
0	13:21:29.975	rsi-divergence-rsi USDJPY#,H1: 69.2794- is not a new RSI high...
0	13:21:29.975	rsi-divergence-rsi USDJPY#,H1: This is the last highest PRICE:144.753
0	13:21:29.975	rsi-divergence-rsi USDJPY#,H1: 58.3087- is not a new RSI high...
0	13:21:29.975	rsi-divergence-rsi USDJPY#,H1: 144.6- is not a new PRICE high
0	13:21:29.975	rsi-divergence-rsi USDJPY#,H1: 64.0374- is not a new RSI high...
0	13:21:29.975	rsi-divergence-rsi USDJPY#,H1: This is the last highest PRICE:144.79
0	13:21:29.975	rsi-divergence-rsi USDJPY#,H1: 67.3327- is not a new RSI high...
0	13:21:29.975	rsi-divergence-rsi USDJPY#,H1: This is the last highest PRICE:144.938
0	13:21:29.975	rsi-divergence-rsi USDJPY#,H1: 68.2997- is not a new RSI high...
0	13:21:29.975	rsi-divergence-rsi USDJPY#,H1: This is the last highest PRICE:144.982
0	13:21:29.975	rsi-divergence-rsi USDJPY#,H1: 66.0029- is not a new RSI high...
0	13:21:29.975	rsi-divergence-rsi USDJPY#,H1: 144.955- is not a new PRICE high
0	13:21:29.975	rsi-divergence-rsi USDJPY#,H1: 64.2388- is not a new RSI high...
0	13:21:29.975	rsi-divergence-rsi USDJPY#,H1: This is the last highest PRICE:144.987
0	13:21:29.975	rsi-divergence-rsi USDJPY#,H1: 62.5229- is not a new RSI high...
0	13:21:29.975	rsi-divergence-rsi USDJPY#,H1: 144.967- is not a new PRICE high
0	13:21:29.975	rsi-divergence-rsi USDJPY#,H1: This is the last highest RSI:58.1711
0	13:21:29.975	rsi-divergence-rsi USDJPY#,H1: This is the last highest PRICE:144.943
0	13:21:29.975	rsi-divergence-rsi USDJPY#,H1: This is the last highest RSI:77.8224
0	13:21:29.975	rsi-divergence-rsi USDJPY#,H1: This is the last highest PRICE:145.528
0	13:21:29.975	rsi-divergence-rsi USDJPY#,H1: 69.1621- is not a new RSI high...
0	13:21:29.975	rsi-divergence-rsi USDJPY#,H1: 145.499- is not a new PRICE high
0	13:21:29.975	rsi-divergence-rsi USDJPY#,H1: 68.8162- is not a new RSI high...
0	13:21:29.975	rsi-divergence-rsi USDJPY#,H1: This is the last highest PRICE:145.542
0	13:21:29.975	rsi-divergence-rsi USDJPY#,H1: 61.9755- is not a new RSI high...
0	13:21:29.975	rsi-divergence-rsi USDJPY#,H1: 145.436- is not a new PRICE high
0	13:21:29.975	rsi-divergence-rsi USDJPY#,H1: 65.2731- is not a new RSI high...
0	13:21:29.975	rsi-divergence-rsi USDJPY#,H1: 145.54- is not a new PRICE high
0	13:21:29.975	rsi-divergence-rsi USDJPY#,H1: 63.1048- is not a new RSI high...
0	13:21:29.975	rsi-divergence-rsi USDJPY#,H1: 145.515- is not a new PRICE high
0	13:21:29.975	rsi-divergence-rsi USDJPY#,H1: 70.9553- is not a new RSI high...
0	13:21:29.975	rsi-divergence-rsi USDJPY#,H1: This is the last highest PRICE:145.796
0	13:21:29.975	rsi-divergence-rsi USDJPY#,H1: This is the last highest RSI:55.0991
0	13:21:29.975	rsi-divergence-rsi USDJPY#,H1: This is the last highest PRICE:145.557
0	13:21:29.975	rsi-divergence-rsi USDJPY#,H1: This is the last highest RSI:57.851
0	13:21:29.975	rsi-divergence-rsi USDJPY#,H1: This is the last highest PRICE:145.659
0	13:21:29.975	rsi-divergence-rsi USDJPY#,H1: 54.2185- is not a new RSI high...
0	13:21:29.975	rsi-divergence-rsi USDJPY#,H1: 145.565- is not a new PRICE high
0	13:21:29.975	rsi-divergence-rsi USDJPY#,H1: 55.9413- is not a new RSI high...
0	13:21:29.975	rsi-divergence-rsi USDJPY#,H1: 145.616- is not a new PRICE high
0	13:21:29.975	rsi-divergence-rsi USDJPY#,H1: This is the last highest RSI:66.5001
0	13:21:29.975	rsi-divergence-rsi USDJPY#,H1: This is the last highest PRICE:145.861
0	13:21:29.975	rsi-divergence-rsi USDJPY#,H1: This is the last highest RSI:78.2968
0	13:21:29.975	rsi-divergence-rsi USDJPY#,H1: This is the last highest PRICE:146.34
0	13:21:29.975	rsi-divergence-rsi USDJPY#,H1: 76.3498- is not a new RSI high...
0	13:21:29.975	rsi-divergence-rsi USDJPY#,H1: This is the last highest PRICE:146.419
0	13:21:29.975	rsi-divergence-rsi USDJPY#,H1: uninit reason 0
0	13:21:29.977	Script rsi-divergence-rsi USDJPY#,H1: removed
0	13:22:38.190	Script rsi-divergence-rsi USDJPY#,H1: loaded successfully
0	13:22:38.207	rsi-divergence-rsi USDJPY#,H1: initialized
0	13:22:38.207	rsi-divergence-rsi USDJPY#,H1: This is the last highest RSI:70.1405
0	13:22:38.207	rsi-divergence-rsi USDJPY#,H1: This is the last highest PRICE:144.728
0	13:22:38.207	rsi-divergence-rsi USDJPY#,H1: 69.2794- is not a new RSI high...
0	13:22:38.207	rsi-divergence-rsi USDJPY#,H1: This is the last highest PRICE:144.753
0	13:22:38.207	rsi-divergence-rsi USDJPY#,H1: 58.3087- is not a new RSI high...
0	13:22:38.207	rsi-divergence-rsi USDJPY#,H1: 144.6- is not a new PRICE high
0	13:22:38.207	rsi-divergence-rsi USDJPY#,H1: 64.0374- is not a new RSI high...
0	13:22:38.207	rsi-divergence-rsi USDJPY#,H1: This is the last highest PRICE:144.79
0	13:22:38.207	rsi-divergence-rsi USDJPY#,H1: 67.3327- is not a new RSI high...
0	13:22:38.207	rsi-divergence-rsi USDJPY#,H1: This is the last highest PRICE:144.938
0	13:22:38.207	rsi-divergence-rsi USDJPY#,H1: 68.2997- is not a new RSI high...
0	13:22:38.207	rsi-divergence-rsi USDJPY#,H1: This is the last highest PRICE:144.982
0	13:22:38.207	rsi-divergence-rsi USDJPY#,H1: 66.0029- is not a new RSI high...
0	13:22:38.207	rsi-divergence-rsi USDJPY#,H1: 144.955- is not a new PRICE high
0	13:22:38.207	rsi-divergence-rsi USDJPY#,H1: 64.2388- is not a new RSI high...
0	13:22:38.207	rsi-divergence-rsi USDJPY#,H1: This is the last highest PRICE:144.987
0	13:22:38.208	rsi-divergence-rsi USDJPY#,H1: 62.5229- is not a new RSI high...
0	13:22:38.208	rsi-divergence-rsi USDJPY#,H1: 144.967- is not a new PRICE high
0	13:22:38.208	rsi-divergence-rsi USDJPY#,H1: This is the last highest RSI:58.1711
0	13:22:38.208	rsi-divergence-rsi USDJPY#,H1: This is the last highest PRICE:144.943
0	13:22:38.208	rsi-divergence-rsi USDJPY#,H1: This is the last highest RSI:77.8224
0	13:22:38.208	rsi-divergence-rsi USDJPY#,H1: This is the last highest PRICE:145.528
0	13:22:38.208	rsi-divergence-rsi USDJPY#,H1: 69.1621- is not a new RSI high...
0	13:22:38.208	rsi-divergence-rsi USDJPY#,H1: 145.499- is not a new PRICE high
0	13:22:38.208	rsi-divergence-rsi USDJPY#,H1: 68.8162- is not a new RSI high...
0	13:22:38.208	rsi-divergence-rsi USDJPY#,H1: This is the last highest PRICE:145.542
0	13:22:38.208	rsi-divergence-rsi USDJPY#,H1: 61.9755- is not a new RSI high...
0	13:22:38.208	rsi-divergence-rsi USDJPY#,H1: 145.436- is not a new PRICE high
0	13:22:38.208	rsi-divergence-rsi USDJPY#,H1: 65.2731- is not a new RSI high...
0	13:22:38.208	rsi-divergence-rsi USDJPY#,H1: 145.54- is not a new PRICE high
0	13:22:38.208	rsi-divergence-rsi USDJPY#,H1: 63.1048- is not a new RSI high...
0	13:22:38.208	rsi-divergence-rsi USDJPY#,H1: 145.515- is not a new PRICE high
0	13:22:38.208	rsi-divergence-rsi USDJPY#,H1: 70.9553- is not a new RSI high...
0	13:22:38.208	rsi-divergence-rsi USDJPY#,H1: This is the last highest PRICE:145.796
0	13:22:38.208	rsi-divergence-rsi USDJPY#,H1: This is the last highest RSI:55.0991
0	13:22:38.208	rsi-divergence-rsi USDJPY#,H1: This is the last highest PRICE:145.557
0	13:22:38.208	rsi-divergence-rsi USDJPY#,H1: This is the last highest RSI:57.851
0	13:22:38.208	rsi-divergence-rsi USDJPY#,H1: This is the last highest PRICE:145.659
0	13:22:38.208	rsi-divergence-rsi USDJPY#,H1: 54.2185- is not a new RSI high...
0	13:22:38.208	rsi-divergence-rsi USDJPY#,H1: 145.565- is not a new PRICE high
0	13:22:38.208	rsi-divergence-rsi USDJPY#,H1: 55.9413- is not a new RSI high...
0	13:22:38.208	rsi-divergence-rsi USDJPY#,H1: 145.616- is not a new PRICE high
0	13:22:38.208	rsi-divergence-rsi USDJPY#,H1: This is the last highest RSI:66.5001
0	13:22:38.208	rsi-divergence-rsi USDJPY#,H1: This is the last highest PRICE:145.861
0	13:22:38.208	rsi-divergence-rsi USDJPY#,H1: This is the last highest RSI:78.2968
0	13:22:38.208	rsi-divergence-rsi USDJPY#,H1: This is the last highest PRICE:146.34
0	13:22:38.208	rsi-divergence-rsi USDJPY#,H1: 76.3498- is not a new RSI high...
0	13:22:38.208	rsi-divergence-rsi USDJPY#,H1: This is the last highest PRICE:146.419
0	13:22:38.208	rsi-divergence-rsi USDJPY#,H1: uninit reason 0
0	13:22:38.209	Script rsi-divergence-rsi USDJPY#,H1: removed
0	13:23:49.677	Script rsi-divergence-rsi USDJPY#,H1: loaded successfully
0	13:23:49.693	rsi-divergence-rsi USDJPY#,H1: initialized
0	13:23:49.694	rsi-divergence-rsi USDJPY#,H1: This is the last highest RSI:70.1405
0	13:23:49.694	rsi-divergence-rsi USDJPY#,H1: This is the last highest PRICE:144.728
0	13:23:49.694	rsi-divergence-rsi USDJPY#,H1: 69.2794- is not a new RSI high...
0	13:23:49.694	rsi-divergence-rsi USDJPY#,H1: This is the last highest PRICE:144.753
0	13:23:49.694	rsi-divergence-rsi USDJPY#,H1: 58.3087- is not a new RSI high...
0	13:23:49.694	rsi-divergence-rsi USDJPY#,H1: 144.6- is not a new PRICE high
0	13:23:49.694	rsi-divergence-rsi USDJPY#,H1: 64.0374- is not a new RSI high...
0	13:23:49.694	rsi-divergence-rsi USDJPY#,H1: This is the last highest PRICE:144.79
0	13:23:49.694	rsi-divergence-rsi USDJPY#,H1: 67.3327- is not a new RSI high...
0	13:23:49.694	rsi-divergence-rsi USDJPY#,H1: This is the last highest PRICE:144.938
0	13:23:49.694	rsi-divergence-rsi USDJPY#,H1: 68.2997- is not a new RSI high...
0	13:23:49.694	rsi-divergence-rsi USDJPY#,H1: This is the last highest PRICE:144.982
0	13:23:49.694	rsi-divergence-rsi USDJPY#,H1: 66.0029- is not a new RSI high...
0	13:23:49.694	rsi-divergence-rsi USDJPY#,H1: 144.955- is not a new PRICE high
0	13:23:49.694	rsi-divergence-rsi USDJPY#,H1: 64.2388- is not a new RSI high...
0	13:23:49.694	rsi-divergence-rsi USDJPY#,H1: This is the last highest PRICE:144.987
0	13:23:49.694	rsi-divergence-rsi USDJPY#,H1: 62.5229- is not a new RSI high...
0	13:23:49.694	rsi-divergence-rsi USDJPY#,H1: 144.967- is not a new PRICE high
0	13:23:49.694	rsi-divergence-rsi USDJPY#,H1: This is the last highest RSI:58.1711
0	13:23:49.694	rsi-divergence-rsi USDJPY#,H1: This is the last highest PRICE:144.943
0	13:23:49.694	rsi-divergence-rsi USDJPY#,H1: This is the last highest RSI:77.8224
0	13:23:49.694	rsi-divergence-rsi USDJPY#,H1: This is the last highest PRICE:145.528
0	13:23:49.694	rsi-divergence-rsi USDJPY#,H1: 69.1621- is not a new RSI high...
0	13:23:49.694	rsi-divergence-rsi USDJPY#,H1: 145.499- is not a new PRICE high
0	13:23:49.694	rsi-divergence-rsi USDJPY#,H1: 68.8162- is not a new RSI high...
0	13:23:49.694	rsi-divergence-rsi USDJPY#,H1: This is the last highest PRICE:145.542
0	13:23:49.694	rsi-divergence-rsi USDJPY#,H1: 61.9755- is not a new RSI high...
0	13:23:49.694	rsi-divergence-rsi USDJPY#,H1: 145.436- is not a new PRICE high
0	13:23:49.694	rsi-divergence-rsi USDJPY#,H1: 65.2731- is not a new RSI high...
0	13:23:49.694	rsi-divergence-rsi USDJPY#,H1: 145.54- is not a new PRICE high
0	13:23:49.694	rsi-divergence-rsi USDJPY#,H1: 63.1048- is not a new RSI high...
0	13:23:49.694	rsi-divergence-rsi USDJPY#,H1: 145.515- is not a new PRICE high
0	13:23:49.694	rsi-divergence-rsi USDJPY#,H1: 70.9553- is not a new RSI high...
0	13:23:49.694	rsi-divergence-rsi USDJPY#,H1: This is the last highest PRICE:145.796
0	13:23:49.694	rsi-divergence-rsi USDJPY#,H1: This is the last highest RSI:55.0991
0	13:23:49.694	rsi-divergence-rsi USDJPY#,H1: This is the last highest PRICE:145.557
0	13:23:49.694	rsi-divergence-rsi USDJPY#,H1: This is the last highest RSI:57.851
0	13:23:49.694	rsi-divergence-rsi USDJPY#,H1: This is the last highest PRICE:145.659
0	13:23:49.694	rsi-divergence-rsi USDJPY#,H1: 54.2185- is not a new RSI high...
0	13:23:49.694	rsi-divergence-rsi USDJPY#,H1: 145.565- is not a new PRICE high
0	13:23:49.694	rsi-divergence-rsi USDJPY#,H1: 55.9413- is not a new RSI high...
0	13:23:49.694	rsi-divergence-rsi USDJPY#,H1: 145.616- is not a new PRICE high
0	13:23:49.694	rsi-divergence-rsi USDJPY#,H1: This is the last highest RSI:66.5001
0	13:23:49.694	rsi-divergence-rsi USDJPY#,H1: This is the last highest PRICE:145.861
0	13:23:49.694	rsi-divergence-rsi USDJPY#,H1: This is the last highest RSI:78.2968
0	13:23:49.694	rsi-divergence-rsi USDJPY#,H1: This is the last highest PRICE:146.34
0	13:23:49.694	rsi-divergence-rsi USDJPY#,H1: 76.3498- is not a new RSI high...
0	13:23:49.694	rsi-divergence-rsi USDJPY#,H1: This is the last highest PRICE:146.419
0	13:23:49.694	rsi-divergence-rsi USDJPY#,H1: uninit reason 0
0	13:23:49.695	Script rsi-divergence-rsi USDJPY#,H1: removed
0	13:25:33.010	Script rsi-divergence-rsi USDJPY#,H1: loaded successfully
0	13:25:33.024	rsi-divergence-rsi USDJPY#,H1: initialized
0	13:25:33.024	rsi-divergence-rsi USDJPY#,H1: This is the last highest RSI:70.1405
0	13:25:33.024	rsi-divergence-rsi USDJPY#,H1: This is the last highest PRICE:144.728
0	13:25:33.024	rsi-divergence-rsi USDJPY#,H1: 69.2794- is not a new RSI high...
0	13:25:33.024	rsi-divergence-rsi USDJPY#,H1: This is the last highest PRICE:144.753
0	13:25:33.024	rsi-divergence-rsi USDJPY#,H1: 58.3087- is not a new RSI high...
0	13:25:33.024	rsi-divergence-rsi USDJPY#,H1: 144.6- is not a new PRICE high
0	13:25:33.024	rsi-divergence-rsi USDJPY#,H1: 64.0374- is not a new RSI high...
0	13:25:33.024	rsi-divergence-rsi USDJPY#,H1: This is the last highest PRICE:144.79
0	13:25:33.024	rsi-divergence-rsi USDJPY#,H1: 67.3327- is not a new RSI high...
0	13:25:33.024	rsi-divergence-rsi USDJPY#,H1: This is the last highest PRICE:144.938
0	13:25:33.024	rsi-divergence-rsi USDJPY#,H1: 68.2997- is not a new RSI high...
0	13:25:33.024	rsi-divergence-rsi USDJPY#,H1: This is the last highest PRICE:144.982
0	13:25:33.024	rsi-divergence-rsi USDJPY#,H1: 66.0029- is not a new RSI high...
0	13:25:33.024	rsi-divergence-rsi USDJPY#,H1: 144.955- is not a new PRICE high
0	13:25:33.024	rsi-divergence-rsi USDJPY#,H1: 64.2388- is not a new RSI high...
0	13:25:33.024	rsi-divergence-rsi USDJPY#,H1: This is the last highest PRICE:144.987
0	13:25:33.024	rsi-divergence-rsi USDJPY#,H1: 62.5229- is not a new RSI high...
0	13:25:33.024	rsi-divergence-rsi USDJPY#,H1: 144.967- is not a new PRICE high
0	13:25:33.024	rsi-divergence-rsi USDJPY#,H1: This is the last highest RSI:58.1711
0	13:25:33.024	rsi-divergence-rsi USDJPY#,H1: This is the last highest PRICE:144.943
0	13:25:33.024	rsi-divergence-rsi USDJPY#,H1: This is the last highest RSI:77.8224
0	13:25:33.024	rsi-divergence-rsi USDJPY#,H1: This is the last highest PRICE:145.528
0	13:25:33.024	rsi-divergence-rsi USDJPY#,H1: 69.1621- is not a new RSI high...
0	13:25:33.024	rsi-divergence-rsi USDJPY#,H1: 145.499- is not a new PRICE high
0	13:25:33.024	rsi-divergence-rsi USDJPY#,H1: 68.8162- is not a new RSI high...
0	13:25:33.024	rsi-divergence-rsi USDJPY#,H1: This is the last highest PRICE:145.542
0	13:25:33.024	rsi-divergence-rsi USDJPY#,H1: 61.9755- is not a new RSI high...
0	13:25:33.024	rsi-divergence-rsi USDJPY#,H1: 145.436- is not a new PRICE high
0	13:25:33.024	rsi-divergence-rsi USDJPY#,H1: 65.2731- is not a new RSI high...
0	13:25:33.024	rsi-divergence-rsi USDJPY#,H1: 145.54- is not a new PRICE high
0	13:25:33.024	rsi-divergence-rsi USDJPY#,H1: 63.1048- is not a new RSI high...
0	13:25:33.024	rsi-divergence-rsi USDJPY#,H1: 145.515- is not a new PRICE high
0	13:25:33.024	rsi-divergence-rsi USDJPY#,H1: 70.9553- is not a new RSI high...
0	13:25:33.024	rsi-divergence-rsi USDJPY#,H1: This is the last highest PRICE:145.796
0	13:25:33.024	rsi-divergence-rsi USDJPY#,H1: This is the last highest RSI:55.0991
0	13:25:33.024	rsi-divergence-rsi USDJPY#,H1: This is the last highest PRICE:145.557
0	13:25:33.024	rsi-divergence-rsi USDJPY#,H1: This is the last highest RSI:57.851
0	13:25:33.024	rsi-divergence-rsi USDJPY#,H1: This is the last highest PRICE:145.659
0	13:25:33.024	rsi-divergence-rsi USDJPY#,H1: 54.2185- is not a new RSI high...
0	13:25:33.024	rsi-divergence-rsi USDJPY#,H1: 145.565- is not a new PRICE high
0	13:25:33.024	rsi-divergence-rsi USDJPY#,H1: 55.9413- is not a new RSI high...
0	13:25:33.024	rsi-divergence-rsi USDJPY#,H1: 145.616- is not a new PRICE high
0	13:25:33.024	rsi-divergence-rsi USDJPY#,H1: This is the last highest RSI:66.5001
0	13:25:33.024	rsi-divergence-rsi USDJPY#,H1: This is the last highest PRICE:145.861
0	13:25:33.024	rsi-divergence-rsi USDJPY#,H1: This is the last highest RSI:78.2968
0	13:25:33.024	rsi-divergence-rsi USDJPY#,H1: This is the last highest PRICE:146.34
0	13:25:33.024	rsi-divergence-rsi USDJPY#,H1: 76.3498- is not a new RSI high...
0	13:25:33.024	rsi-divergence-rsi USDJPY#,H1: This is the last highest PRICE:146.419
0	13:25:33.024	rsi-divergence-rsi USDJPY#,H1: uninit reason 0
0	13:25:33.026	Script rsi-divergence-rsi USDJPY#,H1: removed
0	13:27:22.919	Script rsi-divergence-rsi USDJPY#,H1: loaded successfully
0	13:27:22.932	rsi-divergence-rsi USDJPY#,H1: initialized
0	13:27:22.932	rsi-divergence-rsi USDJPY#,H1: This is the last highest RSI:70.1405
0	13:27:22.932	rsi-divergence-rsi USDJPY#,H1: This is the last highest PRICE:144.728
0	13:27:22.932	rsi-divergence-rsi USDJPY#,H1: 69.2794- is not a new RSI high...
0	13:27:22.932	rsi-divergence-rsi USDJPY#,H1: This is the last highest PRICE:144.753
0	13:27:22.932	rsi-divergence-rsi USDJPY#,H1: 58.3087- is not a new RSI high...
0	13:27:22.932	rsi-divergence-rsi USDJPY#,H1: 144.6- is not a new PRICE high
0	13:27:22.932	rsi-divergence-rsi USDJPY#,H1: 64.0374- is not a new RSI high...
0	13:27:22.932	rsi-divergence-rsi USDJPY#,H1: This is the last highest PRICE:144.79
0	13:27:22.932	rsi-divergence-rsi USDJPY#,H1: 67.3327- is not a new RSI high...
0	13:27:22.932	rsi-divergence-rsi USDJPY#,H1: This is the last highest PRICE:144.938
0	13:27:22.932	rsi-divergence-rsi USDJPY#,H1: 68.2997- is not a new RSI high...
0	13:27:22.932	rsi-divergence-rsi USDJPY#,H1: This is the last highest PRICE:144.982
0	13:27:22.932	rsi-divergence-rsi USDJPY#,H1: 66.0029- is not a new RSI high...
0	13:27:22.932	rsi-divergence-rsi USDJPY#,H1: 144.955- is not a new PRICE high
0	13:27:22.932	rsi-divergence-rsi USDJPY#,H1: 64.2388- is not a new RSI high...
0	13:27:22.932	rsi-divergence-rsi USDJPY#,H1: This is the last highest PRICE:144.987
0	13:27:22.932	rsi-divergence-rsi USDJPY#,H1: 62.5229- is not a new RSI high...
0	13:27:22.932	rsi-divergence-rsi USDJPY#,H1: 144.967- is not a new PRICE high
0	13:27:22.932	rsi-divergence-rsi USDJPY#,H1: This is the last highest RSI:58.1711
0	13:27:22.932	rsi-divergence-rsi USDJPY#,H1: This is the last highest PRICE:144.943
0	13:27:22.932	rsi-divergence-rsi USDJPY#,H1: This is the last highest RSI:77.8224
0	13:27:22.932	rsi-divergence-rsi USDJPY#,H1: This is the last highest PRICE:145.528
0	13:27:22.932	rsi-divergence-rsi USDJPY#,H1: 69.1621- is not a new RSI high...
0	13:27:22.932	rsi-divergence-rsi USDJPY#,H1: 145.499- is not a new PRICE high
0	13:27:22.932	rsi-divergence-rsi USDJPY#,H1: 68.8162- is not a new RSI high...
0	13:27:22.932	rsi-divergence-rsi USDJPY#,H1: This is the last highest PRICE:145.542
0	13:27:22.932	rsi-divergence-rsi USDJPY#,H1: 61.9755- is not a new RSI high...
0	13:27:22.932	rsi-divergence-rsi USDJPY#,H1: 145.436- is not a new PRICE high
0	13:27:22.932	rsi-divergence-rsi USDJPY#,H1: 65.2731- is not a new RSI high...
0	13:27:22.932	rsi-divergence-rsi USDJPY#,H1: 145.54- is not a new PRICE high
0	13:27:22.932	rsi-divergence-rsi USDJPY#,H1: 63.1048- is not a new RSI high...
0	13:27:22.932	rsi-divergence-rsi USDJPY#,H1: 145.515- is not a new PRICE high
0	13:27:22.932	rsi-divergence-rsi USDJPY#,H1: 70.9553- is not a new RSI high...
0	13:27:22.932	rsi-divergence-rsi USDJPY#,H1: This is the last highest PRICE:145.796
0	13:27:22.932	rsi-divergence-rsi USDJPY#,H1: This is the last highest RSI:55.0991
0	13:27:22.932	rsi-divergence-rsi USDJPY#,H1: This is the last highest PRICE:145.557
0	13:27:22.932	rsi-divergence-rsi USDJPY#,H1: This is the last highest RSI:57.851
0	13:27:22.932	rsi-divergence-rsi USDJPY#,H1: This is the last highest PRICE:145.659
0	13:27:22.932	rsi-divergence-rsi USDJPY#,H1: 54.2185- is not a new RSI high...
0	13:27:22.932	rsi-divergence-rsi USDJPY#,H1: 145.565- is not a new PRICE high
0	13:27:22.932	rsi-divergence-rsi USDJPY#,H1: 55.9413- is not a new RSI high...
0	13:27:22.932	rsi-divergence-rsi USDJPY#,H1: 145.616- is not a new PRICE high
0	13:27:22.932	rsi-divergence-rsi USDJPY#,H1: This is the last highest RSI:66.5001
0	13:27:22.932	rsi-divergence-rsi USDJPY#,H1: This is the last highest PRICE:145.861
0	13:27:22.932	rsi-divergence-rsi USDJPY#,H1: This is the last highest RSI:78.2968
0	13:27:22.932	rsi-divergence-rsi USDJPY#,H1: This is the last highest PRICE:146.34
0	13:27:22.932	rsi-divergence-rsi USDJPY#,H1: 76.3498- is not a new RSI high...
0	13:27:22.932	rsi-divergence-rsi USDJPY#,H1: This is the last highest PRICE:146.419
0	13:27:22.932	rsi-divergence-rsi USDJPY#,H1: uninit reason 0
0	13:27:22.933	Script rsi-divergence-rsi USDJPY#,H1: removed
0	13:31:25.358	Script rsi-divergence-rsi USDJPY#,H1: loaded successfully
0	13:31:25.371	rsi-divergence-rsi USDJPY#,H1: initialized
0	13:31:25.371	rsi-divergence-rsi USDJPY#,H1: This is the last highest RSI:70.1405
0	13:31:25.371	rsi-divergence-rsi USDJPY#,H1: This is the last highest PRICE:144.728
0	13:31:25.371	rsi-divergence-rsi USDJPY#,H1: 69.2794- is not a new RSI high...
0	13:31:25.371	rsi-divergence-rsi USDJPY#,H1: This is the last highest PRICE:144.753
0	13:31:25.371	rsi-divergence-rsi USDJPY#,H1: This is the last highest RSI:58.1711
0	13:31:25.371	rsi-divergence-rsi USDJPY#,H1: This is the last highest PRICE:144.943
0	13:31:25.371	rsi-divergence-rsi USDJPY#,H1: This is the last highest RSI:77.8224
0	13:31:25.371	rsi-divergence-rsi USDJPY#,H1: This is the last highest PRICE:145.528
0	13:31:25.371	rsi-divergence-rsi USDJPY#,H1: 69.1621- is not a new RSI high...
0	13:31:25.371	rsi-divergence-rsi USDJPY#,H1: 145.499- is not a new PRICE high
0	13:31:25.371	rsi-divergence-rsi USDJPY#,H1: 68.8162- is not a new RSI high...
0	13:31:25.371	rsi-divergence-rsi USDJPY#,H1: This is the last highest PRICE:145.542
0	13:31:25.371	rsi-divergence-rsi USDJPY#,H1: This is the last highest RSI:55.0991
0	13:31:25.371	rsi-divergence-rsi USDJPY#,H1: This is the last highest PRICE:145.557
0	13:31:25.371	rsi-divergence-rsi USDJPY#,H1: This is the last highest RSI:57.851
0	13:31:25.371	rsi-divergence-rsi USDJPY#,H1: This is the last highest PRICE:145.659
0	13:31:25.371	rsi-divergence-rsi USDJPY#,H1: 54.2185- is not a new RSI high...
0	13:31:25.371	rsi-divergence-rsi USDJPY#,H1: 145.565- is not a new PRICE high
0	13:31:25.371	rsi-divergence-rsi USDJPY#,H1: 55.9413- is not a new RSI high...
0	13:31:25.371	rsi-divergence-rsi USDJPY#,H1: 145.616- is not a new PRICE high
0	13:31:25.371	rsi-divergence-rsi USDJPY#,H1: This is the last highest RSI:66.5001
0	13:31:25.371	rsi-divergence-rsi USDJPY#,H1: This is the last highest PRICE:145.861
0	13:31:25.371	rsi-divergence-rsi USDJPY#,H1: This is the last highest RSI:78.2968
0	13:31:25.371	rsi-divergence-rsi USDJPY#,H1: This is the last highest PRICE:146.34
0	13:31:25.371	rsi-divergence-rsi USDJPY#,H1: 76.3498- is not a new RSI high...
0	13:31:25.371	rsi-divergence-rsi USDJPY#,H1: This is the last highest PRICE:146.419
0	13:31:25.371	rsi-divergence-rsi USDJPY#,H1: uninit reason 0
0	13:31:25.373	Script rsi-divergence-rsi USDJPY#,H1: removed
0	13:34:42.572	Script rsi-divergence-rsi USDJPY#,M1: loaded successfully
0	13:34:42.593	rsi-divergence-rsi USDJPY#,M1: initialized
0	13:34:42.593	rsi-divergence-rsi USDJPY#,M1: This is the last highest RSI:51.2457
0	13:34:42.593	rsi-divergence-rsi USDJPY#,M1: This is the last highest PRICE:145.455
0	13:34:42.593	rsi-divergence-rsi USDJPY#,M1: This is the last highest RSI:60.0733
0	13:34:42.593	rsi-divergence-rsi USDJPY#,M1: This is the last highest PRICE:145.471
0	13:34:42.593	rsi-divergence-rsi USDJPY#,M1: 56.2198- is not a new RSI high...
0	13:34:42.593	rsi-divergence-rsi USDJPY#,M1: 145.467- is not a new PRICE high
0	13:34:42.593	rsi-divergence-rsi USDJPY#,M1: This is the last highest RSI:57.2173
0	13:34:42.593	rsi-divergence-rsi USDJPY#,M1: This is the last highest PRICE:145.45
0	13:34:42.593	rsi-divergence-rsi USDJPY#,M1: This is the last highest RSI:61.2761
0	13:34:42.593	rsi-divergence-rsi USDJPY#,M1: This is the last highest PRICE:145.46
0	13:34:42.593	rsi-divergence-rsi USDJPY#,M1: This is the last highest RSI:67.7314
0	13:34:42.593	rsi-divergence-rsi USDJPY#,M1: This is the last highest PRICE:145.491
0	13:34:42.593	rsi-divergence-rsi USDJPY#,M1: This is the last highest RSI:54.0067
0	13:34:42.593	rsi-divergence-rsi USDJPY#,M1: This is the last highest PRICE:145.457
0	13:34:42.593	rsi-divergence-rsi USDJPY#,M1: This is the last highest RSI:60.6311
0	13:34:42.593	rsi-divergence-rsi USDJPY#,M1: This is the last highest PRICE:145.481
0	13:34:42.593	rsi-divergence-rsi USDJPY#,M1: 56.9431- is not a new RSI high...
0	13:34:42.593	rsi-divergence-rsi USDJPY#,M1: 145.473- is not a new PRICE high
0	13:34:42.593	rsi-divergence-rsi USDJPY#,M1: uninit reason 0
0	13:34:42.595	Script rsi-divergence-rsi USDJPY#,M1: removed
0	13:36:57.874	Script rsi-divergence-rsi USDJPY#,M1: loaded successfully
0	13:36:57.888	rsi-divergence-rsi USDJPY#,M1: initialized
0	13:36:57.888	rsi-divergence-rsi USDJPY#,M1: This is the last lowest RSI44.2723
0	13:36:57.888	rsi-divergence-rsi USDJPY#,M1: This is the last lowest PRICE:0
0	13:36:57.888	rsi-divergence-rsi USDJPY#,M1: This is the last highest RSI:56.2861
0	13:36:57.888	rsi-divergence-rsi USDJPY#,M1: This is the last highest PRICE:146.421
0	13:36:57.888	rsi-divergence-rsi USDJPY#,M1: 52.2599- is not a new RSI high...
0	13:36:57.888	rsi-divergence-rsi USDJPY#,M1: 146.414- is not a new PRICE high
0	13:36:57.888	rsi-divergence-rsi USDJPY#,M1: This is the last lowest RSI46.5019
0	13:36:57.888	rsi-divergence-rsi USDJPY#,M1: This is the last lowest PRICE:146.414
0	13:36:57.888	rsi-divergence-rsi USDJPY#,M1: 46.5798- is not a new RSI low
0	13:36:57.888	rsi-divergence-rsi USDJPY#,M1: 146.414- is not a new PRICE Low
0	13:36:57.888	rsi-divergence-rsi USDJPY#,M1: This is the last lowest RSI43.9984
0	13:36:57.888	rsi-divergence-rsi USDJPY#,M1: 146.414- is not a new PRICE Low
0	13:36:57.888	rsi-divergence-rsi USDJPY#,M1: This is the last lowest RSI43.3875
0	13:36:57.888	rsi-divergence-rsi USDJPY#,M1: This is the last lowest PRICE:146.414
0	13:36:57.888	rsi-divergence-rsi USDJPY#,M1: This is the last highest RSI:64.3782
0	13:36:57.888	rsi-divergence-rsi USDJPY#,M1: This is the last highest PRICE:146.424
0	13:36:57.888	rsi-divergence-rsi USDJPY#,M1: This is the last lowest RSI43.0287
0	13:36:57.888	rsi-divergence-rsi USDJPY#,M1: This is the last lowest PRICE:146.424
0	13:36:57.888	rsi-divergence-rsi USDJPY#,M1: 44.2829- is not a new RSI low
0	13:36:57.888	rsi-divergence-rsi USDJPY#,M1: 146.424- is not a new PRICE Low
0	13:36:57.888	rsi-divergence-rsi USDJPY#,M1: This is the last lowest RSI41.2463
0	13:36:57.888	rsi-divergence-rsi USDJPY#,M1: 146.424- is not a new PRICE Low
0	13:36:57.888	rsi-divergence-rsi USDJPY#,M1: This is the last lowest RSI43.764
0	13:36:57.888	rsi-divergence-rsi USDJPY#,M1: This is the last lowest PRICE:146.424
0	13:36:57.888	rsi-divergence-rsi USDJPY#,M1: This is the last highest RSI:57.6556
0	13:36:57.888	rsi-divergence-rsi USDJPY#,M1: This is the last highest PRICE:146.414
0	13:36:57.888	rsi-divergence-rsi USDJPY#,M1: 56.7485- is not a new RSI high...
0	13:36:57.888	rsi-divergence-rsi USDJPY#,M1: 146.413- is not a new PRICE high
0	13:36:57.888	rsi-divergence-rsi USDJPY#,M1: This is the last lowest RSI41.4014
0	13:36:57.888	rsi-divergence-rsi USDJPY#,M1: This is the last lowest PRICE:146.413
0	13:36:57.888	rsi-divergence-rsi USDJPY#,M1: This is the last lowest RSI42.9206
0	13:36:57.888	rsi-divergence-rsi USDJPY#,M1: This is the last lowest PRICE:146.413
0	13:36:57.888	rsi-divergence-rsi USDJPY#,M1: This is the last lowest RSI40.5121
0	13:36:57.888	rsi-divergence-rsi USDJPY#,M1: 146.413- is not a new PRICE Low
0	13:36:57.888	rsi-divergence-rsi USDJPY#,M1: This is the last highest RSI:57.3911
0	13:36:57.888	rsi-divergence-rsi USDJPY#,M1: This is the last highest PRICE:146.409
0	13:36:57.888	rsi-divergence-rsi USDJPY#,M1: uninit reason 0
0	13:36:57.889	Script rsi-divergence-rsi USDJPY#,M1: removed
0	13:48:53.883	Script rsi-divergence-rsi USDJPY#,M1: loaded successfully
0	13:48:53.900	rsi-divergence-rsi USDJPY#,M1: initialized
0	13:48:53.900	rsi-divergence-rsi USDJPY#,M1: This is the last highest RSI:52.2599
0	13:48:53.900	rsi-divergence-rsi USDJPY#,M1: This is the last highest PRICE:146.414
0	13:48:53.900	rsi-divergence-rsi USDJPY#,M1: This is the last lowest RSI46.5019
0	13:48:53.900	rsi-divergence-rsi USDJPY#,M1: This is the last lowest PRICE:146.414
0	13:48:53.900	rsi-divergence-rsi USDJPY#,M1: 46.5798- is not a new RSI low
0	13:48:53.900	rsi-divergence-rsi USDJPY#,M1: This is the last lowest PRICE:146.414
0	13:48:53.900	rsi-divergence-rsi USDJPY#,M1: This is the last lowest RSI43.3875
0	13:48:53.900	rsi-divergence-rsi USDJPY#,M1: This is the last lowest PRICE:146.414
0	13:48:53.900	rsi-divergence-rsi USDJPY#,M1: This is the last highest RSI:64.3782
0	13:48:53.900	rsi-divergence-rsi USDJPY#,M1: This is the last highest PRICE:146.424
0	13:48:53.900	rsi-divergence-rsi USDJPY#,M1: This is the last lowest RSI43.0287
0	13:48:53.900	rsi-divergence-rsi USDJPY#,M1: This is the last lowest PRICE:146.424
0	13:48:53.900	rsi-divergence-rsi USDJPY#,M1: 44.2829- is not a new RSI low
0	13:48:53.900	rsi-divergence-rsi USDJPY#,M1: This is the last lowest PRICE:146.424
0	13:48:53.900	rsi-divergence-rsi USDJPY#,M1: This is the last lowest RSI43.764
0	13:48:53.901	rsi-divergence-rsi USDJPY#,M1: This is the last lowest PRICE:146.424
0	13:48:53.901	rsi-divergence-rsi USDJPY#,M1: This is the last highest RSI:57.6556
0	13:48:53.901	rsi-divergence-rsi USDJPY#,M1: This is the last highest PRICE:146.414
0	13:48:53.901	rsi-divergence-rsi USDJPY#,M1: 56.7485- is not a new RSI high...
0	13:48:53.901	rsi-divergence-rsi USDJPY#,M1: 146.413- is not a new PRICE high
0	13:48:53.901	rsi-divergence-rsi USDJPY#,M1: This is the last lowest RSI41.4014
0	13:48:53.901	rsi-divergence-rsi USDJPY#,M1: This is the last lowest PRICE:146.413
0	13:48:53.901	rsi-divergence-rsi USDJPY#,M1: This is the last lowest RSI42.9206
0	13:48:53.901	rsi-divergence-rsi USDJPY#,M1: This is the last lowest PRICE:146.413
0	13:48:53.901	rsi-divergence-rsi USDJPY#,M1: This is the last lowest RSI40.5121
0	13:48:53.901	rsi-divergence-rsi USDJPY#,M1: This is the last lowest PRICE:146.413
0	13:48:53.901	rsi-divergence-rsi USDJPY#,M1: This is the last highest RSI:57.3911
0	13:48:53.901	rsi-divergence-rsi USDJPY#,M1: This is the last highest PRICE:146.409
0	13:48:53.901	rsi-divergence-rsi USDJPY#,M1: This is the last highest RSI:63.2558
0	13:48:53.901	rsi-divergence-rsi USDJPY#,M1: This is the last highest PRICE:146.425
0	13:48:53.901	rsi-divergence-rsi USDJPY#,M1: This is the last lowest RSI42.0223
0	13:48:53.901	rsi-divergence-rsi USDJPY#,M1: This is the last lowest PRICE:146.425
0	13:48:53.901	rsi-divergence-rsi USDJPY#,M1: 42.6525- is not a new RSI low
0	13:48:53.901	rsi-divergence-rsi USDJPY#,M1: This is the last lowest PRICE:146.425
0	13:48:53.901	rsi-divergence-rsi USDJPY#,M1: uninit reason 0
0	13:48:53.903	Script rsi-divergence-rsi USDJPY#,M1: removed
0	13:53:34.297	Script rsi-divergence-rsi USDJPY#,M1: loaded successfully
0	13:53:34.311	rsi-divergence-rsi USDJPY#,M1: initialized
0	13:53:34.311	rsi-divergence-rsi USDJPY#,M1: This is the last lowest RSI43.9984
0	13:53:34.311	rsi-divergence-rsi USDJPY#,M1: This is the last lowest PRICE:43.9984
0	13:53:34.311	rsi-divergence-rsi USDJPY#,M1: This is the last lowest RSI39.1688
0	13:53:34.311	rsi-divergence-rsi USDJPY#,M1: This is the last lowest PRICE:39.1688
0	13:53:34.311	rsi-divergence-rsi USDJPY#,M1: This is the last lowest RSI39.0551
0	13:53:34.311	rsi-divergence-rsi USDJPY#,M1: This is the last lowest PRICE:39.0551
0	13:53:34.311	rsi-divergence-rsi USDJPY#,M1: This is the last lowest RSI43.3875
0	13:53:34.311	rsi-divergence-rsi USDJPY#,M1: This is the last lowest PRICE:43.3875
0	13:53:34.311	rsi-divergence-rsi USDJPY#,M1: This is the last highest RSI:64.3782
0	13:53:34.311	rsi-divergence-rsi USDJPY#,M1: This is the last highest PRICE:146.424
0	13:53:34.312	rsi-divergence-rsi USDJPY#,M1: This is the last lowest RSI43.0287
0	13:53:34.312	rsi-divergence-rsi USDJPY#,M1: This is the last lowest PRICE:43.0287
0	13:53:34.312	rsi-divergence-rsi USDJPY#,M1: 44.2829- is not a new RSI low
0	13:53:34.312	rsi-divergence-rsi USDJPY#,M1: 44.2829- is not a new PRICE Low
0	13:53:34.312	rsi-divergence-rsi USDJPY#,M1: This is the last lowest RSI41.2463
0	13:53:34.312	rsi-divergence-rsi USDJPY#,M1: This is the last lowest PRICE:41.2463
0	13:53:34.312	rsi-divergence-rsi USDJPY#,M1: This is the last lowest RSI35.9494
0	13:53:34.312	rsi-divergence-rsi USDJPY#,M1: This is the last lowest PRICE:35.9494
0	13:53:34.312	rsi-divergence-rsi USDJPY#,M1: This is the last lowest RSI43.764
0	13:53:34.312	rsi-divergence-rsi USDJPY#,M1: This is the last lowest PRICE:43.764
0	13:53:34.312	rsi-divergence-rsi USDJPY#,M1: This is the last highest RSI:57.6556
0	13:53:34.312	rsi-divergence-rsi USDJPY#,M1: This is the last highest PRICE:146.414
0	13:53:34.312	rsi-divergence-rsi USDJPY#,M1: 56.7485- is not a new RSI high...
0	13:53:34.312	rsi-divergence-rsi USDJPY#,M1: 146.413- is not a new PRICE high
0	13:53:34.312	rsi-divergence-rsi USDJPY#,M1: This is the last lowest RSI41.4014
0	13:53:34.312	rsi-divergence-rsi USDJPY#,M1: This is the last lowest PRICE:41.4014
0	13:53:34.312	rsi-divergence-rsi USDJPY#,M1: This is the last lowest RSI42.9206
0	13:53:34.312	rsi-divergence-rsi USDJPY#,M1: This is the last lowest PRICE:42.9206
0	13:53:34.312	rsi-divergence-rsi USDJPY#,M1: This is the last lowest RSI40.5121
0	13:53:34.312	rsi-divergence-rsi USDJPY#,M1: This is the last lowest PRICE:40.5121
0	13:53:34.312	rsi-divergence-rsi USDJPY#,M1: This is the last highest RSI:57.3911
0	13:53:34.312	rsi-divergence-rsi USDJPY#,M1: This is the last highest PRICE:146.409
0	13:53:34.312	rsi-divergence-rsi USDJPY#,M1: This is the last highest RSI:63.2558
0	13:53:34.312	rsi-divergence-rsi USDJPY#,M1: This is the last highest PRICE:146.425
0	13:53:34.312	rsi-divergence-rsi USDJPY#,M1: This is the last lowest RSI42.0223
0	13:53:34.312	rsi-divergence-rsi USDJPY#,M1: This is the last lowest PRICE:42.0223
0	13:53:34.312	rsi-divergence-rsi USDJPY#,M1: 42.6525- is not a new RSI low
0	13:53:34.312	rsi-divergence-rsi USDJPY#,M1: 42.6525- is not a new PRICE Low
0	13:53:34.312	rsi-divergence-rsi USDJPY#,M1: This is the last lowest RSI39.9213
0	13:53:34.312	rsi-divergence-rsi USDJPY#,M1: This is the last lowest PRICE:39.9213
0	13:53:34.312	rsi-divergence-rsi USDJPY#,M1: This is the last lowest RSI32.8735
0	13:53:34.312	rsi-divergence-rsi USDJPY#,M1: This is the last lowest PRICE:32.8735
0	13:53:34.312	rsi-divergence-rsi USDJPY#,M1: uninit reason 0
0	13:53:34.312	Script rsi-divergence-rsi USDJPY#,M1: removed
0	13:58:25.646	Script rsi-divergence-rsi USDJPY#,M1: loaded successfully
0	13:58:25.661	rsi-divergence-rsi USDJPY#,M1: initialized
0	13:58:25.661	rsi-divergence-rsi USDJPY#,M1: This is the last lowest RSI39.0551
0	13:58:25.661	rsi-divergence-rsi USDJPY#,M1: This is the last lowest PRICE:146.391
0	13:58:25.661	rsi-divergence-rsi USDJPY#,M1: This is the last lowest RSI43.3875
0	13:58:25.661	rsi-divergence-rsi USDJPY#,M1: This is the last lowest PRICE:146.394
0	13:58:25.661	rsi-divergence-rsi USDJPY#,M1: This is the last highest RSI:64.3782
0	13:58:25.661	rsi-divergence-rsi USDJPY#,M1: This is the last highest PRICE:146.424
0	13:58:25.661	rsi-divergence-rsi USDJPY#,M1: This is the last lowest RSI43.0287
0	13:58:25.661	rsi-divergence-rsi USDJPY#,M1: This is the last lowest PRICE:146.389
0	13:58:25.661	rsi-divergence-rsi USDJPY#,M1: 44.2829- is not a new RSI low
0	13:58:25.661	rsi-divergence-rsi USDJPY#,M1: 146.391- is not a new PRICE Low
0	13:58:25.661	rsi-divergence-rsi USDJPY#,M1: This is the last lowest RSI41.2463
0	13:58:25.661	rsi-divergence-rsi USDJPY#,M1: This is the last lowest PRICE:146.384
0	13:58:25.661	rsi-divergence-rsi USDJPY#,M1: This is the last lowest RSI35.9494
0	13:58:25.661	rsi-divergence-rsi USDJPY#,M1: This is the last lowest PRICE:146.371
0	13:58:25.661	rsi-divergence-rsi USDJPY#,M1: This is the last lowest RSI43.764
0	13:58:25.661	rsi-divergence-rsi USDJPY#,M1: This is the last lowest PRICE:146.382
0	13:58:25.661	rsi-divergence-rsi USDJPY#,M1: This is the last highest RSI:57.6556
0	13:58:25.661	rsi-divergence-rsi USDJPY#,M1: This is the last highest PRICE:146.414
0	13:58:25.661	rsi-divergence-rsi USDJPY#,M1: 56.7485- is not a new RSI high...
0	13:58:25.661	rsi-divergence-rsi USDJPY#,M1: 146.413- is not a new PRICE high
0	13:58:25.661	rsi-divergence-rsi USDJPY#,M1: This is the last lowest RSI41.4014
0	13:58:25.661	rsi-divergence-rsi USDJPY#,M1: This is the last lowest PRICE:146.385
0	13:58:25.661	rsi-divergence-rsi USDJPY#,M1: This is the last lowest RSI42.9206
0	13:58:25.661	rsi-divergence-rsi USDJPY#,M1: This is the last lowest PRICE:146.387
0	13:58:25.661	rsi-divergence-rsi USDJPY#,M1: This is the last lowest RSI40.5121
0	13:58:25.661	rsi-divergence-rsi USDJPY#,M1: This is the last lowest PRICE:146.382
0	13:58:25.661	rsi-divergence-rsi USDJPY#,M1: This is the last highest RSI:57.3911
0	13:58:25.661	rsi-divergence-rsi USDJPY#,M1: This is the last highest PRICE:146.409
0	13:58:25.661	rsi-divergence-rsi USDJPY#,M1: This is the last highest RSI:63.2558
0	13:58:25.661	rsi-divergence-rsi USDJPY#,M1: This is the last highest PRICE:146.425
0	13:58:25.661	rsi-divergence-rsi USDJPY#,M1: This is the last lowest RSI42.0223
0	13:58:25.661	rsi-divergence-rsi USDJPY#,M1: This is the last lowest PRICE:146.384
0	13:58:25.661	rsi-divergence-rsi USDJPY#,M1: 42.6525- is not a new RSI low
0	13:58:25.661	rsi-divergence-rsi USDJPY#,M1: This is the last lowest PRICE:146.382
0	13:58:25.661	rsi-divergence-rsi USDJPY#,M1: uninit reason 0
0	13:58:25.662	Script rsi-divergence-rsi USDJPY#,M1: removed
0	14:13:54.526	Script rsi-divergence-rsi USDJPY#,H1: loaded successfully
0	14:13:54.549	rsi-divergence-rsi USDJPY#,H1: initialized
0	14:13:54.551	rsi-divergence-rsi USDJPY#,H1: 0
0	14:13:54.551	rsi-divergence-rsi USDJPY#,H1: 0
0	14:13:54.551	rsi-divergence-rsi USDJPY#,H1: This is the last highest RSI:70.1405
0	14:13:54.551	rsi-divergence-rsi USDJPY#,H1: This is the last highest PRICE:144.728
0	14:13:54.551	rsi-divergence-rsi USDJPY#,H1: 0
0	14:13:54.551	rsi-divergence-rsi USDJPY#,H1: 0
0	14:13:54.551	rsi-divergence-rsi USDJPY#,H1: 0
0	14:13:54.551	rsi-divergence-rsi USDJPY#,H1: 0
0	14:13:54.551	rsi-divergence-rsi USDJPY#,H1: 69.2794- is not a new RSI high...
0	14:13:54.551	rsi-divergence-rsi USDJPY#,H1: This is the last highest PRICE:144.753
0	14:13:54.551	rsi-divergence-rsi USDJPY#,H1: 1
0	14:13:54.551	rsi-divergence-rsi USDJPY#,H1: 1
0	14:13:54.551	rsi-divergence-rsi USDJPY#,H1: 1
0	14:13:54.551	rsi-divergence-rsi USDJPY#,H1: 1
0	14:13:54.551	rsi-divergence-rsi USDJPY#,H1: 1
0	14:13:54.551	rsi-divergence-rsi USDJPY#,H1: 1
0	14:13:54.551	rsi-divergence-rsi USDJPY#,H1: 1
0	14:13:54.551	rsi-divergence-rsi USDJPY#,H1: 1
0	14:13:54.551	rsi-divergence-rsi USDJPY#,H1: 1
0	14:13:54.551	rsi-divergence-rsi USDJPY#,H1: 1
0	14:13:54.551	rsi-divergence-rsi USDJPY#,H1: 1
0	14:13:54.551	rsi-divergence-rsi USDJPY#,H1: 1
0	14:13:54.551	rsi-divergence-rsi USDJPY#,H1: 1
0	14:13:54.551	rsi-divergence-rsi USDJPY#,H1: 1
0	14:13:54.551	rsi-divergence-rsi USDJPY#,H1: 1
0	14:13:54.551	rsi-divergence-rsi USDJPY#,H1: 1
0	14:13:54.551	rsi-divergence-rsi USDJPY#,H1: 1
0	14:13:54.551	rsi-divergence-rsi USDJPY#,H1: 1
0	14:13:54.551	rsi-divergence-rsi USDJPY#,H1: 1
0	14:13:54.551	rsi-divergence-rsi USDJPY#,H1: 1
0	14:13:54.551	rsi-divergence-rsi USDJPY#,H1: 1
0	14:13:54.551	rsi-divergence-rsi USDJPY#,H1: 1
0	14:13:54.551	rsi-divergence-rsi USDJPY#,H1: 1
0	14:13:54.551	rsi-divergence-rsi USDJPY#,H1: 1
0	14:13:54.551	rsi-divergence-rsi USDJPY#,H1: 0
0	14:13:54.551	rsi-divergence-rsi USDJPY#,H1: 0
0	14:13:54.551	rsi-divergence-rsi USDJPY#,H1: This is the last highest RSI:58.1711
0	14:13:54.551	rsi-divergence-rsi USDJPY#,H1: This is the last highest PRICE:144.943
0	14:13:54.551	rsi-divergence-rsi USDJPY#,H1: 0
0	14:13:54.551	rsi-divergence-rsi USDJPY#,H1: 0
0	14:13:54.551	rsi-divergence-rsi USDJPY#,H1: 0
0	14:13:54.551	rsi-divergence-rsi USDJPY#,H1: 0
0	14:13:54.551	rsi-divergence-rsi USDJPY#,H1: 0
0	14:13:54.551	rsi-divergence-rsi USDJPY#,H1: This is the last highest RSI:77.8224
0	14:13:54.551	rsi-divergence-rsi USDJPY#,H1: This is the last highest PRICE:145.528
0	14:13:54.551	rsi-divergence-rsi USDJPY#,H1: 0
0	14:13:54.551	rsi-divergence-rsi USDJPY#,H1: 0
0	14:13:54.551	rsi-divergence-rsi USDJPY#,H1: 0
0	14:13:54.551	rsi-divergence-rsi USDJPY#,H1: 0
0	14:13:54.551	rsi-divergence-rsi USDJPY#,H1: 0
0	14:13:54.551	rsi-divergence-rsi USDJPY#,H1: 69.1621- is not a new RSI high...
0	14:13:54.551	rsi-divergence-rsi USDJPY#,H1: 145.499- is not a new PRICE high
0	14:13:54.551	rsi-divergence-rsi USDJPY#,H1: 0
0	14:13:54.551	rsi-divergence-rsi USDJPY#,H1: 0
0	14:13:54.551	rsi-divergence-rsi USDJPY#,H1: 68.8162- is not a new RSI high...
0	14:13:54.551	rsi-divergence-rsi USDJPY#,H1: This is the last highest PRICE:145.542
0	14:13:54.551	rsi-divergence-rsi USDJPY#,H1: 1
0	14:13:54.551	rsi-divergence-rsi USDJPY#,H1: 1
0	14:13:54.551	rsi-divergence-rsi USDJPY#,H1: 1
0	14:13:54.551	rsi-divergence-rsi USDJPY#,H1: 1
0	14:13:54.551	rsi-divergence-rsi USDJPY#,H1: 1
0	14:13:54.551	rsi-divergence-rsi USDJPY#,H1: 1
0	14:13:54.551	rsi-divergence-rsi USDJPY#,H1: 1
0	14:13:54.551	rsi-divergence-rsi USDJPY#,H1: 1
0	14:13:54.551	rsi-divergence-rsi USDJPY#,H1: 1
0	14:13:54.551	rsi-divergence-rsi USDJPY#,H1: 1
0	14:13:54.551	rsi-divergence-rsi USDJPY#,H1: 1
0	14:13:54.551	rsi-divergence-rsi USDJPY#,H1: 1
0	14:13:54.551	rsi-divergence-rsi USDJPY#,H1: 1
0	14:13:54.551	rsi-divergence-rsi USDJPY#,H1: 1
0	14:13:54.551	rsi-divergence-rsi USDJPY#,H1: 1
0	14:13:54.551	rsi-divergence-rsi USDJPY#,H1: 1
0	14:13:54.551	rsi-divergence-rsi USDJPY#,H1: 0
0	14:13:54.551	rsi-divergence-rsi USDJPY#,H1: 0
0	14:13:54.551	rsi-divergence-rsi USDJPY#,H1: This is the last lowest RSI39.2718
0	14:13:54.551	rsi-divergence-rsi USDJPY#,H1: This is the last lowest PRICE:145.132
0	14:13:54.551	rsi-divergence-rsi USDJPY#,H1: 0
0	14:13:54.551	rsi-divergence-rsi USDJPY#,H1: 0
0	14:13:54.551	rsi-divergence-rsi USDJPY#,H1: This is the last highest RSI:55.0991
0	14:13:54.551	rsi-divergence-rsi USDJPY#,H1: This is the last highest PRICE:145.557
0	14:13:54.551	rsi-divergence-rsi USDJPY#,H1: 0
0	14:13:54.551	rsi-divergence-rsi USDJPY#,H1: 0
0	14:13:54.551	rsi-divergence-rsi USDJPY#,H1: This is the last highest RSI:57.851
0	14:13:54.551	rsi-divergence-rsi USDJPY#,H1: This is the last highest PRICE:145.659
0	14:13:54.551	rsi-divergence-rsi USDJPY#,H1: 0
0	14:13:54.551	rsi-divergence-rsi USDJPY#,H1: 0
0	14:13:54.551	rsi-divergence-rsi USDJPY#,H1: 54.2185- is not a new RSI high...
0	14:13:54.551	rsi-divergence-rsi USDJPY#,H1: 145.565- is not a new PRICE high
0	14:13:54.551	rsi-divergence-rsi USDJPY#,H1: 0
0	14:13:54.551	rsi-divergence-rsi USDJPY#,H1: 0
0	14:13:54.551	rsi-divergence-rsi USDJPY#,H1: 0
0	14:13:54.551	rsi-divergence-rsi USDJPY#,H1: 55.9413- is not a new RSI high...
0	14:13:54.551	rsi-divergence-rsi USDJPY#,H1: 145.616- is not a new PRICE high
0	14:13:54.551	rsi-divergence-rsi USDJPY#,H1: 0
0	14:13:54.551	rsi-divergence-rsi USDJPY#,H1: 0
0	14:13:54.551	rsi-divergence-rsi USDJPY#,H1: 0
0	14:13:54.551	rsi-divergence-rsi USDJPY#,H1: 0
0	14:13:54.551	rsi-divergence-rsi USDJPY#,H1: 0
0	14:13:54.551	rsi-divergence-rsi USDJPY#,H1: 0
0	14:13:54.551	rsi-divergence-rsi USDJPY#,H1: 0
0	14:13:54.551	rsi-divergence-rsi USDJPY#,H1: This is the last lowest RSI42.7646
0	14:13:54.551	rsi-divergence-rsi USDJPY#,H1: This is the last lowest PRICE:145.345
0	14:13:54.551	rsi-divergence-rsi USDJPY#,H1: 0
0	14:13:54.551	rsi-divergence-rsi USDJPY#,H1: 0
0	14:13:54.551	rsi-divergence-rsi USDJPY#,H1: 0
0	14:13:54.551	rsi-divergence-rsi USDJPY#,H1: 0
0	14:13:54.551	rsi-divergence-rsi USDJPY#,H1: 0
0	14:13:54.551	rsi-divergence-rsi USDJPY#,H1: 0
0	14:13:54.551	rsi-divergence-rsi USDJPY#,H1: This is the last highest RSI:66.5001
0	14:13:54.551	rsi-divergence-rsi USDJPY#,H1: This is the last highest PRICE:145.861
0	14:13:54.551	rsi-divergence-rsi USDJPY#,H1: 0
0	14:13:54.551	rsi-divergence-rsi USDJPY#,H1: 0
0	14:13:54.551	rsi-divergence-rsi USDJPY#,H1: 0
0	14:13:54.551	rsi-divergence-rsi USDJPY#,H1: 0
0	14:13:54.551	rsi-divergence-rsi USDJPY#,H1: 0
0	14:13:54.551	rsi-divergence-rsi USDJPY#,H1: 0
0	14:13:54.551	rsi-divergence-rsi USDJPY#,H1: 0
0	14:13:54.551	rsi-divergence-rsi USDJPY#,H1: This is the last highest RSI:78.2968
0	14:13:54.551	rsi-divergence-rsi USDJPY#,H1: This is the last highest PRICE:146.34
0	14:13:54.551	rsi-divergence-rsi USDJPY#,H1: 0
0	14:13:54.551	rsi-divergence-rsi USDJPY#,H1: 0
0	14:13:54.551	rsi-divergence-rsi USDJPY#,H1: 0
0	14:13:54.551	rsi-divergence-rsi USDJPY#,H1: 0
0	14:13:54.551	rsi-divergence-rsi USDJPY#,H1: 0
0	14:13:54.551	rsi-divergence-rsi USDJPY#,H1: 0
0	14:13:54.551	rsi-divergence-rsi USDJPY#,H1: 0
0	14:13:54.551	rsi-divergence-rsi USDJPY#,H1: 0
0	14:13:54.551	rsi-divergence-rsi USDJPY#,H1: 76.3498- is not a new RSI high...
0	14:13:54.551	rsi-divergence-rsi USDJPY#,H1: This is the last highest PRICE:146.419
0	14:13:54.551	rsi-divergence-rsi USDJPY#,H1: 1
0	14:13:54.551	rsi-divergence-rsi USDJPY#,H1: 1
0	14:13:54.551	rsi-divergence-rsi USDJPY#,H1: uninit reason 0
0	14:13:54.553	Script rsi-divergence-rsi USDJPY#,H1: removed
0	14:15:39.935	Script rsi-divergence-rsi USDJPY#,H1: loaded successfully
0	14:15:39.950	rsi-divergence-rsi USDJPY#,H1: initialized
0	14:15:39.950	rsi-divergence-rsi USDJPY#,H1: 0
0	14:15:39.950	rsi-divergence-rsi USDJPY#,H1: This is the last highest RSI:70.1405
0	14:15:39.950	rsi-divergence-rsi USDJPY#,H1: This is the last highest PRICE:144.728
0	14:15:39.950	rsi-divergence-rsi USDJPY#,H1: 69.2794- is not a new RSI high...
0	14:15:39.950	rsi-divergence-rsi USDJPY#,H1: This is the last highest PRICE:144.753
0	14:15:39.950	rsi-divergence-rsi USDJPY#,H1: This is the last highest RSI:58.1711
0	14:15:39.950	rsi-divergence-rsi USDJPY#,H1: This is the last highest PRICE:144.943
0	14:15:39.950	rsi-divergence-rsi USDJPY#,H1: This is the last highest RSI:77.8224
0	14:15:39.950	rsi-divergence-rsi USDJPY#,H1: This is the last highest PRICE:145.528
0	14:15:39.950	rsi-divergence-rsi USDJPY#,H1: 69.1621- is not a new RSI high...
0	14:15:39.950	rsi-divergence-rsi USDJPY#,H1: 145.499- is not a new PRICE high
0	14:15:39.950	rsi-divergence-rsi USDJPY#,H1: 68.8162- is not a new RSI high...
0	14:15:39.950	rsi-divergence-rsi USDJPY#,H1: This is the last highest PRICE:145.542
0	14:15:39.950	rsi-divergence-rsi USDJPY#,H1: This is the last lowest RSI39.2718
0	14:15:39.950	rsi-divergence-rsi USDJPY#,H1: This is the last lowest PRICE:145.132
0	14:15:39.950	rsi-divergence-rsi USDJPY#,H1: This is the last highest RSI:55.0991
0	14:15:39.950	rsi-divergence-rsi USDJPY#,H1: This is the last highest PRICE:145.557
0	14:15:39.950	rsi-divergence-rsi USDJPY#,H1: This is the last highest RSI:57.851
0	14:15:39.950	rsi-divergence-rsi USDJPY#,H1: This is the last highest PRICE:145.659
0	14:15:39.950	rsi-divergence-rsi USDJPY#,H1: 54.2185- is not a new RSI high...
0	14:15:39.950	rsi-divergence-rsi USDJPY#,H1: 145.565- is not a new PRICE high
0	14:15:39.950	rsi-divergence-rsi USDJPY#,H1: 55.9413- is not a new RSI high...
0	14:15:39.950	rsi-divergence-rsi USDJPY#,H1: 145.616- is not a new PRICE high
0	14:15:39.950	rsi-divergence-rsi USDJPY#,H1: This is the last lowest RSI42.7646
0	14:15:39.950	rsi-divergence-rsi USDJPY#,H1: This is the last lowest PRICE:145.345
0	14:15:39.950	rsi-divergence-rsi USDJPY#,H1: This is the last highest RSI:66.5001
0	14:15:39.950	rsi-divergence-rsi USDJPY#,H1: This is the last highest PRICE:145.861
0	14:15:39.950	rsi-divergence-rsi USDJPY#,H1: This is the last highest RSI:78.2968
0	14:15:39.950	rsi-divergence-rsi USDJPY#,H1: This is the last highest PRICE:146.34
0	14:15:39.950	rsi-divergence-rsi USDJPY#,H1: 76.3498- is not a new RSI high...
0	14:15:39.950	rsi-divergence-rsi USDJPY#,H1: This is the last highest PRICE:146.419
0	14:15:39.950	rsi-divergence-rsi USDJPY#,H1: uninit reason 0
0	14:15:39.952	Script rsi-divergence-rsi USDJPY#,H1: removed
0	14:16:25.048	Script rsi-divergence-rsi USDJPY#,H1: loaded successfully
0	14:16:25.063	rsi-divergence-rsi USDJPY#,H1: initialized
0	14:16:25.063	rsi-divergence-rsi USDJPY#,H1: 0
0	14:16:25.063	rsi-divergence-rsi USDJPY#,H1: 0
0	14:16:25.063	rsi-divergence-rsi USDJPY#,H1: 0
0	14:16:25.063	rsi-divergence-rsi USDJPY#,H1: This is the last highest RSI:70.1405
0	14:16:25.063	rsi-divergence-rsi USDJPY#,H1: This is the last highest PRICE:144.728
0	14:16:25.063	rsi-divergence-rsi USDJPY#,H1: 0
0	14:16:25.063	rsi-divergence-rsi USDJPY#,H1: 0
0	14:16:25.064	rsi-divergence-rsi USDJPY#,H1: 0
0	14:16:25.064	rsi-divergence-rsi USDJPY#,H1: 0
0	14:16:25.064	rsi-divergence-rsi USDJPY#,H1: 69.2794- is not a new RSI high...
0	14:16:25.064	rsi-divergence-rsi USDJPY#,H1: This is the last highest PRICE:144.753
0	14:16:25.064	rsi-divergence-rsi USDJPY#,H1: 1
0	14:16:25.064	rsi-divergence-rsi USDJPY#,H1: 1
0	14:16:25.064	rsi-divergence-rsi USDJPY#,H1: 1
0	14:16:25.064	rsi-divergence-rsi USDJPY#,H1: 1
0	14:16:25.064	rsi-divergence-rsi USDJPY#,H1: 1
0	14:16:25.064	rsi-divergence-rsi USDJPY#,H1: 1
0	14:16:25.064	rsi-divergence-rsi USDJPY#,H1: 1
0	14:16:25.064	rsi-divergence-rsi USDJPY#,H1: 1
0	14:16:25.064	rsi-divergence-rsi USDJPY#,H1: 1
0	14:16:25.064	rsi-divergence-rsi USDJPY#,H1: 1
0	14:16:25.064	rsi-divergence-rsi USDJPY#,H1: 1
0	14:16:25.064	rsi-divergence-rsi USDJPY#,H1: 1
0	14:16:25.064	rsi-divergence-rsi USDJPY#,H1: 1
0	14:16:25.064	rsi-divergence-rsi USDJPY#,H1: 1
0	14:16:25.064	rsi-divergence-rsi USDJPY#,H1: 1
0	14:16:25.064	rsi-divergence-rsi USDJPY#,H1: 1
0	14:16:25.064	rsi-divergence-rsi USDJPY#,H1: 1
0	14:16:25.064	rsi-divergence-rsi USDJPY#,H1: 1
0	14:16:25.064	rsi-divergence-rsi USDJPY#,H1: 1
0	14:16:25.064	rsi-divergence-rsi USDJPY#,H1: 1
0	14:16:25.064	rsi-divergence-rsi USDJPY#,H1: 1
0	14:16:25.064	rsi-divergence-rsi USDJPY#,H1: 1
0	14:16:25.064	rsi-divergence-rsi USDJPY#,H1: 1
0	14:16:25.064	rsi-divergence-rsi USDJPY#,H1: 1
0	14:16:25.064	rsi-divergence-rsi USDJPY#,H1: 0
0	14:16:25.064	rsi-divergence-rsi USDJPY#,H1: 0
0	14:16:25.064	rsi-divergence-rsi USDJPY#,H1: This is the last highest RSI:58.1711
0	14:16:25.064	rsi-divergence-rsi USDJPY#,H1: This is the last highest PRICE:144.943
0	14:16:25.064	rsi-divergence-rsi USDJPY#,H1: 0
0	14:16:25.064	rsi-divergence-rsi USDJPY#,H1: 0
0	14:16:25.064	rsi-divergence-rsi USDJPY#,H1: 0
0	14:16:25.064	rsi-divergence-rsi USDJPY#,H1: 0
0	14:16:25.064	rsi-divergence-rsi USDJPY#,H1: 0
0	14:16:25.064	rsi-divergence-rsi USDJPY#,H1: This is the last highest RSI:77.8224
0	14:16:25.064	rsi-divergence-rsi USDJPY#,H1: This is the last highest PRICE:145.528
0	14:16:25.064	rsi-divergence-rsi USDJPY#,H1: 0
0	14:16:25.064	rsi-divergence-rsi USDJPY#,H1: 0
0	14:16:25.064	rsi-divergence-rsi USDJPY#,H1: 0
0	14:16:25.064	rsi-divergence-rsi USDJPY#,H1: 0
0	14:16:25.064	rsi-divergence-rsi USDJPY#,H1: 0
0	14:16:25.064	rsi-divergence-rsi USDJPY#,H1: 69.1621- is not a new RSI high...
0	14:16:25.064	rsi-divergence-rsi USDJPY#,H1: 145.499- is not a new PRICE high
0	14:16:25.064	rsi-divergence-rsi USDJPY#,H1: 0
0	14:16:25.064	rsi-divergence-rsi USDJPY#,H1: 0
0	14:16:25.064	rsi-divergence-rsi USDJPY#,H1: 68.8162- is not a new RSI high...
0	14:16:25.064	rsi-divergence-rsi USDJPY#,H1: This is the last highest PRICE:145.542
0	14:16:25.064	rsi-divergence-rsi USDJPY#,H1: 1
0	14:16:25.064	rsi-divergence-rsi USDJPY#,H1: 1
0	14:16:25.064	rsi-divergence-rsi USDJPY#,H1: 1
0	14:16:25.064	rsi-divergence-rsi USDJPY#,H1: 1
0	14:16:25.064	rsi-divergence-rsi USDJPY#,H1: 1
0	14:16:25.064	rsi-divergence-rsi USDJPY#,H1: 1
0	14:16:25.064	rsi-divergence-rsi USDJPY#,H1: 1
0	14:16:25.064	rsi-divergence-rsi USDJPY#,H1: 1
0	14:16:25.064	rsi-divergence-rsi USDJPY#,H1: 1
0	14:16:25.064	rsi-divergence-rsi USDJPY#,H1: 1
0	14:16:25.064	rsi-divergence-rsi USDJPY#,H1: 1
0	14:16:25.064	rsi-divergence-rsi USDJPY#,H1: 1
0	14:16:25.064	rsi-divergence-rsi USDJPY#,H1: 1
0	14:16:25.064	rsi-divergence-rsi USDJPY#,H1: 1
0	14:16:25.064	rsi-divergence-rsi USDJPY#,H1: 1
0	14:16:25.064	rsi-divergence-rsi USDJPY#,H1: 1
0	14:16:25.064	rsi-divergence-rsi USDJPY#,H1: 0
0	14:16:25.064	rsi-divergence-rsi USDJPY#,H1: 0
0	14:16:25.064	rsi-divergence-rsi USDJPY#,H1: This is the last lowest RSI39.2718
0	14:16:25.064	rsi-divergence-rsi USDJPY#,H1: This is the last lowest PRICE:145.132
0	14:16:25.064	rsi-divergence-rsi USDJPY#,H1: 0
0	14:16:25.064	rsi-divergence-rsi USDJPY#,H1: 0
0	14:16:25.064	rsi-divergence-rsi USDJPY#,H1: This is the last highest RSI:55.0991
0	14:16:25.064	rsi-divergence-rsi USDJPY#,H1: This is the last highest PRICE:145.557
0	14:16:25.064	rsi-divergence-rsi USDJPY#,H1: 0
0	14:16:25.064	rsi-divergence-rsi USDJPY#,H1: 0
0	14:16:25.064	rsi-divergence-rsi USDJPY#,H1: This is the last highest RSI:57.851
0	14:16:25.064	rsi-divergence-rsi USDJPY#,H1: This is the last highest PRICE:145.659
0	14:16:25.064	rsi-divergence-rsi USDJPY#,H1: 0
0	14:16:25.064	rsi-divergence-rsi USDJPY#,H1: 0
0	14:16:25.064	rsi-divergence-rsi USDJPY#,H1: 54.2185- is not a new RSI high...
0	14:16:25.064	rsi-divergence-rsi USDJPY#,H1: 145.565- is not a new PRICE high
0	14:16:25.064	rsi-divergence-rsi USDJPY#,H1: 0
0	14:16:25.064	rsi-divergence-rsi USDJPY#,H1: 0
0	14:16:25.064	rsi-divergence-rsi USDJPY#,H1: 0
0	14:16:25.064	rsi-divergence-rsi USDJPY#,H1: 55.9413- is not a new RSI high...
0	14:16:25.064	rsi-divergence-rsi USDJPY#,H1: 145.616- is not a new PRICE high
0	14:16:25.064	rsi-divergence-rsi USDJPY#,H1: 0
0	14:16:25.064	rsi-divergence-rsi USDJPY#,H1: 0
0	14:16:25.064	rsi-divergence-rsi USDJPY#,H1: 0
0	14:16:25.064	rsi-divergence-rsi USDJPY#,H1: 0
0	14:16:25.064	rsi-divergence-rsi USDJPY#,H1: 0
0	14:16:25.064	rsi-divergence-rsi USDJPY#,H1: 0
0	14:16:25.064	rsi-divergence-rsi USDJPY#,H1: 0
0	14:16:25.064	rsi-divergence-rsi USDJPY#,H1: This is the last lowest RSI42.7646
0	14:16:25.064	rsi-divergence-rsi USDJPY#,H1: This is the last lowest PRICE:145.345
0	14:16:25.064	rsi-divergence-rsi USDJPY#,H1: 0
0	14:16:25.064	rsi-divergence-rsi USDJPY#,H1: 0
0	14:16:25.064	rsi-divergence-rsi USDJPY#,H1: 0
0	14:16:25.064	rsi-divergence-rsi USDJPY#,H1: 0
0	14:16:25.064	rsi-divergence-rsi USDJPY#,H1: 0
0	14:16:25.064	rsi-divergence-rsi USDJPY#,H1: 0
0	14:16:25.064	rsi-divergence-rsi USDJPY#,H1: This is the last highest RSI:66.5001
0	14:16:25.064	rsi-divergence-rsi USDJPY#,H1: This is the last highest PRICE:145.861
0	14:16:25.064	rsi-divergence-rsi USDJPY#,H1: 0
0	14:16:25.064	rsi-divergence-rsi USDJPY#,H1: 0
0	14:16:25.064	rsi-divergence-rsi USDJPY#,H1: 0
0	14:16:25.064	rsi-divergence-rsi USDJPY#,H1: 0
0	14:16:25.064	rsi-divergence-rsi USDJPY#,H1: 0
0	14:16:25.064	rsi-divergence-rsi USDJPY#,H1: 0
0	14:16:25.064	rsi-divergence-rsi USDJPY#,H1: 0
0	14:16:25.064	rsi-divergence-rsi USDJPY#,H1: This is the last highest RSI:78.2968
0	14:16:25.064	rsi-divergence-rsi USDJPY#,H1: This is the last highest PRICE:146.34
0	14:16:25.064	rsi-divergence-rsi USDJPY#,H1: 0
0	14:16:25.064	rsi-divergence-rsi USDJPY#,H1: 0
0	14:16:25.064	rsi-divergence-rsi USDJPY#,H1: 0
0	14:16:25.064	rsi-divergence-rsi USDJPY#,H1: 0
0	14:16:25.064	rsi-divergence-rsi USDJPY#,H1: 0
0	14:16:25.064	rsi-divergence-rsi USDJPY#,H1: 0
0	14:16:25.064	rsi-divergence-rsi USDJPY#,H1: 0
0	14:16:25.064	rsi-divergence-rsi USDJPY#,H1: 0
0	14:16:25.064	rsi-divergence-rsi USDJPY#,H1: 76.3498- is not a new RSI high...
0	14:16:25.064	rsi-divergence-rsi USDJPY#,H1: This is the last highest PRICE:146.419
0	14:16:25.064	rsi-divergence-rsi USDJPY#,H1: 1
0	14:16:25.064	rsi-divergence-rsi USDJPY#,H1: uninit reason 0
0	14:16:25.065	Script rsi-divergence-rsi USDJPY#,H1: removed
0	14:17:21.032	Script rsi-divergence-rsi USDJPY#,H1: loaded successfully
0	14:17:21.055	rsi-divergence-rsi USDJPY#,H1: initialized
0	14:17:21.055	rsi-divergence-rsi USDJPY#,H1: This is the last highest RSI:70.1405
0	14:17:21.055	rsi-divergence-rsi USDJPY#,H1: This is the last highest PRICE:144.728
0	14:17:21.055	rsi-divergence-rsi USDJPY#,H1: 69.2794- is not a new RSI high...
0	14:17:21.055	rsi-divergence-rsi USDJPY#,H1: This is the last highest PRICE:144.753
0	14:17:21.055	rsi-divergence-rsi USDJPY#,H1: This is the last highest RSI:58.1711
0	14:17:21.055	rsi-divergence-rsi USDJPY#,H1: This is the last highest PRICE:144.943
0	14:17:21.055	rsi-divergence-rsi USDJPY#,H1: This is the last highest RSI:77.8224
0	14:17:21.055	rsi-divergence-rsi USDJPY#,H1: This is the last highest PRICE:145.528
0	14:17:21.055	rsi-divergence-rsi USDJPY#,H1: 69.1621- is not a new RSI high...
0	14:17:21.055	rsi-divergence-rsi USDJPY#,H1: 145.499- is not a new PRICE high
0	14:17:21.055	rsi-divergence-rsi USDJPY#,H1: 68.8162- is not a new RSI high...
0	14:17:21.055	rsi-divergence-rsi USDJPY#,H1: This is the last highest PRICE:145.542
0	14:17:21.055	rsi-divergence-rsi USDJPY#,H1: This is the last lowest RSI39.2718
0	14:17:21.055	rsi-divergence-rsi USDJPY#,H1: This is the last lowest PRICE:145.132
0	14:17:21.055	rsi-divergence-rsi USDJPY#,H1: This is the last highest RSI:55.0991
0	14:17:21.055	rsi-divergence-rsi USDJPY#,H1: This is the last highest PRICE:145.557
0	14:17:21.055	rsi-divergence-rsi USDJPY#,H1: This is the last highest RSI:57.851
0	14:17:21.055	rsi-divergence-rsi USDJPY#,H1: This is the last highest PRICE:145.659
0	14:17:21.055	rsi-divergence-rsi USDJPY#,H1: 54.2185- is not a new RSI high...
0	14:17:21.055	rsi-divergence-rsi USDJPY#,H1: 145.565- is not a new PRICE high
0	14:17:21.055	rsi-divergence-rsi USDJPY#,H1: 55.9413- is not a new RSI high...
0	14:17:21.055	rsi-divergence-rsi USDJPY#,H1: 145.616- is not a new PRICE high
0	14:17:21.056	rsi-divergence-rsi USDJPY#,H1: This is the last lowest RSI42.7646
0	14:17:21.056	rsi-divergence-rsi USDJPY#,H1: This is the last lowest PRICE:145.345
0	14:17:21.056	rsi-divergence-rsi USDJPY#,H1: This is the last highest RSI:66.5001
0	14:17:21.056	rsi-divergence-rsi USDJPY#,H1: This is the last highest PRICE:145.861
0	14:17:21.056	rsi-divergence-rsi USDJPY#,H1: This is the last highest RSI:78.2968
0	14:17:21.056	rsi-divergence-rsi USDJPY#,H1: This is the last highest PRICE:146.34
0	14:17:21.056	rsi-divergence-rsi USDJPY#,H1: 76.3498- is not a new RSI high...
0	14:17:21.056	rsi-divergence-rsi USDJPY#,H1: This is the last highest PRICE:146.419
0	14:17:21.056	rsi-divergence-rsi USDJPY#,H1: 1
0	14:17:21.056	rsi-divergence-rsi USDJPY#,H1: uninit reason 0
0	14:17:21.057	Script rsi-divergence-rsi USDJPY#,H1: removed
0	14:31:57.948	Script rsi-divergence-rsi USDJPY#,H1: loaded successfully
0	14:31:57.968	rsi-divergence-rsi USDJPY#,H1: initialized
0	14:31:57.969	rsi-divergence-rsi USDJPY#,H1: This is the last highest RSI:70.1405
0	14:31:57.969	rsi-divergence-rsi USDJPY#,H1: This is the last highest PRICE:144.728
0	14:31:57.969	rsi-divergence-rsi USDJPY#,H1: 69.2794- is not a new RSI high...
0	14:31:57.969	rsi-divergence-rsi USDJPY#,H1: This is the last highest PRICE:144.753
0	14:31:57.969	rsi-divergence-rsi USDJPY#,H1: This is the last highest RSI:58.1711
0	14:31:57.969	rsi-divergence-rsi USDJPY#,H1: This is the last highest PRICE:144.943
0	14:31:57.969	rsi-divergence-rsi USDJPY#,H1: This is the last highest RSI:77.8224
0	14:31:57.969	rsi-divergence-rsi USDJPY#,H1: This is the last highest PRICE:145.528
0	14:31:57.969	rsi-divergence-rsi USDJPY#,H1: 69.1621- is not a new RSI high...
0	14:31:57.969	rsi-divergence-rsi USDJPY#,H1: 145.499- is not a new PRICE high
0	14:31:57.969	rsi-divergence-rsi USDJPY#,H1: 68.8162- is not a new RSI high...
0	14:31:57.969	rsi-divergence-rsi USDJPY#,H1: This is the last highest PRICE:145.542
0	14:31:57.969	rsi-divergence-rsi USDJPY#,H1: This is the last lowest RSI39.2718
0	14:31:57.969	rsi-divergence-rsi USDJPY#,H1: This is the last lowest PRICE:145.132
0	14:31:57.969	rsi-divergence-rsi USDJPY#,H1: This is the last highest RSI:55.0991
0	14:31:57.969	rsi-divergence-rsi USDJPY#,H1: This is the last highest PRICE:145.557
0	14:31:57.969	rsi-divergence-rsi USDJPY#,H1: This is the last highest RSI:57.851
0	14:31:57.969	rsi-divergence-rsi USDJPY#,H1: This is the last highest PRICE:145.659
0	14:31:57.969	rsi-divergence-rsi USDJPY#,H1: 54.2185- is not a new RSI high...
0	14:31:57.969	rsi-divergence-rsi USDJPY#,H1: 145.565- is not a new PRICE high
0	14:31:57.969	rsi-divergence-rsi USDJPY#,H1: 55.9413- is not a new RSI high...
0	14:31:57.969	rsi-divergence-rsi USDJPY#,H1: 145.616- is not a new PRICE high
0	14:31:57.969	rsi-divergence-rsi USDJPY#,H1: This is the last lowest RSI42.7646
0	14:31:57.969	rsi-divergence-rsi USDJPY#,H1: This is the last lowest PRICE:145.345
0	14:31:57.969	rsi-divergence-rsi USDJPY#,H1: This is the last highest RSI:66.5001
0	14:31:57.969	rsi-divergence-rsi USDJPY#,H1: This is the last highest PRICE:145.861
0	14:31:57.969	rsi-divergence-rsi USDJPY#,H1: This is the last highest RSI:78.2968
0	14:31:57.969	rsi-divergence-rsi USDJPY#,H1: This is the last highest PRICE:146.34
0	14:31:57.969	rsi-divergence-rsi USDJPY#,H1: 76.3498- is not a new RSI high...
0	14:31:57.969	rsi-divergence-rsi USDJPY#,H1: This is the last highest PRICE:146.419
0	14:31:57.969	rsi-divergence-rsi USDJPY#,H1: 1
0	14:31:57.969	rsi-divergence-rsi USDJPY#,H1: uninit reason 0
0	14:31:57.973	Script rsi-divergence-rsi USDJPY#,H1: removed
0	15:48:59.027	Script rsi-divergence-rsi USDJPY#,H1: loaded successfully
0	15:48:59.052	rsi-divergence-rsi USDJPY#,H1: initialized
0	15:48:59.052	rsi-divergence-rsi USDJPY#,H1: This is the last highest RSI:69.2794
0	15:48:59.052	rsi-divergence-rsi USDJPY#,H1: This is the last highest PRICE:144.753
0	15:48:59.052	rsi-divergence-rsi USDJPY#,H1: 58.3087- is not a new RSI high...
0	15:48:59.052	rsi-divergence-rsi USDJPY#,H1: 144.6- is not a new PRICE high
0	15:48:59.052	rsi-divergence-rsi USDJPY#,H1: 64.0374- is not a new RSI high...
0	15:48:59.052	rsi-divergence-rsi USDJPY#,H1: This is the last highest PRICE:144.79
0	15:48:59.052	rsi-divergence-rsi USDJPY#,H1: This is the last highest RSI:58.1711
0	15:48:59.052	rsi-divergence-rsi USDJPY#,H1: This is the last highest PRICE:144.943
0	15:48:59.052	rsi-divergence-rsi USDJPY#,H1: This is the last highest RSI:77.8224
0	15:48:59.052	rsi-divergence-rsi USDJPY#,H1: This is the last highest PRICE:145.528
0	15:48:59.052	rsi-divergence-rsi USDJPY#,H1: 69.1621- is not a new RSI high...
0	15:48:59.052	rsi-divergence-rsi USDJPY#,H1: 145.499- is not a new PRICE high
0	15:48:59.052	rsi-divergence-rsi USDJPY#,H1: 68.8162- is not a new RSI high...
0	15:48:59.052	rsi-divergence-rsi USDJPY#,H1: This is the last highest PRICE:145.542
0	15:48:59.052	rsi-divergence-rsi USDJPY#,H1: This is the last lowest RSI39.2718
0	15:48:59.052	rsi-divergence-rsi USDJPY#,H1: This is the last lowest PRICE:145.132
0	15:48:59.052	rsi-divergence-rsi USDJPY#,H1: This is the last highest RSI:55.0991
0	15:48:59.052	rsi-divergence-rsi USDJPY#,H1: This is the last highest PRICE:145.557
0	15:48:59.052	rsi-divergence-rsi USDJPY#,H1: This is the last highest RSI:57.851
0	15:48:59.052	rsi-divergence-rsi USDJPY#,H1: This is the last highest PRICE:145.659
0	15:48:59.052	rsi-divergence-rsi USDJPY#,H1: 54.2185- is not a new RSI high...
0	15:48:59.052	rsi-divergence-rsi USDJPY#,H1: 145.565- is not a new PRICE high
0	15:48:59.052	rsi-divergence-rsi USDJPY#,H1: 55.9413- is not a new RSI high...
0	15:48:59.052	rsi-divergence-rsi USDJPY#,H1: 145.616- is not a new PRICE high
0	15:48:59.052	rsi-divergence-rsi USDJPY#,H1: This is the last lowest RSI42.7646
0	15:48:59.052	rsi-divergence-rsi USDJPY#,H1: This is the last lowest PRICE:145.345
0	15:48:59.052	rsi-divergence-rsi USDJPY#,H1: This is the last highest RSI:66.5001
0	15:48:59.052	rsi-divergence-rsi USDJPY#,H1: This is the last highest PRICE:145.861
0	15:48:59.052	rsi-divergence-rsi USDJPY#,H1: This is the last highest RSI:78.2968
0	15:48:59.052	rsi-divergence-rsi USDJPY#,H1: This is the last highest PRICE:146.34
0	15:48:59.052	rsi-divergence-rsi USDJPY#,H1: 76.3498- is not a new RSI high...
0	15:48:59.052	rsi-divergence-rsi USDJPY#,H1: This is the last highest PRICE:146.419
0	15:48:59.052	rsi-divergence-rsi USDJPY#,H1: 1
0	15:48:59.052	rsi-divergence-rsi USDJPY#,H1: uninit reason 0
0	15:48:59.054	Script rsi-divergence-rsi USDJPY#,H1: removed
0	15:49:39.795	Script rsi-divergence-rsi USDJPY#,H1: loaded successfully
0	15:49:39.817	rsi-divergence-rsi USDJPY#,H1: initialized
0	15:49:39.817	rsi-divergence-rsi USDJPY#,H1: This is the last highest RSI:69.2794
0	15:49:39.817	rsi-divergence-rsi USDJPY#,H1: This is the last highest PRICE:144.753
0	15:49:39.817	rsi-divergence-rsi USDJPY#,H1: 58.3087- is not a new RSI high...
0	15:49:39.817	rsi-divergence-rsi USDJPY#,H1: 144.6- is not a new PRICE high
0	15:49:39.817	rsi-divergence-rsi USDJPY#,H1: 64.0374- is not a new RSI high...
0	15:49:39.817	rsi-divergence-rsi USDJPY#,H1: This is the last highest PRICE:144.79
0	15:49:39.817	rsi-divergence-rsi USDJPY#,H1: This is the last highest RSI:58.1711
0	15:49:39.817	rsi-divergence-rsi USDJPY#,H1: This is the last highest PRICE:144.943
0	15:49:39.817	rsi-divergence-rsi USDJPY#,H1: This is the last highest RSI:77.8224
0	15:49:39.817	rsi-divergence-rsi USDJPY#,H1: This is the last highest PRICE:145.528
0	15:49:39.817	rsi-divergence-rsi USDJPY#,H1: 69.1621- is not a new RSI high...
0	15:49:39.817	rsi-divergence-rsi USDJPY#,H1: 145.499- is not a new PRICE high
0	15:49:39.817	rsi-divergence-rsi USDJPY#,H1: 68.8162- is not a new RSI high...
0	15:49:39.817	rsi-divergence-rsi USDJPY#,H1: This is the last highest PRICE:145.542
0	15:49:39.817	rsi-divergence-rsi USDJPY#,H1: This is the last lowest RSI39.2718
0	15:49:39.817	rsi-divergence-rsi USDJPY#,H1: This is the last lowest PRICE:145.132
0	15:49:39.817	rsi-divergence-rsi USDJPY#,H1: This is the last highest RSI:55.0991
0	15:49:39.817	rsi-divergence-rsi USDJPY#,H1: This is the last highest PRICE:145.557
0	15:49:39.817	rsi-divergence-rsi USDJPY#,H1: This is the last highest RSI:57.851
0	15:49:39.817	rsi-divergence-rsi USDJPY#,H1: This is the last highest PRICE:145.659
0	15:49:39.817	rsi-divergence-rsi USDJPY#,H1: 54.2185- is not a new RSI high...
0	15:49:39.817	rsi-divergence-rsi USDJPY#,H1: 145.565- is not a new PRICE high
0	15:49:39.817	rsi-divergence-rsi USDJPY#,H1: 55.9413- is not a new RSI high...
0	15:49:39.817	rsi-divergence-rsi USDJPY#,H1: 145.616- is not a new PRICE high
0	15:49:39.817	rsi-divergence-rsi USDJPY#,H1: This is the last lowest RSI42.7646
0	15:49:39.817	rsi-divergence-rsi USDJPY#,H1: This is the last lowest PRICE:145.345
0	15:49:39.817	rsi-divergence-rsi USDJPY#,H1: This is the last highest RSI:66.5001
0	15:49:39.817	rsi-divergence-rsi USDJPY#,H1: This is the last highest PRICE:145.861
0	15:49:39.817	rsi-divergence-rsi USDJPY#,H1: This is the last highest RSI:78.2968
0	15:49:39.817	rsi-divergence-rsi USDJPY#,H1: This is the last highest PRICE:146.34
0	15:49:39.817	rsi-divergence-rsi USDJPY#,H1: 76.3498- is not a new RSI high...
0	15:49:39.817	rsi-divergence-rsi USDJPY#,H1: This is the last highest PRICE:146.419
0	15:49:39.817	rsi-divergence-rsi USDJPY#,H1: 1
0	15:49:39.817	rsi-divergence-rsi USDJPY#,H1: uninit reason 0
0	15:49:39.819	Script rsi-divergence-rsi USDJPY#,H1: removed
0	15:49:49.167	Script rsi-divergence-rsi USDJPY#,H1: loaded successfully
0	15:49:49.185	rsi-divergence-rsi USDJPY#,H1: initialized
0	15:49:49.185	rsi-divergence-rsi USDJPY#,H1: This is the last highest RSI:69.2794
0	15:49:49.185	rsi-divergence-rsi USDJPY#,H1: This is the last highest PRICE:144.753
0	15:49:49.185	rsi-divergence-rsi USDJPY#,H1: 58.3087- is not a new RSI high...
0	15:49:49.185	rsi-divergence-rsi USDJPY#,H1: 144.6- is not a new PRICE high
0	15:49:49.185	rsi-divergence-rsi USDJPY#,H1: 64.0374- is not a new RSI high...
0	15:49:49.185	rsi-divergence-rsi USDJPY#,H1: This is the last highest PRICE:144.79
0	15:49:49.185	rsi-divergence-rsi USDJPY#,H1: This is the last highest RSI:58.1711
0	15:49:49.185	rsi-divergence-rsi USDJPY#,H1: This is the last highest PRICE:144.943
0	15:49:49.185	rsi-divergence-rsi USDJPY#,H1: This is the last highest RSI:77.8224
0	15:49:49.185	rsi-divergence-rsi USDJPY#,H1: This is the last highest PRICE:145.528
0	15:49:49.185	rsi-divergence-rsi USDJPY#,H1: 69.1621- is not a new RSI high...
0	15:49:49.185	rsi-divergence-rsi USDJPY#,H1: 145.499- is not a new PRICE high
0	15:49:49.185	rsi-divergence-rsi USDJPY#,H1: 68.8162- is not a new RSI high...
0	15:49:49.185	rsi-divergence-rsi USDJPY#,H1: This is the last highest PRICE:145.542
0	15:49:49.185	rsi-divergence-rsi USDJPY#,H1: This is the last lowest RSI39.2718
0	15:49:49.185	rsi-divergence-rsi USDJPY#,H1: This is the last lowest PRICE:145.132
0	15:49:49.185	rsi-divergence-rsi USDJPY#,H1: This is the last highest RSI:55.0991
0	15:49:49.185	rsi-divergence-rsi USDJPY#,H1: This is the last highest PRICE:145.557
0	15:49:49.185	rsi-divergence-rsi USDJPY#,H1: This is the last highest RSI:57.851
0	15:49:49.185	rsi-divergence-rsi USDJPY#,H1: This is the last highest PRICE:145.659
0	15:49:49.185	rsi-divergence-rsi USDJPY#,H1: 54.2185- is not a new RSI high...
0	15:49:49.185	rsi-divergence-rsi USDJPY#,H1: 145.565- is not a new PRICE high
0	15:49:49.185	rsi-divergence-rsi USDJPY#,H1: 55.9413- is not a new RSI high...
0	15:49:49.185	rsi-divergence-rsi USDJPY#,H1: 145.616- is not a new PRICE high
0	15:49:49.185	rsi-divergence-rsi USDJPY#,H1: This is the last lowest RSI42.7646
0	15:49:49.185	rsi-divergence-rsi USDJPY#,H1: This is the last lowest PRICE:145.345
0	15:49:49.186	rsi-divergence-rsi USDJPY#,H1: This is the last highest RSI:66.5001
0	15:49:49.186	rsi-divergence-rsi USDJPY#,H1: This is the last highest PRICE:145.861
0	15:49:49.186	rsi-divergence-rsi USDJPY#,H1: This is the last highest RSI:78.2968
0	15:49:49.186	rsi-divergence-rsi USDJPY#,H1: This is the last highest PRICE:146.34
0	15:49:49.186	rsi-divergence-rsi USDJPY#,H1: 76.3498- is not a new RSI high...
0	15:49:49.186	rsi-divergence-rsi USDJPY#,H1: This is the last highest PRICE:146.419
0	15:49:49.186	rsi-divergence-rsi USDJPY#,H1: 1
0	15:49:49.186	rsi-divergence-rsi USDJPY#,H1: uninit reason 0
0	15:49:49.187	Script rsi-divergence-rsi USDJPY#,H1: removed
0	16:16:09.414	Compiling 'rsi-divergence-rsi'
0	16:16:09.414	Compiling 'rsi-divergence-rsi-cleaning-attempt'
